Using pre-set license
Built from '2021.3/staging' branch; Version is '2021.3.11f1 (0a5ca18544bf) revision 679073'; Using compiler version '192829333'; Build Type 'Release'
OS: 'Windows 11  (10.0.22621) 64bit Core' Language: 'en' Physical Memory: 32429 MB
BatchMode: 1, IsHumanControllingUs: 0, StartBugReporterOnCrash: 0, Is64bit: 1, IsPro: 1

COMMAND LINE ARGUMENTS:
C:\Program Files\Unity\Hub\Editor\2021.3.11f1\Editor\Unity.exe
-adb2
-batchMode
-noUpm
-name
AssetImportWorker15
-projectPath
C:/Users/kylef/Documents/Github/Games/BBQ Blast
-logFile
Logs/AssetImportWorker15.log
-srvPort
64499
Successfully changed project path to: C:/Users/kylef/Documents/Github/Games/BBQ Blast
C:/Users/kylef/Documents/Github/Games/BBQ Blast
[UnityMemory] Configuration Parameters - Can be set up in boot.config
    "memorysetup-bucket-allocator-granularity=16"
    "memorysetup-bucket-allocator-bucket-count=8"
    "memorysetup-bucket-allocator-block-size=33554432"
    "memorysetup-bucket-allocator-block-count=8"
    "memorysetup-main-allocator-block-size=16777216"
    "memorysetup-thread-allocator-block-size=16777216"
    "memorysetup-gfx-main-allocator-block-size=16777216"
    "memorysetup-gfx-thread-allocator-block-size=16777216"
    "memorysetup-cache-allocator-block-size=4194304"
    "memorysetup-typetree-allocator-block-size=2097152"
    "memorysetup-profiler-bucket-allocator-granularity=16"
    "memorysetup-profiler-bucket-allocator-bucket-count=8"
    "memorysetup-profiler-bucket-allocator-block-size=33554432"
    "memorysetup-profiler-bucket-allocator-block-count=8"
    "memorysetup-profiler-allocator-block-size=16777216"
    "memorysetup-profiler-editor-allocator-block-size=1048576"
    "memorysetup-temp-allocator-size-main=16777216"
    "memorysetup-job-temp-allocator-block-size=2097152"
    "memorysetup-job-temp-allocator-block-size-background=1048576"
    "memorysetup-job-temp-allocator-reduction-small-platforms=262144"
    "memorysetup-temp-allocator-size-background-worker=32768"
    "memorysetup-temp-allocator-size-job-worker=262144"
    "memorysetup-temp-allocator-size-preload-manager=33554432"
    "memorysetup-temp-allocator-size-nav-mesh-worker=65536"
    "memorysetup-temp-allocator-size-audio-worker=65536"
    "memorysetup-temp-allocator-size-cloud-worker=32768"
    "memorysetup-temp-allocator-size-gi-baking-worker=262144"
    "memorysetup-temp-allocator-size-gfx=262144"
Refreshing native plugins compatible for Editor in 90.46 ms, found 3 plugins.
Preloading 0 native plugins for Editor in 0.00 ms.
Initialize engine version: 2021.3.11f1 (0a5ca18544bf)
[Subsystems] Discovering subsystems at path C:/Program Files/Unity/Hub/Editor/2021.3.11f1/Editor/Data/Resources/UnitySubsystems
[Subsystems] Discovering subsystems at path C:/Users/kylef/Documents/Github/Games/BBQ Blast/Assets
GfxDevice: creating device client; threaded=0; jobified=0
Direct3D:
    Version:  Direct3D 11.0 [level 11.1]
    Renderer: NVIDIA GeForce RTX 3080 Laptop GPU (ID=0x24dc)
    Vendor:   NVIDIA
    VRAM:     16191 MB
    Driver:   31.0.15.3209
Initialize mono
Mono path[0] = 'C:/Program Files/Unity/Hub/Editor/2021.3.11f1/Editor/Data/Managed'
Mono path[1] = 'C:/Program Files/Unity/Hub/Editor/2021.3.11f1/Editor/Data/MonoBleedingEdge/lib/mono/unityjit-win32'
Mono config path = 'C:/Program Files/Unity/Hub/Editor/2021.3.11f1/Editor/Data/MonoBleedingEdge/etc'
Using monoOptions --debugger-agent=transport=dt_socket,embedding=1,server=y,suspend=n,address=127.0.0.1:56356
Begin MonoManager ReloadAssembly
Registering precompiled unity dll's ...
Register platform support module: C:/Program Files/Unity/Hub/Editor/2021.3.11f1/Editor/Data/PlaybackEngines/WindowsStandaloneSupport/UnityEditor.WindowsStandalone.Extensions.dll
Registered in 0.003250 seconds.
Native extension for WindowsStandalone target not found
Refreshing native plugins compatible for Editor in 88.01 ms, found 3 plugins.
Preloading 0 native plugins for Editor in 0.00 ms.
Mono: successfully reloaded assembly
- Completed reload, in  0.544 seconds
Domain Reload Profiling:
	ReloadAssembly (545ms)
		BeginReloadAssembly (55ms)
			ExecutionOrderSort (0ms)
			DisableScriptedObjects (0ms)
			BackupInstance (0ms)
			ReleaseScriptingObjects (0ms)
			CreateAndSetChildDomain (1ms)
		EndReloadAssembly (402ms)
			LoadAssemblies (53ms)
			RebuildTransferFunctionScriptingTraits (0ms)
			SetupTypeCache (83ms)
			ReleaseScriptCaches (0ms)
			RebuildScriptCaches (26ms)
			SetupLoadedEditorAssemblies (248ms)
				LogAssemblyErrors (0ms)
				InitializePlatformSupportModulesInManaged (7ms)
				SetLoadedEditorAssemblies (0ms)
				RefreshPlugins (88ms)
				BeforeProcessingInitializeOnLoad (1ms)
				ProcessInitializeOnLoadAttributes (114ms)
				ProcessInitializeOnLoadMethodAttributes (37ms)
				AfterProcessingInitializeOnLoad (0ms)
				EditorAssembliesLoaded (0ms)
			ExecutionOrderSort2 (0ms)
			AwakeInstancesAfterBackupRestoration (0ms)
Platform modules already initialized, skipping
Registering precompiled user dll's ...
Registered in 0.006988 seconds.
Begin MonoManager ReloadAssembly
Symbol file LoadedFromMemory doesn't match image C:\Users\kylef\Documents\Github\Games\BBQ Blast\Library\PackageCache\com.unity.visualscripting@1.7.8\Editor\VisualScripting.Core\Dependencies\YamlDotNet\Unity.VisualScripting.YamlDotNet.dll
Symbol file LoadedFromMemory doesn't match image C:\Users\kylef\Documents\Github\Games\BBQ Blast\Library\PackageCache\com.unity.visualscripting@1.7.8\Editor\VisualScripting.Core\Dependencies\DotNetZip\Unity.VisualScripting.IonicZip.dll
Native extension for WindowsStandalone target not found
Refreshing native plugins compatible for Editor in 82.18 ms, found 3 plugins.
Preloading 0 native plugins for Editor in 0.00 ms.
Mono: successfully reloaded assembly
- Completed reload, in  1.190 seconds
Domain Reload Profiling:
	ReloadAssembly (1192ms)
		BeginReloadAssembly (91ms)
			ExecutionOrderSort (0ms)
			DisableScriptedObjects (5ms)
			BackupInstance (0ms)
			ReleaseScriptingObjects (0ms)
			CreateAndSetChildDomain (18ms)
		EndReloadAssembly (1003ms)
			LoadAssemblies (68ms)
			RebuildTransferFunctionScriptingTraits (0ms)
			SetupTypeCache (262ms)
			ReleaseScriptCaches (1ms)
			RebuildScriptCaches (57ms)
			SetupLoadedEditorAssemblies (571ms)
				LogAssemblyErrors (0ms)
				InitializePlatformSupportModulesInManaged (4ms)
				SetLoadedEditorAssemblies (0ms)
				RefreshPlugins (82ms)
				BeforeProcessingInitializeOnLoad (100ms)
				ProcessInitializeOnLoadAttributes (358ms)
				ProcessInitializeOnLoadMethodAttributes (22ms)
				AfterProcessingInitializeOnLoad (5ms)
				EditorAssembliesLoaded (0ms)
			ExecutionOrderSort2 (0ms)
			AwakeInstancesAfterBackupRestoration (4ms)
Platform modules already initialized, skipping
========================================================================
Worker process is ready to serve import requests
Launched and connected shader compiler UnityShaderCompiler.exe after 0.03 seconds
Refreshing native plugins compatible for Editor in 1.59 ms, found 3 plugins.
Preloading 0 native plugins for Editor in 0.00 ms.
Unloading 4955 Unused Serialized files (Serialized files now loaded: 0)
Unloading 53 unused Assets / (236.9 KB). Loaded Objects now: 5402.
Memory consumption went from 190.8 MB to 190.6 MB.
Total: 4.070400 ms (FindLiveObjects: 0.532900 ms CreateObjectMapping: 0.199400 ms MarkObjects: 3.120500 ms  DeleteObjects: 0.215700 ms)

AssetImportParameters requested are different than current active one (requested -> active):
  custom:video-decoder-ogg-theora: a1e56fd34408186e4bbccfd4996cb3dc -> 
  custom:container-muxer-webm: aa71ff27fc2769a1b78a27578f13a17b -> 
  custom:container-demuxer-webm: 4f35f7cbe854078d1ac9338744f61a02 -> 
  custom:video-encoder-webm-vp8: eb34c28f22e8b96e1ab97ce403110664 -> 
  custom:video-codec-MediaFoundation-h265: 746d11721c4dcdbdad8f713fa42b33f4 -> 
  custom:audio-encoder-webm-vorbis: bf7c407c2cedff20999df2af8eb42d56 -> 
  custom:framework-win-MediaFoundation: 216162199b28c13a410421893ffa2e32 -> 
  custom:container-demuxer-ogg: 62fdf1f143b41e24485cea50d1cbac27 -> 
  custom:video-decoder-webm-vp8: 9c59270c3fd7afecdb556c50c9e8de78 -> 
  custom:audio-decoder-ogg-vorbis: bf7c407c2cedff20999df2af8eb42d56 -> 
========================================================================
Received Import Request.
  Time since last request: 37563.607774 seconds.
  path: Assets/Materials/Colors/Gray.mat
  artifactKey: Guid(07542c29c83e4444e8f47fff855110c1) Importer(815301076,1909f56bfc062723c751e8b465ee728b)
Start importing Assets/Materials/Colors/Gray.mat using Guid(07542c29c83e4444e8f47fff855110c1) Importer(815301076,1909f56bfc062723c751e8b465ee728b)  -> (artifact id: '6a239af067245b4f1f09e8ab385ac285') in 0.100580 seconds 
========================================================================
Received Import Request.
  Time since last request: 96.281818 seconds.
  path: Assets/Materials/Grid/Black.mat
  artifactKey: Guid(0bdc8ed4d503cad45821f133aee4ce45) Importer(815301076,1909f56bfc062723c751e8b465ee728b)
Start importing Assets/Materials/Grid/Black.mat using Guid(0bdc8ed4d503cad45821f133aee4ce45) Importer(815301076,1909f56bfc062723c751e8b465ee728b)  -> (artifact id: 'cc8bad2ae82147daf7f4d1cb69dd8e1c') in 0.022856 seconds 
========================================================================
Received Import Request.
  Time since last request: 0.000031 seconds.
  path: Assets/Materials/Grid/Gray.mat
  artifactKey: Guid(21211918f4325f5489da332ea5784533) Importer(815301076,1909f56bfc062723c751e8b465ee728b)
Start importing Assets/Materials/Grid/Gray.mat using Guid(21211918f4325f5489da332ea5784533) Importer(815301076,1909f56bfc062723c751e8b465ee728b)  -> (artifact id: '1138f68e90a77af1c7383977e8e21da1') in 0.020275 seconds 
========================================================================
Received Import Request.
  Time since last request: 0.000029 seconds.
  path: Assets/Materials/Grid/Yellow.mat
  artifactKey: Guid(f6a2839b37b230e459329d9c0de5d1f6) Importer(815301076,1909f56bfc062723c751e8b465ee728b)
Start importing Assets/Materials/Grid/Yellow.mat using Guid(f6a2839b37b230e459329d9c0de5d1f6) Importer(815301076,1909f56bfc062723c751e8b465ee728b)  -> (artifact id: '16b3ef5ca6d887628d3983e8bc76a1a8') in 0.021215 seconds 
========================================================================
Received Import Request.
  Time since last request: 0.000046 seconds.
  path: Assets/Materials/Grid/Orange.mat
  artifactKey: Guid(32bdae24dd4a96543b60b6e6cc7ac2e0) Importer(815301076,1909f56bfc062723c751e8b465ee728b)
Start importing Assets/Materials/Grid/Orange.mat using Guid(32bdae24dd4a96543b60b6e6cc7ac2e0) Importer(815301076,1909f56bfc062723c751e8b465ee728b)  -> (artifact id: '0402555f6c6680c7444251362dbdc9fb') in 0.019743 seconds 
========================================================================
Received Import Request.
  Time since last request: 0.000036 seconds.
  path: Assets/Materials/Grid/White.mat
  artifactKey: Guid(cf6356354bce8514ab2b6705c9ecf127) Importer(815301076,1909f56bfc062723c751e8b465ee728b)
Start importing Assets/Materials/Grid/White.mat using Guid(cf6356354bce8514ab2b6705c9ecf127) Importer(815301076,1909f56bfc062723c751e8b465ee728b)  -> (artifact id: '34ce9026086cd25df1e5596618a44c6f') in 0.020257 seconds 
========================================================================
Received Import Request.
  Time since last request: 0.000043 seconds.
  path: Assets/Materials/Grid/Cyan.mat
  artifactKey: Guid(f269bd88df3061f44b0eaca6952c7a08) Importer(815301076,1909f56bfc062723c751e8b465ee728b)
Start importing Assets/Materials/Grid/Cyan.mat using Guid(f269bd88df3061f44b0eaca6952c7a08) Importer(815301076,1909f56bfc062723c751e8b465ee728b)  -> (artifact id: 'a30f709cdfe94ab3721b66d533710d50') in 0.020631 seconds 
========================================================================
Received Import Request.
  Time since last request: 0.000034 seconds.
  path: Assets/Materials/Grid/Red.mat
  artifactKey: Guid(b1e6a5b895e824a41894ef0bf7828395) Importer(815301076,1909f56bfc062723c751e8b465ee728b)
Start importing Assets/Materials/Grid/Red.mat using Guid(b1e6a5b895e824a41894ef0bf7828395) Importer(815301076,1909f56bfc062723c751e8b465ee728b)  -> (artifact id: '8293f82d9ce0303ac0f26fefdea00e7f') in 0.019141 seconds 
========================================================================
Received Import Request.
  Time since last request: 0.000029 seconds.
  path: Assets/Materials/Grid/Green.mat
  artifactKey: Guid(6bc0849657061184ab3b4dc0cbdfa2a8) Importer(815301076,1909f56bfc062723c751e8b465ee728b)
Start importing Assets/Materials/Grid/Green.mat using Guid(6bc0849657061184ab3b4dc0cbdfa2a8) Importer(815301076,1909f56bfc062723c751e8b465ee728b)  -> (artifact id: '02c049b328889e262f39478bcecf0321') in 0.020496 seconds 
