Using pre-set license
Built from '2021.3/staging' branch; Version is '2021.3.11f1 (0a5ca18544bf) revision 679073'; Using compiler version '192829333'; Build Type 'Release'
OS: 'Windows 11  (10.0.22621) 64bit Core' Language: 'en' Physical Memory: 32429 MB
BatchMode: 1, IsHumanControllingUs: 0, StartBugReporterOnCrash: 0, Is64bit: 1, IsPro: 1

COMMAND LINE ARGUMENTS:
C:\Program Files\Unity\Hub\Editor\2021.3.11f1\Editor\Unity.exe
-adb2
-batchMode
-noUpm
-name
AssetImportWorker11
-projectPath
C:/Users/kylef/Documents/Github/Games/BBQ Blast
-logFile
Logs/AssetImportWorker11.log
-srvPort
64499
Successfully changed project path to: C:/Users/kylef/Documents/Github/Games/BBQ Blast
C:/Users/kylef/Documents/Github/Games/BBQ Blast
[UnityMemory] Configuration Parameters - Can be set up in boot.config
    "memorysetup-bucket-allocator-granularity=16"
    "memorysetup-bucket-allocator-bucket-count=8"
    "memorysetup-bucket-allocator-block-size=33554432"
    "memorysetup-bucket-allocator-block-count=8"
    "memorysetup-main-allocator-block-size=16777216"
    "memorysetup-thread-allocator-block-size=16777216"
    "memorysetup-gfx-main-allocator-block-size=16777216"
    "memorysetup-gfx-thread-allocator-block-size=16777216"
    "memorysetup-cache-allocator-block-size=4194304"
    "memorysetup-typetree-allocator-block-size=2097152"
    "memorysetup-profiler-bucket-allocator-granularity=16"
    "memorysetup-profiler-bucket-allocator-bucket-count=8"
    "memorysetup-profiler-bucket-allocator-block-size=33554432"
    "memorysetup-profiler-bucket-allocator-block-count=8"
    "memorysetup-profiler-allocator-block-size=16777216"
    "memorysetup-profiler-editor-allocator-block-size=1048576"
    "memorysetup-temp-allocator-size-main=16777216"
    "memorysetup-job-temp-allocator-block-size=2097152"
    "memorysetup-job-temp-allocator-block-size-background=1048576"
    "memorysetup-job-temp-allocator-reduction-small-platforms=262144"
    "memorysetup-temp-allocator-size-background-worker=32768"
    "memorysetup-temp-allocator-size-job-worker=262144"
    "memorysetup-temp-allocator-size-preload-manager=33554432"
    "memorysetup-temp-allocator-size-nav-mesh-worker=65536"
    "memorysetup-temp-allocator-size-audio-worker=65536"
    "memorysetup-temp-allocator-size-cloud-worker=32768"
    "memorysetup-temp-allocator-size-gi-baking-worker=262144"
    "memorysetup-temp-allocator-size-gfx=262144"
Refreshing native plugins compatible for Editor in 96.71 ms, found 3 plugins.
Preloading 0 native plugins for Editor in 0.00 ms.
Initialize engine version: 2021.3.11f1 (0a5ca18544bf)
[Subsystems] Discovering subsystems at path C:/Program Files/Unity/Hub/Editor/2021.3.11f1/Editor/Data/Resources/UnitySubsystems
[Subsystems] Discovering subsystems at path C:/Users/kylef/Documents/Github/Games/BBQ Blast/Assets
GfxDevice: creating device client; threaded=0; jobified=0
Direct3D:
    Version:  Direct3D 11.0 [level 11.1]
    Renderer: NVIDIA GeForce RTX 3080 Laptop GPU (ID=0x24dc)
    Vendor:   NVIDIA
    VRAM:     16191 MB
    Driver:   31.0.15.3209
Initialize mono
Mono path[0] = 'C:/Program Files/Unity/Hub/Editor/2021.3.11f1/Editor/Data/Managed'
Mono path[1] = 'C:/Program Files/Unity/Hub/Editor/2021.3.11f1/Editor/Data/MonoBleedingEdge/lib/mono/unityjit-win32'
Mono config path = 'C:/Program Files/Unity/Hub/Editor/2021.3.11f1/Editor/Data/MonoBleedingEdge/etc'
Using monoOptions --debugger-agent=transport=dt_socket,embedding=1,server=y,suspend=n,address=127.0.0.1:56284
Begin MonoManager ReloadAssembly
Registering precompiled unity dll's ...
Register platform support module: C:/Program Files/Unity/Hub/Editor/2021.3.11f1/Editor/Data/PlaybackEngines/WindowsStandaloneSupport/UnityEditor.WindowsStandalone.Extensions.dll
Registered in 0.004349 seconds.
Native extension for WindowsStandalone target not found
Refreshing native plugins compatible for Editor in 86.25 ms, found 3 plugins.
Preloading 0 native plugins for Editor in 0.00 ms.
Mono: successfully reloaded assembly
- Completed reload, in  0.537 seconds
Domain Reload Profiling:
	ReloadAssembly (537ms)
		BeginReloadAssembly (56ms)
			ExecutionOrderSort (0ms)
			DisableScriptedObjects (0ms)
			BackupInstance (0ms)
			ReleaseScriptingObjects (0ms)
			CreateAndSetChildDomain (1ms)
		EndReloadAssembly (393ms)
			LoadAssemblies (55ms)
			RebuildTransferFunctionScriptingTraits (0ms)
			SetupTypeCache (80ms)
			ReleaseScriptCaches (0ms)
			RebuildScriptCaches (24ms)
			SetupLoadedEditorAssemblies (246ms)
				LogAssemblyErrors (0ms)
				InitializePlatformSupportModulesInManaged (8ms)
				SetLoadedEditorAssemblies (0ms)
				RefreshPlugins (86ms)
				BeforeProcessingInitializeOnLoad (2ms)
				ProcessInitializeOnLoadAttributes (112ms)
				ProcessInitializeOnLoadMethodAttributes (37ms)
				AfterProcessingInitializeOnLoad (0ms)
				EditorAssembliesLoaded (0ms)
			ExecutionOrderSort2 (0ms)
			AwakeInstancesAfterBackupRestoration (0ms)
Platform modules already initialized, skipping
Registering precompiled user dll's ...
Registered in 0.008247 seconds.
Begin MonoManager ReloadAssembly
Symbol file LoadedFromMemory doesn't match image C:\Users\kylef\Documents\Github\Games\BBQ Blast\Library\PackageCache\com.unity.visualscripting@1.7.8\Editor\VisualScripting.Core\Dependencies\YamlDotNet\Unity.VisualScripting.YamlDotNet.dll
Symbol file LoadedFromMemory doesn't match image C:\Users\kylef\Documents\Github\Games\BBQ Blast\Library\PackageCache\com.unity.visualscripting@1.7.8\Editor\VisualScripting.Core\Dependencies\DotNetZip\Unity.VisualScripting.IonicZip.dll
Native extension for WindowsStandalone target not found
Refreshing native plugins compatible for Editor in 82.93 ms, found 3 plugins.
Preloading 0 native plugins for Editor in 0.00 ms.
Mono: successfully reloaded assembly
- Completed reload, in  1.188 seconds
Domain Reload Profiling:
	ReloadAssembly (1189ms)
		BeginReloadAssembly (94ms)
			ExecutionOrderSort (0ms)
			DisableScriptedObjects (5ms)
			BackupInstance (0ms)
			ReleaseScriptingObjects (0ms)
			CreateAndSetChildDomain (18ms)
		EndReloadAssembly (999ms)
			LoadAssemblies (81ms)
			RebuildTransferFunctionScriptingTraits (0ms)
			SetupTypeCache (254ms)
			ReleaseScriptCaches (1ms)
			RebuildScriptCaches (54ms)
			SetupLoadedEditorAssemblies (567ms)
				LogAssemblyErrors (0ms)
				InitializePlatformSupportModulesInManaged (4ms)
				SetLoadedEditorAssemblies (0ms)
				RefreshPlugins (83ms)
				BeforeProcessingInitializeOnLoad (101ms)
				ProcessInitializeOnLoadAttributes (352ms)
				ProcessInitializeOnLoadMethodAttributes (22ms)
				AfterProcessingInitializeOnLoad (6ms)
				EditorAssembliesLoaded (0ms)
			ExecutionOrderSort2 (0ms)
			AwakeInstancesAfterBackupRestoration (6ms)
Platform modules already initialized, skipping
========================================================================
Worker process is ready to serve import requests
Launched and connected shader compiler UnityShaderCompiler.exe after 0.05 seconds
Refreshing native plugins compatible for Editor in 0.80 ms, found 3 plugins.
Preloading 0 native plugins for Editor in 0.00 ms.
Unloading 4955 Unused Serialized files (Serialized files now loaded: 0)
Unloading 53 unused Assets / (236.9 KB). Loaded Objects now: 5402.
Memory consumption went from 190.8 MB to 190.6 MB.
Total: 3.750100 ms (FindLiveObjects: 0.508400 ms CreateObjectMapping: 0.229800 ms MarkObjects: 2.859900 ms  DeleteObjects: 0.150700 ms)

AssetImportParameters requested are different than current active one (requested -> active):
  custom:video-decoder-ogg-theora: a1e56fd34408186e4bbccfd4996cb3dc -> 
  custom:container-muxer-webm: aa71ff27fc2769a1b78a27578f13a17b -> 
  custom:container-demuxer-webm: 4f35f7cbe854078d1ac9338744f61a02 -> 
  custom:video-encoder-webm-vp8: eb34c28f22e8b96e1ab97ce403110664 -> 
  custom:video-codec-MediaFoundation-h265: 746d11721c4dcdbdad8f713fa42b33f4 -> 
  custom:audio-encoder-webm-vorbis: bf7c407c2cedff20999df2af8eb42d56 -> 
  custom:framework-win-MediaFoundation: 216162199b28c13a410421893ffa2e32 -> 
  custom:container-demuxer-ogg: 62fdf1f143b41e24485cea50d1cbac27 -> 
  custom:video-decoder-webm-vp8: 9c59270c3fd7afecdb556c50c9e8de78 -> 
  custom:audio-decoder-ogg-vorbis: bf7c407c2cedff20999df2af8eb42d56 -> 
========================================================================
Received Import Request.
  Time since last request: 36892.215077 seconds.
  path: Assets/Materials/Grid/Checker.png
  artifactKey: Guid(18869bace8ca3fa48baa2e6bb147c712) Importer(815301076,1909f56bfc062723c751e8b465ee728b)
Start importing Assets/Materials/Grid/Checker.png using Guid(18869bace8ca3fa48baa2e6bb147c712) Importer(815301076,1909f56bfc062723c751e8b465ee728b)  -> (artifact id: '41c15ff4b92d51bab9ed9a63a97391b6') in 0.062911 seconds 
========================================================================
Received Import Request.
  Time since last request: 420.888146 seconds.
  path: Assets/Materials/Grid/Checker.png
  artifactKey: Guid(18869bace8ca3fa48baa2e6bb147c712) Importer(815301076,1909f56bfc062723c751e8b465ee728b)
Start importing Assets/Materials/Grid/Checker.png using Guid(18869bace8ca3fa48baa2e6bb147c712) Importer(815301076,1909f56bfc062723c751e8b465ee728b)  -> (artifact id: '77cf0dd89e1929200121e29ddd824d65') in 0.019258 seconds 
========================================================================
Received Import Request.
  Time since last request: 5.258328 seconds.
  path: Assets/Materials/Grid/Grid.png
  artifactKey: Guid(18869bace8ca3fa48baa2e6bb147c712) Importer(815301076,1909f56bfc062723c751e8b465ee728b)
Start importing Assets/Materials/Grid/Grid.png using Guid(18869bace8ca3fa48baa2e6bb147c712) Importer(815301076,1909f56bfc062723c751e8b465ee728b)  -> (artifact id: 'd1bc000db93cb684c9b2c75c6efa1c3d') in 0.008299 seconds 
========================================================================
Received Import Request.
  Time since last request: 9.619097 seconds.
  path: Assets/Materials/Grid/Black.mat
  artifactKey: Guid(0bdc8ed4d503cad45821f133aee4ce45) Importer(815301076,1909f56bfc062723c751e8b465ee728b)
Start importing Assets/Materials/Grid/Black.mat using Guid(0bdc8ed4d503cad45821f133aee4ce45) Importer(815301076,1909f56bfc062723c751e8b465ee728b)  -> (artifact id: '7f3e1e89d2d0f9b8b2d3ada5fbf9ebc2') in 0.089604 seconds 
========================================================================
Received Import Request.
  Time since last request: 0.000027 seconds.
  path: Assets/Materials/Grid/Gray.mat
  artifactKey: Guid(21211918f4325f5489da332ea5784533) Importer(815301076,1909f56bfc062723c751e8b465ee728b)
Start importing Assets/Materials/Grid/Gray.mat using Guid(21211918f4325f5489da332ea5784533) Importer(815301076,1909f56bfc062723c751e8b465ee728b)  -> (artifact id: 'ebbf9744842b23eb7d726dc36ff55262') in 0.018201 seconds 
========================================================================
Received Import Request.
  Time since last request: 0.000038 seconds.
  path: Assets/Materials/Grid/Yellow.mat
  artifactKey: Guid(f6a2839b37b230e459329d9c0de5d1f6) Importer(815301076,1909f56bfc062723c751e8b465ee728b)
Start importing Assets/Materials/Grid/Yellow.mat using Guid(f6a2839b37b230e459329d9c0de5d1f6) Importer(815301076,1909f56bfc062723c751e8b465ee728b)  -> (artifact id: '70491c0370b1cfbe2a18c02eab5a70b9') in 0.018130 seconds 
========================================================================
Received Import Request.
  Time since last request: 0.000033 seconds.
  path: Assets/Materials/Grid/Orange.mat
  artifactKey: Guid(32bdae24dd4a96543b60b6e6cc7ac2e0) Importer(815301076,1909f56bfc062723c751e8b465ee728b)
Start importing Assets/Materials/Grid/Orange.mat using Guid(32bdae24dd4a96543b60b6e6cc7ac2e0) Importer(815301076,1909f56bfc062723c751e8b465ee728b)  -> (artifact id: 'f2f90c2beb86198c0c1ab2048f10a3f7') in 0.021425 seconds 
========================================================================
Received Import Request.
  Time since last request: 0.000044 seconds.
  path: Assets/Materials/Grid/Cyan.mat
  artifactKey: Guid(f269bd88df3061f44b0eaca6952c7a08) Importer(815301076,1909f56bfc062723c751e8b465ee728b)
Start importing Assets/Materials/Grid/Cyan.mat using Guid(f269bd88df3061f44b0eaca6952c7a08) Importer(815301076,1909f56bfc062723c751e8b465ee728b)  -> (artifact id: '8394de49faeeea570b9f13025433e523') in 0.017902 seconds 
========================================================================
Received Import Request.
  Time since last request: 0.000035 seconds.
  path: Assets/Materials/Grid/Red.mat
  artifactKey: Guid(b1e6a5b895e824a41894ef0bf7828395) Importer(815301076,1909f56bfc062723c751e8b465ee728b)
Start importing Assets/Materials/Grid/Red.mat using Guid(b1e6a5b895e824a41894ef0bf7828395) Importer(815301076,1909f56bfc062723c751e8b465ee728b)  -> (artifact id: 'aa0d51b98f27ec0ac3eff40124db0193') in 0.021941 seconds 
========================================================================
Received Import Request.
  Time since last request: 0.000029 seconds.
  path: Assets/Materials/Grid/Green.mat
  artifactKey: Guid(6bc0849657061184ab3b4dc0cbdfa2a8) Importer(815301076,1909f56bfc062723c751e8b465ee728b)
Start importing Assets/Materials/Grid/Green.mat using Guid(6bc0849657061184ab3b4dc0cbdfa2a8) Importer(815301076,1909f56bfc062723c751e8b465ee728b)  -> (artifact id: '37fc9a644683aadefb0f9a0248b2a977') in 0.019113 seconds 
========================================================================
Received Import Request.
  Time since last request: 13.767518 seconds.
  path: Assets/Materials/Grid/Black.mat
  artifactKey: Guid(0bdc8ed4d503cad45821f133aee4ce45) Importer(815301076,1909f56bfc062723c751e8b465ee728b)
Start importing Assets/Materials/Grid/Black.mat using Guid(0bdc8ed4d503cad45821f133aee4ce45) Importer(815301076,1909f56bfc062723c751e8b465ee728b)  -> (artifact id: 'bd2df8419d03add86e83152d501007ca') in 0.014228 seconds 
========================================================================
Received Import Request.
  Time since last request: 209.730369 seconds.
  path: Assets/Materials/Grid/Black.mat
  artifactKey: Guid(0bdc8ed4d503cad45821f133aee4ce45) Importer(815301076,1909f56bfc062723c751e8b465ee728b)
Start importing Assets/Materials/Grid/Black.mat using Guid(0bdc8ed4d503cad45821f133aee4ce45) Importer(815301076,1909f56bfc062723c751e8b465ee728b)  -> (artifact id: 'cb912b273420a17d9828418e22303354') in 0.020057 seconds 
========================================================================
Received Import Request.
  Time since last request: 0.000037 seconds.
  path: Assets/Materials/Grid/Gray.mat
  artifactKey: Guid(21211918f4325f5489da332ea5784533) Importer(815301076,1909f56bfc062723c751e8b465ee728b)
Start importing Assets/Materials/Grid/Gray.mat using Guid(21211918f4325f5489da332ea5784533) Importer(815301076,1909f56bfc062723c751e8b465ee728b)  -> (artifact id: 'ea47045f8eb32cdddfbe3b8595f20a1a') in 0.047313 seconds 
========================================================================
Received Import Request.
  Time since last request: 0.000034 seconds.
  path: Assets/Materials/Grid/Yellow.mat
  artifactKey: Guid(f6a2839b37b230e459329d9c0de5d1f6) Importer(815301076,1909f56bfc062723c751e8b465ee728b)
Start importing Assets/Materials/Grid/Yellow.mat using Guid(f6a2839b37b230e459329d9c0de5d1f6) Importer(815301076,1909f56bfc062723c751e8b465ee728b)  -> (artifact id: '276a16b460cb06543483500bbcf720ba') in 0.019755 seconds 
========================================================================
Received Import Request.
  Time since last request: 0.000036 seconds.
  path: Assets/Materials/Grid/Orange.mat
  artifactKey: Guid(32bdae24dd4a96543b60b6e6cc7ac2e0) Importer(815301076,1909f56bfc062723c751e8b465ee728b)
Start importing Assets/Materials/Grid/Orange.mat using Guid(32bdae24dd4a96543b60b6e6cc7ac2e0) Importer(815301076,1909f56bfc062723c751e8b465ee728b)  -> (artifact id: 'bc6633ec90ff7ebedd90675e69cc5600') in 0.018387 seconds 
========================================================================
Received Import Request.
  Time since last request: 0.000037 seconds.
  path: Assets/Materials/Grid/White.mat
  artifactKey: Guid(cf6356354bce8514ab2b6705c9ecf127) Importer(815301076,1909f56bfc062723c751e8b465ee728b)
Start importing Assets/Materials/Grid/White.mat using Guid(cf6356354bce8514ab2b6705c9ecf127) Importer(815301076,1909f56bfc062723c751e8b465ee728b)  -> (artifact id: '6b1299195251dfdf97dbbf5f2b81d27e') in 0.021694 seconds 
========================================================================
Received Import Request.
  Time since last request: 0.000030 seconds.
  path: Assets/Materials/Grid/Pink.mat
  artifactKey: Guid(425246dc59122f347a14d46a6aef35bd) Importer(815301076,1909f56bfc062723c751e8b465ee728b)
Start importing Assets/Materials/Grid/Pink.mat using Guid(425246dc59122f347a14d46a6aef35bd) Importer(815301076,1909f56bfc062723c751e8b465ee728b)  -> (artifact id: 'd0fe14a1a15ff625d453c185488cb3ce') in 0.016861 seconds 
========================================================================
Received Import Request.
  Time since last request: 0.000023 seconds.
  path: Assets/Materials/Grid/Red.mat
  artifactKey: Guid(b1e6a5b895e824a41894ef0bf7828395) Importer(815301076,1909f56bfc062723c751e8b465ee728b)
Start importing Assets/Materials/Grid/Red.mat using Guid(b1e6a5b895e824a41894ef0bf7828395) Importer(815301076,1909f56bfc062723c751e8b465ee728b)  -> (artifact id: 'e32e00f98d819d58ed43fc97308de7a8') in 0.031701 seconds 
========================================================================
Received Import Request.
  Time since last request: 0.000026 seconds.
  path: Assets/Materials/Grid/Brown.mat
  artifactKey: Guid(a29e371ab3e28354b96e9ed29f3d8fb6) Importer(815301076,1909f56bfc062723c751e8b465ee728b)
Start importing Assets/Materials/Grid/Brown.mat using Guid(a29e371ab3e28354b96e9ed29f3d8fb6) Importer(815301076,1909f56bfc062723c751e8b465ee728b)  -> (artifact id: 'a52d1cd21b19a62014ef5ce922ca8099') in 0.019202 seconds 
Editor requested this worker to shutdown with reason: Scaling down because of idle timeout
AssetImportWorker is now disconnected from the server
Process exiting
Exiting without the bug reporter. Application will terminate with return code 0