Using pre-set license
Built from '2021.3/staging' branch; Version is '2021.3.11f1 (0a5ca18544bf) revision 679073'; Using compiler version '192829333'; Build Type 'Release'
OS: 'Windows 11  (10.0.22621) 64bit Core' Language: 'en' Physical Memory: 32429 MB
BatchMode: 1, IsHumanControllingUs: 0, StartBugReporterOnCrash: 0, Is64bit: 1, IsPro: 1

COMMAND LINE ARGUMENTS:
C:\Program Files\Unity\Hub\Editor\2021.3.11f1\Editor\Unity.exe
-adb2
-batchMode
-noUpm
-name
AssetImportWorker5
-projectPath
C:/Users/kylef/Documents/Github/Games/BBQ Blast
-logFile
Logs/AssetImportWorker5.log
-srvPort
64499
Successfully changed project path to: C:/Users/kylef/Documents/Github/Games/BBQ Blast
C:/Users/kylef/Documents/Github/Games/BBQ Blast
[UnityMemory] Configuration Parameters - Can be set up in boot.config
    "memorysetup-bucket-allocator-granularity=16"
    "memorysetup-bucket-allocator-bucket-count=8"
    "memorysetup-bucket-allocator-block-size=33554432"
    "memorysetup-bucket-allocator-block-count=8"
    "memorysetup-main-allocator-block-size=16777216"
    "memorysetup-thread-allocator-block-size=16777216"
    "memorysetup-gfx-main-allocator-block-size=16777216"
    "memorysetup-gfx-thread-allocator-block-size=16777216"
    "memorysetup-cache-allocator-block-size=4194304"
    "memorysetup-typetree-allocator-block-size=2097152"
    "memorysetup-profiler-bucket-allocator-granularity=16"
    "memorysetup-profiler-bucket-allocator-bucket-count=8"
    "memorysetup-profiler-bucket-allocator-block-size=33554432"
    "memorysetup-profiler-bucket-allocator-block-count=8"
    "memorysetup-profiler-allocator-block-size=16777216"
    "memorysetup-profiler-editor-allocator-block-size=1048576"
    "memorysetup-temp-allocator-size-main=16777216"
    "memorysetup-job-temp-allocator-block-size=2097152"
    "memorysetup-job-temp-allocator-block-size-background=1048576"
    "memorysetup-job-temp-allocator-reduction-small-platforms=262144"
    "memorysetup-temp-allocator-size-background-worker=32768"
    "memorysetup-temp-allocator-size-job-worker=262144"
    "memorysetup-temp-allocator-size-preload-manager=33554432"
    "memorysetup-temp-allocator-size-nav-mesh-worker=65536"
    "memorysetup-temp-allocator-size-audio-worker=65536"
    "memorysetup-temp-allocator-size-cloud-worker=32768"
    "memorysetup-temp-allocator-size-gi-baking-worker=262144"
    "memorysetup-temp-allocator-size-gfx=262144"
Refreshing native plugins compatible for Editor in 86.67 ms, found 3 plugins.
Preloading 0 native plugins for Editor in 0.00 ms.
Initialize engine version: 2021.3.11f1 (0a5ca18544bf)
[Subsystems] Discovering subsystems at path C:/Program Files/Unity/Hub/Editor/2021.3.11f1/Editor/Data/Resources/UnitySubsystems
[Subsystems] Discovering subsystems at path C:/Users/kylef/Documents/Github/Games/BBQ Blast/Assets
GfxDevice: creating device client; threaded=0; jobified=0
Direct3D:
    Version:  Direct3D 11.0 [level 11.1]
    Renderer: NVIDIA GeForce RTX 3080 Laptop GPU (ID=0x24dc)
    Vendor:   NVIDIA
    VRAM:     16191 MB
    Driver:   31.0.15.3209
Initialize mono
Mono path[0] = 'C:/Program Files/Unity/Hub/Editor/2021.3.11f1/Editor/Data/Managed'
Mono path[1] = 'C:/Program Files/Unity/Hub/Editor/2021.3.11f1/Editor/Data/MonoBleedingEdge/lib/mono/unityjit-win32'
Mono config path = 'C:/Program Files/Unity/Hub/Editor/2021.3.11f1/Editor/Data/MonoBleedingEdge/etc'
Using monoOptions --debugger-agent=transport=dt_socket,embedding=1,server=y,suspend=n,address=127.0.0.1:56416
Begin MonoManager ReloadAssembly
Registering precompiled unity dll's ...
Register platform support module: C:/Program Files/Unity/Hub/Editor/2021.3.11f1/Editor/Data/PlaybackEngines/WindowsStandaloneSupport/UnityEditor.WindowsStandalone.Extensions.dll
Registered in 0.003432 seconds.
Native extension for WindowsStandalone target not found
Refreshing native plugins compatible for Editor in 82.53 ms, found 3 plugins.
Preloading 0 native plugins for Editor in 0.00 ms.
Mono: successfully reloaded assembly
- Completed reload, in  0.530 seconds
Domain Reload Profiling:
	ReloadAssembly (531ms)
		BeginReloadAssembly (55ms)
			ExecutionOrderSort (0ms)
			DisableScriptedObjects (0ms)
			BackupInstance (0ms)
			ReleaseScriptingObjects (0ms)
			CreateAndSetChildDomain (1ms)
		EndReloadAssembly (385ms)
			LoadAssemblies (53ms)
			RebuildTransferFunctionScriptingTraits (0ms)
			SetupTypeCache (82ms)
			ReleaseScriptCaches (0ms)
			RebuildScriptCaches (24ms)
			SetupLoadedEditorAssemblies (240ms)
				LogAssemblyErrors (0ms)
				InitializePlatformSupportModulesInManaged (6ms)
				SetLoadedEditorAssemblies (0ms)
				RefreshPlugins (83ms)
				BeforeProcessingInitializeOnLoad (1ms)
				ProcessInitializeOnLoadAttributes (112ms)
				ProcessInitializeOnLoadMethodAttributes (37ms)
				AfterProcessingInitializeOnLoad (0ms)
				EditorAssembliesLoaded (0ms)
			ExecutionOrderSort2 (0ms)
			AwakeInstancesAfterBackupRestoration (0ms)
Platform modules already initialized, skipping
Registering precompiled user dll's ...
Registered in 0.008060 seconds.
Begin MonoManager ReloadAssembly
Symbol file LoadedFromMemory doesn't match image C:\Users\kylef\Documents\Github\Games\BBQ Blast\Library\PackageCache\com.unity.visualscripting@1.7.8\Editor\VisualScripting.Core\Dependencies\YamlDotNet\Unity.VisualScripting.YamlDotNet.dll
Symbol file LoadedFromMemory doesn't match image C:\Users\kylef\Documents\Github\Games\BBQ Blast\Library\PackageCache\com.unity.visualscripting@1.7.8\Editor\VisualScripting.Core\Dependencies\DotNetZip\Unity.VisualScripting.IonicZip.dll
Native extension for WindowsStandalone target not found
Refreshing native plugins compatible for Editor in 84.27 ms, found 3 plugins.
Preloading 0 native plugins for Editor in 0.00 ms.
Mono: successfully reloaded assembly
- Completed reload, in  1.206 seconds
Domain Reload Profiling:
	ReloadAssembly (1207ms)
		BeginReloadAssembly (91ms)
			ExecutionOrderSort (0ms)
			DisableScriptedObjects (6ms)
			BackupInstance (0ms)
			ReleaseScriptingObjects (0ms)
			CreateAndSetChildDomain (17ms)
		EndReloadAssembly (1013ms)
			LoadAssemblies (69ms)
			RebuildTransferFunctionScriptingTraits (0ms)
			SetupTypeCache (266ms)
			ReleaseScriptCaches (1ms)
			RebuildScriptCaches (58ms)
			SetupLoadedEditorAssemblies (572ms)
				LogAssemblyErrors (0ms)
				InitializePlatformSupportModulesInManaged (3ms)
				SetLoadedEditorAssemblies (0ms)
				RefreshPlugins (84ms)
				BeforeProcessingInitializeOnLoad (99ms)
				ProcessInitializeOnLoadAttributes (358ms)
				ProcessInitializeOnLoadMethodAttributes (22ms)
				AfterProcessingInitializeOnLoad (5ms)
				EditorAssembliesLoaded (0ms)
			ExecutionOrderSort2 (0ms)
			AwakeInstancesAfterBackupRestoration (5ms)
Platform modules already initialized, skipping
========================================================================
Worker process is ready to serve import requests
Launched and connected shader compiler UnityShaderCompiler.exe after 0.04 seconds
Refreshing native plugins compatible for Editor in 0.85 ms, found 3 plugins.
Preloading 0 native plugins for Editor in 0.00 ms.
Unloading 4955 Unused Serialized files (Serialized files now loaded: 0)
Unloading 53 unused Assets / (237.0 KB). Loaded Objects now: 5402.
Memory consumption went from 190.9 MB to 190.6 MB.
Total: 3.297300 ms (FindLiveObjects: 0.401000 ms CreateObjectMapping: 0.157800 ms MarkObjects: 2.572200 ms  DeleteObjects: 0.165100 ms)

AssetImportParameters requested are different than current active one (requested -> active):
  custom:video-decoder-ogg-theora: a1e56fd34408186e4bbccfd4996cb3dc -> 
  custom:container-muxer-webm: aa71ff27fc2769a1b78a27578f13a17b -> 
  custom:container-demuxer-webm: 4f35f7cbe854078d1ac9338744f61a02 -> 
  custom:video-encoder-webm-vp8: eb34c28f22e8b96e1ab97ce403110664 -> 
  custom:video-codec-MediaFoundation-h265: 746d11721c4dcdbdad8f713fa42b33f4 -> 
  custom:audio-encoder-webm-vorbis: bf7c407c2cedff20999df2af8eb42d56 -> 
  custom:framework-win-MediaFoundation: 216162199b28c13a410421893ffa2e32 -> 
  custom:container-demuxer-ogg: 62fdf1f143b41e24485cea50d1cbac27 -> 
  custom:video-decoder-webm-vp8: 9c59270c3fd7afecdb556c50c9e8de78 -> 
  custom:audio-decoder-ogg-vorbis: bf7c407c2cedff20999df2af8eb42d56 -> 
========================================================================
Received Import Request.
  Time since last request: 36490.965009 seconds.
  path: Assets/Materials/Dark/Pink.mat
  artifactKey: Guid(30f5574cae33bce45ab2354236d3e7b3) Importer(815301076,1909f56bfc062723c751e8b465ee728b)
Start importing Assets/Materials/Dark/Pink.mat using Guid(30f5574cae33bce45ab2354236d3e7b3) Importer(815301076,1909f56bfc062723c751e8b465ee728b)  -> (artifact id: 'dacb0645c9e3251a2e981ade7ad82223') in 0.127659 seconds 
========================================================================
Received Import Request.
  Time since last request: 9.139730 seconds.
  path: Assets/Materials/Dull/Orange.mat
  artifactKey: Guid(d9c6767bc037ac7468ed37910b5cf348) Importer(815301076,1909f56bfc062723c751e8b465ee728b)
Start importing Assets/Materials/Dull/Orange.mat using Guid(d9c6767bc037ac7468ed37910b5cf348) Importer(815301076,1909f56bfc062723c751e8b465ee728b)  -> (artifact id: '956259b82c8784f59f945e1dfff16fc2') in 0.027581 seconds 
========================================================================
Received Import Request.
  Time since last request: 0.000031 seconds.
  path: Assets/Materials/Dull/Purple.mat
  artifactKey: Guid(98aea853f3e15594ea804bef00c5f3e4) Importer(815301076,1909f56bfc062723c751e8b465ee728b)
Start importing Assets/Materials/Dull/Purple.mat using Guid(98aea853f3e15594ea804bef00c5f3e4) Importer(815301076,1909f56bfc062723c751e8b465ee728b)  -> (artifact id: 'ec1e3f256686acfc66d2f377bed9164d') in 0.029810 seconds 
========================================================================
Received Import Request.
  Time since last request: 9.159375 seconds.
  path: Assets/Materials/Glow/Pink.mat
  artifactKey: Guid(ca23873c8e4d0b74f9925221ad8dc28d) Importer(815301076,1909f56bfc062723c751e8b465ee728b)
Start importing Assets/Materials/Glow/Pink.mat using Guid(ca23873c8e4d0b74f9925221ad8dc28d) Importer(815301076,1909f56bfc062723c751e8b465ee728b)  -> (artifact id: 'd12ef0a7fc73892ae6e66ee784ccf6e0') in 0.026276 seconds 
========================================================================
Received Import Request.
  Time since last request: 0.000034 seconds.
  path: Assets/Materials/Glow/Purple.mat
  artifactKey: Guid(760c04d8bad683b47bfe72a3c125907f) Importer(815301076,1909f56bfc062723c751e8b465ee728b)
Start importing Assets/Materials/Glow/Purple.mat using Guid(760c04d8bad683b47bfe72a3c125907f) Importer(815301076,1909f56bfc062723c751e8b465ee728b)  -> (artifact id: 'e2d4cfc262f95e877a5674cb61ecb4f0') in 0.030048 seconds 
========================================================================
Received Import Request.
  Time since last request: 68.845864 seconds.
  path: Assets/Materials/Misc/Cursor Enemy.mat
  artifactKey: Guid(b6e53f204feb97b42a0684135c276909) Importer(815301076,1909f56bfc062723c751e8b465ee728b)
Start importing Assets/Materials/Misc/Cursor Enemy.mat using Guid(b6e53f204feb97b42a0684135c276909) Importer(815301076,1909f56bfc062723c751e8b465ee728b)  -> (artifact id: 'bd49f373795b2446ed174261d358e691') in 0.037477 seconds 
========================================================================
Received Import Request.
  Time since last request: 0.000079 seconds.
  path: Assets/Materials/Misc/Cursor Friend.mat
  artifactKey: Guid(189e0168265c0f44388e1272b616c8cd) Importer(815301076,1909f56bfc062723c751e8b465ee728b)
Start importing Assets/Materials/Misc/Cursor Friend.mat using Guid(189e0168265c0f44388e1272b616c8cd) Importer(815301076,1909f56bfc062723c751e8b465ee728b)  -> (artifact id: '6d4f735725598c05fd15b197b197774e') in 0.029587 seconds 
========================================================================
Received Import Request.
  Time since last request: 2.883697 seconds.
  path: Assets/Materials/Shiny/Blue.mat
  artifactKey: Guid(488f4b5612747a04b89593e57d075fbe) Importer(815301076,1909f56bfc062723c751e8b465ee728b)
Start importing Assets/Materials/Shiny/Blue.mat using Guid(488f4b5612747a04b89593e57d075fbe) Importer(815301076,1909f56bfc062723c751e8b465ee728b)  -> (artifact id: 'c9ed338c7dd560243c756e6e4153f000') in 0.017771 seconds 
========================================================================
Received Import Request.
  Time since last request: 0.000074 seconds.
  path: Assets/Materials/Shiny/Purple.mat
  artifactKey: Guid(879d02a492ee4294baebd02c5562d152) Importer(815301076,1909f56bfc062723c751e8b465ee728b)
Start importing Assets/Materials/Shiny/Purple.mat using Guid(879d02a492ee4294baebd02c5562d152) Importer(815301076,1909f56bfc062723c751e8b465ee728b)  -> (artifact id: '6c04505c6c307a616823561ec3c6a900') in 0.029880 seconds 
========================================================================
Received Import Request.
  Time since last request: 0.000022 seconds.
  path: Assets/Materials/Shiny/Orange.mat
  artifactKey: Guid(a26bd38459c2a9b49be36eee0c91e77c) Importer(815301076,1909f56bfc062723c751e8b465ee728b)
Start importing Assets/Materials/Shiny/Orange.mat using Guid(a26bd38459c2a9b49be36eee0c91e77c) Importer(815301076,1909f56bfc062723c751e8b465ee728b)  -> (artifact id: 'b4c150bdb8b96287f0a327f494340a30') in 0.024616 seconds 
========================================================================
Received Import Request.
  Time since last request: 0.000021 seconds.
  path: Assets/Materials/Shiny/Yellow.mat
  artifactKey: Guid(e980cbb5af007a14b9dd264f53a5dcc6) Importer(815301076,1909f56bfc062723c751e8b465ee728b)
Start importing Assets/Materials/Shiny/Yellow.mat using Guid(e980cbb5af007a14b9dd264f53a5dcc6) Importer(815301076,1909f56bfc062723c751e8b465ee728b)  -> (artifact id: '2d2ce4579bbaf31592e1dec8a4150ec5') in 0.028819 seconds 
========================================================================
Received Import Request.
  Time since last request: 0.000041 seconds.
  path: Assets/Materials/Shiny/Cyan.mat
  artifactKey: Guid(6acd7008ca021b4488c1e9a7a9667e97) Importer(815301076,1909f56bfc062723c751e8b465ee728b)
Start importing Assets/Materials/Shiny/Cyan.mat using Guid(6acd7008ca021b4488c1e9a7a9667e97) Importer(815301076,1909f56bfc062723c751e8b465ee728b)  -> (artifact id: '1ee91445877e824582f5c1b60fe82229') in 0.027017 seconds 
========================================================================
Received Import Request.
  Time since last request: 8.983021 seconds.
  path: Assets/Materials/Solid/Cyan.mat
  artifactKey: Guid(df044f9363a51cf4b88dc48a657aa8ce) Importer(815301076,1909f56bfc062723c751e8b465ee728b)
Start importing Assets/Materials/Solid/Cyan.mat using Guid(df044f9363a51cf4b88dc48a657aa8ce) Importer(815301076,1909f56bfc062723c751e8b465ee728b)  -> (artifact id: '449fdedef557f0a42d59629f6c7e0aec') in 0.025649 seconds 
========================================================================
Received Import Request.
  Time since last request: 0.000025 seconds.
  path: Assets/Materials/Solid/Pink.mat
  artifactKey: Guid(45e14a8d8fb918f4e9caeb37d8fa44ab) Importer(815301076,1909f56bfc062723c751e8b465ee728b)
Start importing Assets/Materials/Solid/Pink.mat using Guid(45e14a8d8fb918f4e9caeb37d8fa44ab) Importer(815301076,1909f56bfc062723c751e8b465ee728b)  -> (artifact id: '2ed433b2ec8b5082850cb402b4ad00c8') in 0.026101 seconds 
========================================================================
Received Import Request.
  Time since last request: 0.000035 seconds.
  path: Assets/Materials/Solid/Yellow.mat
  artifactKey: Guid(c94d91525c123fd4a8abcb6382ba2315) Importer(815301076,1909f56bfc062723c751e8b465ee728b)
Start importing Assets/Materials/Solid/Yellow.mat using Guid(c94d91525c123fd4a8abcb6382ba2315) Importer(815301076,1909f56bfc062723c751e8b465ee728b)  -> (artifact id: 'e4189ded3abb023ed16e5b6e3deaaacf') in 0.024272 seconds 
========================================================================
Received Import Request.
  Time since last request: 7.458158 seconds.
  path: Assets/Materials/Transparent/Cyan.mat
  artifactKey: Guid(4d2735ea08c9e904c882b7e7eb41a9a6) Importer(815301076,1909f56bfc062723c751e8b465ee728b)
Start importing Assets/Materials/Transparent/Cyan.mat using Guid(4d2735ea08c9e904c882b7e7eb41a9a6) Importer(815301076,1909f56bfc062723c751e8b465ee728b)  -> (artifact id: '53e3c8cb4291f73bdf7e18519c67ca5c') in 0.034221 seconds 
========================================================================
Received Import Request.
  Time since last request: 0.000026 seconds.
  path: Assets/Materials/Transparent/Yellow.mat
  artifactKey: Guid(bea1aedcbbf039d418b0f21c950ca720) Importer(815301076,1909f56bfc062723c751e8b465ee728b)
Start importing Assets/Materials/Transparent/Yellow.mat using Guid(bea1aedcbbf039d418b0f21c950ca720) Importer(815301076,1909f56bfc062723c751e8b465ee728b)  -> (artifact id: '4320edd91e0669ae1a167bc33f9267b4') in 0.027032 seconds 
Editor requested this worker to shutdown with reason: Scaling down because of idle timeout
AssetImportWorker is now disconnected from the server
Process exiting
Exiting without the bug reporter. Application will terminate with return code 0