Using pre-set license
Built from '2021.3/staging' branch; Version is '2021.3.11f1 (0a5ca18544bf) revision 679073'; Using compiler version '192829333'; Build Type 'Release'
OS: 'Windows 11  (10.0.22621) 64bit Core' Language: 'en' Physical Memory: 32429 MB
BatchMode: 1, IsHumanControllingUs: 0, StartBugReporterOnCrash: 0, Is64bit: 1, IsPro: 1

COMMAND LINE ARGUMENTS:
C:\Program Files\Unity\Hub\Editor\2021.3.11f1\Editor\Unity.exe
-adb2
-batchMode
-noUpm
-name
AssetImportWorker6
-projectPath
C:/Users/kylef/Documents/Unity Games/Chandler Kart
-logFile
Logs/AssetImportWorker6.log
-srvPort
55508
Successfully changed project path to: C:/Users/kylef/Documents/Unity Games/Chandler Kart
C:/Users/kylef/Documents/Unity Games/Chandler Kart
[UnityMemory] Configuration Parameters - Can be set up in boot.config
    "memorysetup-bucket-allocator-granularity=16"
    "memorysetup-bucket-allocator-bucket-count=8"
    "memorysetup-bucket-allocator-block-size=33554432"
    "memorysetup-bucket-allocator-block-count=8"
    "memorysetup-main-allocator-block-size=16777216"
    "memorysetup-thread-allocator-block-size=16777216"
    "memorysetup-gfx-main-allocator-block-size=16777216"
    "memorysetup-gfx-thread-allocator-block-size=16777216"
    "memorysetup-cache-allocator-block-size=4194304"
    "memorysetup-typetree-allocator-block-size=2097152"
    "memorysetup-profiler-bucket-allocator-granularity=16"
    "memorysetup-profiler-bucket-allocator-bucket-count=8"
    "memorysetup-profiler-bucket-allocator-block-size=33554432"
    "memorysetup-profiler-bucket-allocator-block-count=8"
    "memorysetup-profiler-allocator-block-size=16777216"
    "memorysetup-profiler-editor-allocator-block-size=1048576"
    "memorysetup-temp-allocator-size-main=16777216"
    "memorysetup-job-temp-allocator-block-size=2097152"
    "memorysetup-job-temp-allocator-block-size-background=1048576"
    "memorysetup-job-temp-allocator-reduction-small-platforms=262144"
    "memorysetup-temp-allocator-size-background-worker=32768"
    "memorysetup-temp-allocator-size-job-worker=262144"
    "memorysetup-temp-allocator-size-preload-manager=33554432"
    "memorysetup-temp-allocator-size-nav-mesh-worker=65536"
    "memorysetup-temp-allocator-size-audio-worker=65536"
    "memorysetup-temp-allocator-size-cloud-worker=32768"
    "memorysetup-temp-allocator-size-gi-baking-worker=262144"
    "memorysetup-temp-allocator-size-gfx=262144"
Refreshing native plugins compatible for Editor in 91.90 ms, found 3 plugins.
Preloading 0 native plugins for Editor in 0.00 ms.
Initialize engine version: 2021.3.11f1 (0a5ca18544bf)
[Subsystems] Discovering subsystems at path C:/Program Files/Unity/Hub/Editor/2021.3.11f1/Editor/Data/Resources/UnitySubsystems
[Subsystems] Discovering subsystems at path C:/Users/kylef/Documents/Unity Games/Chandler Kart/Assets
GfxDevice: creating device client; threaded=0; jobified=0
Direct3D:
    Version:  Direct3D 11.0 [level 11.1]
    Renderer: NVIDIA GeForce RTX 3080 Laptop GPU (ID=0x24dc)
    Vendor:   NVIDIA
    VRAM:     16191 MB
    Driver:   31.0.15.3209
Initialize mono
Mono path[0] = 'C:/Program Files/Unity/Hub/Editor/2021.3.11f1/Editor/Data/Managed'
Mono path[1] = 'C:/Program Files/Unity/Hub/Editor/2021.3.11f1/Editor/Data/MonoBleedingEdge/lib/mono/unityjit-win32'
Mono config path = 'C:/Program Files/Unity/Hub/Editor/2021.3.11f1/Editor/Data/MonoBleedingEdge/etc'
Using monoOptions --debugger-agent=transport=dt_socket,embedding=1,server=y,suspend=n,address=127.0.0.1:56840
Begin MonoManager ReloadAssembly
Registering precompiled unity dll's ...
Register platform support module: C:/Program Files/Unity/Hub/Editor/2021.3.11f1/Editor/Data/PlaybackEngines/WindowsStandaloneSupport/UnityEditor.WindowsStandalone.Extensions.dll
Registered in 0.004058 seconds.
Native extension for WindowsStandalone target not found
Refreshing native plugins compatible for Editor in 70.64 ms, found 3 plugins.
Preloading 0 native plugins for Editor in 0.00 ms.
Mono: successfully reloaded assembly
- Completed reload, in  0.542 seconds
Domain Reload Profiling:
	ReloadAssembly (542ms)
		BeginReloadAssembly (59ms)
			ExecutionOrderSort (0ms)
			DisableScriptedObjects (0ms)
			BackupInstance (0ms)
			ReleaseScriptingObjects (0ms)
			CreateAndSetChildDomain (1ms)
		EndReloadAssembly (395ms)
			LoadAssemblies (57ms)
			RebuildTransferFunctionScriptingTraits (0ms)
			SetupTypeCache (82ms)
			ReleaseScriptCaches (0ms)
			RebuildScriptCaches (24ms)
			SetupLoadedEditorAssemblies (250ms)
				LogAssemblyErrors (0ms)
				InitializePlatformSupportModulesInManaged (6ms)
				SetLoadedEditorAssemblies (0ms)
				RefreshPlugins (71ms)
				BeforeProcessingInitializeOnLoad (1ms)
				ProcessInitializeOnLoadAttributes (133ms)
				ProcessInitializeOnLoadMethodAttributes (38ms)
				AfterProcessingInitializeOnLoad (0ms)
				EditorAssembliesLoaded (0ms)
			ExecutionOrderSort2 (0ms)
			AwakeInstancesAfterBackupRestoration (0ms)
Platform modules already initialized, skipping
Registering precompiled user dll's ...
Registered in 0.003614 seconds.
Begin MonoManager ReloadAssembly
Symbol file LoadedFromMemory doesn't match image C:\Users\kylef\Documents\Unity Games\Chandler Kart\Library\PackageCache\com.unity.visualscripting@1.7.8\Editor\VisualScripting.Core\Dependencies\YamlDotNet\Unity.VisualScripting.YamlDotNet.dll
Symbol file LoadedFromMemory doesn't match image C:\Users\kylef\Documents\Unity Games\Chandler Kart\Library\PackageCache\com.unity.visualscripting@1.7.8\Editor\VisualScripting.Core\Dependencies\DotNetZip\Unity.VisualScripting.IonicZip.dll
Native extension for WindowsStandalone target not found
Refreshing native plugins compatible for Editor in 75.99 ms, found 3 plugins.
Preloading 0 native plugins for Editor in 0.00 ms.
Mono: successfully reloaded assembly
- Completed reload, in  1.094 seconds
Domain Reload Profiling:
	ReloadAssembly (1095ms)
		BeginReloadAssembly (100ms)
			ExecutionOrderSort (0ms)
			DisableScriptedObjects (5ms)
			BackupInstance (0ms)
			ReleaseScriptingObjects (0ms)
			CreateAndSetChildDomain (18ms)
		EndReloadAssembly (886ms)
			LoadAssemblies (77ms)
			RebuildTransferFunctionScriptingTraits (0ms)
			SetupTypeCache (254ms)
			ReleaseScriptCaches (1ms)
			RebuildScriptCaches (53ms)
			SetupLoadedEditorAssemblies (462ms)
				LogAssemblyErrors (0ms)
				InitializePlatformSupportModulesInManaged (4ms)
				SetLoadedEditorAssemblies (0ms)
				RefreshPlugins (76ms)
				BeforeProcessingInitializeOnLoad (80ms)
				ProcessInitializeOnLoadAttributes (273ms)
				ProcessInitializeOnLoadMethodAttributes (22ms)
				AfterProcessingInitializeOnLoad (8ms)
				EditorAssembliesLoaded (0ms)
			ExecutionOrderSort2 (0ms)
			AwakeInstancesAfterBackupRestoration (4ms)
Platform modules already initialized, skipping
========================================================================
Worker process is ready to serve import requests
Launched and connected shader compiler UnityShaderCompiler.exe after 0.04 seconds
Refreshing native plugins compatible for Editor in 1.06 ms, found 3 plugins.
Preloading 0 native plugins for Editor in 0.00 ms.
Unloading 3511 Unused Serialized files (Serialized files now loaded: 0)
Unloading 25 unused Assets / (56.4 KB). Loaded Objects now: 3973.
Memory consumption went from 127.0 MB to 127.0 MB.
Total: 3.017000 ms (FindLiveObjects: 0.293800 ms CreateObjectMapping: 0.127900 ms MarkObjects: 2.502100 ms  DeleteObjects: 0.090700 ms)

AssetImportParameters requested are different than current active one (requested -> active):
  custom:video-decoder-ogg-theora: a1e56fd34408186e4bbccfd4996cb3dc -> 
  custom:container-muxer-webm: aa71ff27fc2769a1b78a27578f13a17b -> 
  custom:container-demuxer-webm: 4f35f7cbe854078d1ac9338744f61a02 -> 
  custom:video-encoder-webm-vp8: eb34c28f22e8b96e1ab97ce403110664 -> 
  custom:video-codec-MediaFoundation-h265: 746d11721c4dcdbdad8f713fa42b33f4 -> 
  custom:audio-encoder-webm-vorbis: bf7c407c2cedff20999df2af8eb42d56 -> 
  custom:framework-win-MediaFoundation: 216162199b28c13a410421893ffa2e32 -> 
  custom:container-demuxer-ogg: 62fdf1f143b41e24485cea50d1cbac27 -> 
  custom:video-decoder-webm-vp8: 9c59270c3fd7afecdb556c50c9e8de78 -> 
  custom:audio-decoder-ogg-vorbis: bf7c407c2cedff20999df2af8eb42d56 -> 
========================================================================
Received Prepare
Refreshing native plugins compatible for Editor in 2.62 ms, found 3 plugins.
Preloading 0 native plugins for Editor in 0.00 ms.
Unloading 16 Unused Serialized files (Serialized files now loaded: 0)
Unloading 16 unused Assets / (21.9 KB). Loaded Objects now: 3973.
Memory consumption went from 55.6 MB to 55.6 MB.
Total: 2.592100 ms (FindLiveObjects: 0.241200 ms CreateObjectMapping: 0.092300 ms MarkObjects: 2.240300 ms  DeleteObjects: 0.017500 ms)

AssetImportParameters requested are different than current active one (requested -> active):
  custom:video-decoder-ogg-theora: a1e56fd34408186e4bbccfd4996cb3dc -> 
  custom:container-muxer-webm: aa71ff27fc2769a1b78a27578f13a17b -> 
  custom:container-demuxer-webm: 4f35f7cbe854078d1ac9338744f61a02 -> 
  custom:video-encoder-webm-vp8: eb34c28f22e8b96e1ab97ce403110664 -> 
  custom:video-codec-MediaFoundation-h265: 746d11721c4dcdbdad8f713fa42b33f4 -> 
  custom:audio-encoder-webm-vorbis: bf7c407c2cedff20999df2af8eb42d56 -> 
  custom:framework-win-MediaFoundation: 216162199b28c13a410421893ffa2e32 -> 
  custom:container-demuxer-ogg: 62fdf1f143b41e24485cea50d1cbac27 -> 
  custom:video-decoder-webm-vp8: 9c59270c3fd7afecdb556c50c9e8de78 -> 
  custom:audio-decoder-ogg-vorbis: bf7c407c2cedff20999df2af8eb42d56 -> 
========================================================================
Received Import Request.
  Time since last request: 194520.375321 seconds.
  path: Assets/Objects/Karts/Kart 1.prefab
  artifactKey: Guid(352965065a9b511428e962bf3abe3edd) Importer(815301076,1909f56bfc062723c751e8b465ee728b)
Start importing Assets/Objects/Karts/Kart 1.prefab using Guid(352965065a9b511428e962bf3abe3edd) Importer(815301076,1909f56bfc062723c751e8b465ee728b)  -> (artifact id: 'e81289885651304ddd26b0a77a774386') in 0.179913 seconds 
========================================================================
Received Import Request.
  Time since last request: 0.000032 seconds.
  path: Assets/Objects/Karts/Kart 3.prefab
  artifactKey: Guid(db33a51147287034880e7aac20f849e1) Importer(815301076,1909f56bfc062723c751e8b465ee728b)
Start importing Assets/Objects/Karts/Kart 3.prefab using Guid(db33a51147287034880e7aac20f849e1) Importer(815301076,1909f56bfc062723c751e8b465ee728b)  -> (artifact id: 'ba039793d81e22c60c9fb7498c95d5fa') in 0.047182 seconds 
========================================================================
Received Import Request.
  Time since last request: 1.633326 seconds.
  path: Assets/Objects/Menu/Controls.prefab
  artifactKey: Guid(da6448468a044b6448bee3971cd126df) Importer(815301076,1909f56bfc062723c751e8b465ee728b)
Start importing Assets/Objects/Menu/Controls.prefab using Guid(da6448468a044b6448bee3971cd126df) Importer(815301076,1909f56bfc062723c751e8b465ee728b)  -> (artifact id: 'a3e6cddc2ff7bd3873a721cf4d99d18c') in 0.026525 seconds 
========================================================================
Received Import Request.
  Time since last request: 0.000031 seconds.
  path: Assets/Objects/Menu/Menu.prefab
  artifactKey: Guid(02c8671a23ccd1243af930d5c5ccf20c) Importer(815301076,1909f56bfc062723c751e8b465ee728b)
Start importing Assets/Objects/Menu/Menu.prefab using Guid(02c8671a23ccd1243af930d5c5ccf20c) Importer(815301076,1909f56bfc062723c751e8b465ee728b)  -> (artifact id: '9bbe9874f71ae5e436d8d915b17cb99d') in 0.050379 seconds 
========================================================================
Received Import Request.
  Time since last request: 0.000023 seconds.
  path: Assets/Objects/Menu/Whole Menu.prefab
  artifactKey: Guid(bfabc6c2cb931ea47be62d98265d3e46) Importer(815301076,1909f56bfc062723c751e8b465ee728b)
Start importing Assets/Objects/Menu/Whole Menu.prefab using Guid(bfabc6c2cb931ea47be62d98265d3e46) Importer(815301076,1909f56bfc062723c751e8b465ee728b)  -> (artifact id: 'ec5aae8bbe18d7bdcd92512d2bab68bc') in 0.150008 seconds 
========================================================================
Received Import Request.
  Time since last request: 2.575601 seconds.
  path: Assets/Objects/Maps/Furey Freeway 1.prefab
  artifactKey: Guid(39c97225f7e1d0b40b71a8fa28eedebc) Importer(815301076,1909f56bfc062723c751e8b465ee728b)
Start importing Assets/Objects/Maps/Furey Freeway 1.prefab using Guid(39c97225f7e1d0b40b71a8fa28eedebc) Importer(815301076,1909f56bfc062723c751e8b465ee728b)  -> (artifact id: 'fe5ef80bc14337f92814eb454559d64c') in 0.468418 seconds 
========================================================================
Received Import Request.
  Time since last request: 45.157844 seconds.
  path: Assets/Objects/Menu/Map Select.prefab
  artifactKey: Guid(621d3c4508193d34791936559d967b33) Importer(815301076,1909f56bfc062723c751e8b465ee728b)
Start importing Assets/Objects/Menu/Map Select.prefab using Guid(621d3c4508193d34791936559d967b33) Importer(815301076,1909f56bfc062723c751e8b465ee728b)  -> (artifact id: 'a3cd2f763371f615a4570a97fd227b18') in 0.038981 seconds 
========================================================================
Received Import Request.
  Time since last request: 0.000019 seconds.
  path: Assets/Objects/Menu/Whole Menu.prefab
  artifactKey: Guid(bfabc6c2cb931ea47be62d98265d3e46) Importer(815301076,1909f56bfc062723c751e8b465ee728b)
Start importing Assets/Objects/Menu/Whole Menu.prefab using Guid(bfabc6c2cb931ea47be62d98265d3e46) Importer(815301076,1909f56bfc062723c751e8b465ee728b)  -> (artifact id: '52483fef52a340b122bed3a810dd8c84') in 0.160357 seconds 
