Using pre-set license
Built from '2021.3/staging' branch; Version is '2021.3.11f1 (0a5ca18544bf) revision 679073'; Using compiler version '192829333'; Build Type 'Release'
OS: 'Windows 11  (10.0.22621) 64bit Core' Language: 'en' Physical Memory: 32429 MB
BatchMode: 1, IsHumanControllingUs: 0, StartBugReporterOnCrash: 0, Is64bit: 1, IsPro: 1

COMMAND LINE ARGUMENTS:
C:\Program Files\Unity\Hub\Editor\2021.3.11f1\Editor\Unity.exe
-adb2
-batchMode
-noUpm
-name
AssetImportWorker1
-projectPath
C:/Users/kylef/Documents/Unity Games/Chandler Kart
-logFile
Logs/AssetImportWorker1.log
-srvPort
55508
Successfully changed project path to: C:/Users/kylef/Documents/Unity Games/Chandler Kart
C:/Users/kylef/Documents/Unity Games/Chandler Kart
[UnityMemory] Configuration Parameters - Can be set up in boot.config
    "memorysetup-bucket-allocator-granularity=16"
    "memorysetup-bucket-allocator-bucket-count=8"
    "memorysetup-bucket-allocator-block-size=33554432"
    "memorysetup-bucket-allocator-block-count=8"
    "memorysetup-main-allocator-block-size=16777216"
    "memorysetup-thread-allocator-block-size=16777216"
    "memorysetup-gfx-main-allocator-block-size=16777216"
    "memorysetup-gfx-thread-allocator-block-size=16777216"
    "memorysetup-cache-allocator-block-size=4194304"
    "memorysetup-typetree-allocator-block-size=2097152"
    "memorysetup-profiler-bucket-allocator-granularity=16"
    "memorysetup-profiler-bucket-allocator-bucket-count=8"
    "memorysetup-profiler-bucket-allocator-block-size=33554432"
    "memorysetup-profiler-bucket-allocator-block-count=8"
    "memorysetup-profiler-allocator-block-size=16777216"
    "memorysetup-profiler-editor-allocator-block-size=1048576"
    "memorysetup-temp-allocator-size-main=16777216"
    "memorysetup-job-temp-allocator-block-size=2097152"
    "memorysetup-job-temp-allocator-block-size-background=1048576"
    "memorysetup-job-temp-allocator-reduction-small-platforms=262144"
    "memorysetup-temp-allocator-size-background-worker=32768"
    "memorysetup-temp-allocator-size-job-worker=262144"
    "memorysetup-temp-allocator-size-preload-manager=33554432"
    "memorysetup-temp-allocator-size-nav-mesh-worker=65536"
    "memorysetup-temp-allocator-size-audio-worker=65536"
    "memorysetup-temp-allocator-size-cloud-worker=32768"
    "memorysetup-temp-allocator-size-gi-baking-worker=262144"
    "memorysetup-temp-allocator-size-gfx=262144"
Refreshing native plugins compatible for Editor in 75.54 ms, found 3 plugins.
Preloading 0 native plugins for Editor in 0.00 ms.
Initialize engine version: 2021.3.11f1 (0a5ca18544bf)
[Subsystems] Discovering subsystems at path C:/Program Files/Unity/Hub/Editor/2021.3.11f1/Editor/Data/Resources/UnitySubsystems
[Subsystems] Discovering subsystems at path C:/Users/kylef/Documents/Unity Games/Chandler Kart/Assets
GfxDevice: creating device client; threaded=0; jobified=0
Direct3D:
    Version:  Direct3D 11.0 [level 11.1]
    Renderer: NVIDIA GeForce RTX 3080 Laptop GPU (ID=0x24dc)
    Vendor:   NVIDIA
    VRAM:     16191 MB
    Driver:   31.0.15.3209
Initialize mono
Mono path[0] = 'C:/Program Files/Unity/Hub/Editor/2021.3.11f1/Editor/Data/Managed'
Mono path[1] = 'C:/Program Files/Unity/Hub/Editor/2021.3.11f1/Editor/Data/MonoBleedingEdge/lib/mono/unityjit-win32'
Mono config path = 'C:/Program Files/Unity/Hub/Editor/2021.3.11f1/Editor/Data/MonoBleedingEdge/etc'
Using monoOptions --debugger-agent=transport=dt_socket,embedding=1,server=y,suspend=n,address=127.0.0.1:56200
Begin MonoManager ReloadAssembly
Registering precompiled unity dll's ...
Register platform support module: C:/Program Files/Unity/Hub/Editor/2021.3.11f1/Editor/Data/PlaybackEngines/WindowsStandaloneSupport/UnityEditor.WindowsStandalone.Extensions.dll
Registered in 0.003574 seconds.
Native extension for WindowsStandalone target not found
Refreshing native plugins compatible for Editor in 83.91 ms, found 3 plugins.
Preloading 0 native plugins for Editor in 0.00 ms.
Mono: successfully reloaded assembly
- Completed reload, in  0.597 seconds
Domain Reload Profiling:
	ReloadAssembly (597ms)
		BeginReloadAssembly (90ms)
			ExecutionOrderSort (0ms)
			DisableScriptedObjects (0ms)
			BackupInstance (0ms)
			ReleaseScriptingObjects (0ms)
			CreateAndSetChildDomain (1ms)
		EndReloadAssembly (412ms)
			LoadAssemblies (88ms)
			RebuildTransferFunctionScriptingTraits (0ms)
			SetupTypeCache (86ms)
			ReleaseScriptCaches (0ms)
			RebuildScriptCaches (32ms)
			SetupLoadedEditorAssemblies (249ms)
				LogAssemblyErrors (0ms)
				InitializePlatformSupportModulesInManaged (6ms)
				SetLoadedEditorAssemblies (0ms)
				RefreshPlugins (84ms)
				BeforeProcessingInitializeOnLoad (1ms)
				ProcessInitializeOnLoadAttributes (118ms)
				ProcessInitializeOnLoadMethodAttributes (39ms)
				AfterProcessingInitializeOnLoad (0ms)
				EditorAssembliesLoaded (0ms)
			ExecutionOrderSort2 (0ms)
			AwakeInstancesAfterBackupRestoration (0ms)
Platform modules already initialized, skipping
Registering precompiled user dll's ...
Registered in 0.003913 seconds.
Begin MonoManager ReloadAssembly
Symbol file LoadedFromMemory doesn't match image C:\Users\kylef\Documents\Unity Games\Chandler Kart\Library\PackageCache\com.unity.visualscripting@1.7.8\Editor\VisualScripting.Core\Dependencies\YamlDotNet\Unity.VisualScripting.YamlDotNet.dll
Symbol file LoadedFromMemory doesn't match image C:\Users\kylef\Documents\Unity Games\Chandler Kart\Library\PackageCache\com.unity.visualscripting@1.7.8\Editor\VisualScripting.Core\Dependencies\DotNetZip\Unity.VisualScripting.IonicZip.dll
Native extension for WindowsStandalone target not found
Refreshing native plugins compatible for Editor in 71.55 ms, found 3 plugins.
Preloading 0 native plugins for Editor in 0.00 ms.
Mono: successfully reloaded assembly
- Completed reload, in  1.029 seconds
Domain Reload Profiling:
	ReloadAssembly (1030ms)
		BeginReloadAssembly (91ms)
			ExecutionOrderSort (0ms)
			DisableScriptedObjects (5ms)
			BackupInstance (0ms)
			ReleaseScriptingObjects (0ms)
			CreateAndSetChildDomain (18ms)
		EndReloadAssembly (847ms)
			LoadAssemblies (68ms)
			RebuildTransferFunctionScriptingTraits (0ms)
			SetupTypeCache (260ms)
			ReleaseScriptCaches (1ms)
			RebuildScriptCaches (53ms)
			SetupLoadedEditorAssemblies (420ms)
				LogAssemblyErrors (0ms)
				InitializePlatformSupportModulesInManaged (4ms)
				SetLoadedEditorAssemblies (0ms)
				RefreshPlugins (72ms)
				BeforeProcessingInitializeOnLoad (73ms)
				ProcessInitializeOnLoadAttributes (249ms)
				ProcessInitializeOnLoadMethodAttributes (17ms)
				AfterProcessingInitializeOnLoad (5ms)
				EditorAssembliesLoaded (0ms)
			ExecutionOrderSort2 (0ms)
			AwakeInstancesAfterBackupRestoration (4ms)
Platform modules already initialized, skipping
========================================================================
Worker process is ready to serve import requests
Launched and connected shader compiler UnityShaderCompiler.exe after 0.05 seconds
Refreshing native plugins compatible for Editor in 0.62 ms, found 3 plugins.
Preloading 0 native plugins for Editor in 0.00 ms.
Unloading 3511 Unused Serialized files (Serialized files now loaded: 0)
Unloading 25 unused Assets / (56.2 KB). Loaded Objects now: 3973.
Memory consumption went from 126.8 MB to 126.7 MB.
Total: 3.039100 ms (FindLiveObjects: 0.276300 ms CreateObjectMapping: 0.123800 ms MarkObjects: 2.523500 ms  DeleteObjects: 0.114500 ms)

AssetImportParameters requested are different than current active one (requested -> active):
  custom:video-decoder-ogg-theora: a1e56fd34408186e4bbccfd4996cb3dc -> 
  custom:container-muxer-webm: aa71ff27fc2769a1b78a27578f13a17b -> 
  custom:container-demuxer-webm: 4f35f7cbe854078d1ac9338744f61a02 -> 
  custom:video-encoder-webm-vp8: eb34c28f22e8b96e1ab97ce403110664 -> 
  custom:video-codec-MediaFoundation-h265: 746d11721c4dcdbdad8f713fa42b33f4 -> 
  custom:audio-encoder-webm-vorbis: bf7c407c2cedff20999df2af8eb42d56 -> 
  custom:framework-win-MediaFoundation: 216162199b28c13a410421893ffa2e32 -> 
  custom:container-demuxer-ogg: 62fdf1f143b41e24485cea50d1cbac27 -> 
  custom:video-decoder-webm-vp8: 9c59270c3fd7afecdb556c50c9e8de78 -> 
  custom:audio-decoder-ogg-vorbis: bf7c407c2cedff20999df2af8eb42d56 -> 
========================================================================
Received Import Request.
  Time since last request: 182806.711513 seconds.
  path: Assets/Objects/Audio.prefab
  artifactKey: Guid(e5bf5b242f58c3c44a541cae1c5d4b13) Importer(815301076,1909f56bfc062723c751e8b465ee728b)
Start importing Assets/Objects/Audio.prefab using Guid(e5bf5b242f58c3c44a541cae1c5d4b13) Importer(815301076,1909f56bfc062723c751e8b465ee728b)  -> (artifact id: '62d4c16cc5b9880f8decfc9897aabf1a') in 0.049562 seconds 
========================================================================
Received Import Request.
  Time since last request: 5.715542 seconds.
  path: Assets/Objects/Settings.prefab
  artifactKey: Guid(4498a5cb5e0d24347830bbd7522c39f0) Importer(815301076,1909f56bfc062723c751e8b465ee728b)
Start importing Assets/Objects/Settings.prefab using Guid(4498a5cb5e0d24347830bbd7522c39f0) Importer(815301076,1909f56bfc062723c751e8b465ee728b)  -> (artifact id: 'e4e9addb6cdaf67980323460bc1b8bf4') in 0.058738 seconds 
========================================================================
Received Prepare
Registering precompiled user dll's ...
Registered in 0.003700 seconds.
Begin MonoManager ReloadAssembly
Symbol file LoadedFromMemory doesn't match image C:\Users\kylef\Documents\Unity Games\Chandler Kart\Library\PackageCache\com.unity.visualscripting@1.7.8\Editor\VisualScripting.Core\Dependencies\YamlDotNet\Unity.VisualScripting.YamlDotNet.dll
Symbol file LoadedFromMemory doesn't match image C:\Users\kylef\Documents\Unity Games\Chandler Kart\Library\PackageCache\com.unity.visualscripting@1.7.8\Editor\VisualScripting.Core\Dependencies\DotNetZip\Unity.VisualScripting.IonicZip.dll
Native extension for WindowsStandalone target not found
Refreshing native plugins compatible for Editor in 0.81 ms, found 3 plugins.
Preloading 0 native plugins for Editor in 0.00 ms.
Mono: successfully reloaded assembly
- Completed reload, in  0.889 seconds
Domain Reload Profiling:
	ReloadAssembly (890ms)
		BeginReloadAssembly (127ms)
			ExecutionOrderSort (0ms)
			DisableScriptedObjects (4ms)
			BackupInstance (0ms)
			ReleaseScriptingObjects (0ms)
			CreateAndSetChildDomain (40ms)
		EndReloadAssembly (670ms)
			LoadAssemblies (72ms)
			RebuildTransferFunctionScriptingTraits (0ms)
			SetupTypeCache (242ms)
			ReleaseScriptCaches (1ms)
			RebuildScriptCaches (34ms)
			SetupLoadedEditorAssemblies (286ms)
				LogAssemblyErrors (0ms)
				InitializePlatformSupportModulesInManaged (10ms)
				SetLoadedEditorAssemblies (0ms)
				RefreshPlugins (1ms)
				BeforeProcessingInitializeOnLoad (49ms)
				ProcessInitializeOnLoadAttributes (203ms)
				ProcessInitializeOnLoadMethodAttributes (18ms)
				AfterProcessingInitializeOnLoad (5ms)
				EditorAssembliesLoaded (0ms)
			ExecutionOrderSort2 (0ms)
			AwakeInstancesAfterBackupRestoration (6ms)
Platform modules already initialized, skipping
Refreshing native plugins compatible for Editor in 1.43 ms, found 3 plugins.
Preloading 0 native plugins for Editor in 0.00 ms.
Unloading 3490 Unused Serialized files (Serialized files now loaded: 0)
Unloading 16 unused Assets / (24.6 KB). Loaded Objects now: 3977.
Memory consumption went from 125.5 MB to 125.5 MB.
Total: 2.609100 ms (FindLiveObjects: 0.215600 ms CreateObjectMapping: 0.087600 ms MarkObjects: 2.283800 ms  DeleteObjects: 0.021100 ms)

AssetImportParameters requested are different than current active one (requested -> active):
  custom:video-decoder-ogg-theora: a1e56fd34408186e4bbccfd4996cb3dc -> 
  custom:container-muxer-webm: aa71ff27fc2769a1b78a27578f13a17b -> 
  custom:container-demuxer-webm: 4f35f7cbe854078d1ac9338744f61a02 -> 
  custom:video-encoder-webm-vp8: eb34c28f22e8b96e1ab97ce403110664 -> 
  custom:video-codec-MediaFoundation-h265: 746d11721c4dcdbdad8f713fa42b33f4 -> 
  custom:audio-encoder-webm-vorbis: bf7c407c2cedff20999df2af8eb42d56 -> 
  custom:framework-win-MediaFoundation: 216162199b28c13a410421893ffa2e32 -> 
  custom:container-demuxer-ogg: 62fdf1f143b41e24485cea50d1cbac27 -> 
  custom:video-decoder-webm-vp8: 9c59270c3fd7afecdb556c50c9e8de78 -> 
  custom:audio-decoder-ogg-vorbis: bf7c407c2cedff20999df2af8eb42d56 -> 
========================================================================
Received Prepare
Registering precompiled user dll's ...
Registered in 0.004530 seconds.
Begin MonoManager ReloadAssembly
Symbol file LoadedFromMemory doesn't match image C:\Users\kylef\Documents\Unity Games\Chandler Kart\Library\PackageCache\com.unity.visualscripting@1.7.8\Editor\VisualScripting.Core\Dependencies\YamlDotNet\Unity.VisualScripting.YamlDotNet.dll
Symbol file LoadedFromMemory doesn't match image C:\Users\kylef\Documents\Unity Games\Chandler Kart\Library\PackageCache\com.unity.visualscripting@1.7.8\Editor\VisualScripting.Core\Dependencies\DotNetZip\Unity.VisualScripting.IonicZip.dll
Native extension for WindowsStandalone target not found
Refreshing native plugins compatible for Editor in 0.63 ms, found 3 plugins.
Preloading 0 native plugins for Editor in 0.00 ms.
Mono: successfully reloaded assembly
- Completed reload, in  0.843 seconds
Domain Reload Profiling:
	ReloadAssembly (844ms)
		BeginReloadAssembly (115ms)
			ExecutionOrderSort (0ms)
			DisableScriptedObjects (5ms)
			BackupInstance (0ms)
			ReleaseScriptingObjects (0ms)
			CreateAndSetChildDomain (34ms)
		EndReloadAssembly (644ms)
			LoadAssemblies (64ms)
			RebuildTransferFunctionScriptingTraits (0ms)
			SetupTypeCache (201ms)
			ReleaseScriptCaches (1ms)
			RebuildScriptCaches (33ms)
			SetupLoadedEditorAssemblies (301ms)
				LogAssemblyErrors (0ms)
				InitializePlatformSupportModulesInManaged (10ms)
				SetLoadedEditorAssemblies (0ms)
				RefreshPlugins (1ms)
				BeforeProcessingInitializeOnLoad (55ms)
				ProcessInitializeOnLoadAttributes (211ms)
				ProcessInitializeOnLoadMethodAttributes (19ms)
				AfterProcessingInitializeOnLoad (5ms)
				EditorAssembliesLoaded (0ms)
			ExecutionOrderSort2 (0ms)
			AwakeInstancesAfterBackupRestoration (5ms)
Platform modules already initialized, skipping
Refreshing native plugins compatible for Editor in 1.67 ms, found 3 plugins.
Preloading 0 native plugins for Editor in 0.00 ms.
Unloading 3490 Unused Serialized files (Serialized files now loaded: 0)
Unloading 16 unused Assets / (24.6 KB). Loaded Objects now: 3978.
Memory consumption went from 125.5 MB to 125.5 MB.
Total: 2.867900 ms (FindLiveObjects: 0.275800 ms CreateObjectMapping: 0.104900 ms MarkObjects: 2.458400 ms  DeleteObjects: 0.027500 ms)

AssetImportParameters requested are different than current active one (requested -> active):
  custom:video-decoder-ogg-theora: a1e56fd34408186e4bbccfd4996cb3dc -> 
  custom:container-muxer-webm: aa71ff27fc2769a1b78a27578f13a17b -> 
  custom:container-demuxer-webm: 4f35f7cbe854078d1ac9338744f61a02 -> 
  custom:video-encoder-webm-vp8: eb34c28f22e8b96e1ab97ce403110664 -> 
  custom:video-codec-MediaFoundation-h265: 746d11721c4dcdbdad8f713fa42b33f4 -> 
  custom:audio-encoder-webm-vorbis: bf7c407c2cedff20999df2af8eb42d56 -> 
  custom:framework-win-MediaFoundation: 216162199b28c13a410421893ffa2e32 -> 
  custom:container-demuxer-ogg: 62fdf1f143b41e24485cea50d1cbac27 -> 
  custom:video-decoder-webm-vp8: 9c59270c3fd7afecdb556c50c9e8de78 -> 
  custom:audio-decoder-ogg-vorbis: bf7c407c2cedff20999df2af8eb42d56 -> 
========================================================================
Received Import Request.
  Time since last request: 48.512672 seconds.
  path: Assets/Objects/Settings.prefab
  artifactKey: Guid(4498a5cb5e0d24347830bbd7522c39f0) Importer(815301076,1909f56bfc062723c751e8b465ee728b)
Start importing Assets/Objects/Settings.prefab using Guid(4498a5cb5e0d24347830bbd7522c39f0) Importer(815301076,1909f56bfc062723c751e8b465ee728b)  -> (artifact id: '1e16d0e623ebb7fe5d4f73f9cc2506bd') in 0.092383 seconds 
========================================================================
Received Import Request.
  Time since last request: 1.573627 seconds.
  path: Assets/Objects/Settings.prefab
  artifactKey: Guid(4498a5cb5e0d24347830bbd7522c39f0) Importer(815301076,1909f56bfc062723c751e8b465ee728b)
Start importing Assets/Objects/Settings.prefab using Guid(4498a5cb5e0d24347830bbd7522c39f0) Importer(815301076,1909f56bfc062723c751e8b465ee728b)  -> (artifact id: '3b8174314357995fdcb8a25f478df658') in 0.033121 seconds 
========================================================================
Received Import Request.
  Time since last request: 0.489572 seconds.
  path: Assets/Objects/Settings.prefab
  artifactKey: Guid(4498a5cb5e0d24347830bbd7522c39f0) Importer(815301076,1909f56bfc062723c751e8b465ee728b)
Start importing Assets/Objects/Settings.prefab using Guid(4498a5cb5e0d24347830bbd7522c39f0) Importer(815301076,1909f56bfc062723c751e8b465ee728b)  -> (artifact id: '3add11c3a14f57e7f702af6f18dfe002') in 0.033634 seconds 
========================================================================
Received Import Request.
  Time since last request: 14.764982 seconds.
  path: Assets/Objects/Settings.prefab
  artifactKey: Guid(4498a5cb5e0d24347830bbd7522c39f0) Importer(815301076,1909f56bfc062723c751e8b465ee728b)
Start importing Assets/Objects/Settings.prefab using Guid(4498a5cb5e0d24347830bbd7522c39f0) Importer(815301076,1909f56bfc062723c751e8b465ee728b)  -> (artifact id: '1f055747df1941d0e65e1b4be7db0a6e') in 0.035193 seconds 
========================================================================
Received Import Request.
  Time since last request: 1.537178 seconds.
  path: Assets/Objects/Settings.prefab
  artifactKey: Guid(4498a5cb5e0d24347830bbd7522c39f0) Importer(815301076,1909f56bfc062723c751e8b465ee728b)
Start importing Assets/Objects/Settings.prefab using Guid(4498a5cb5e0d24347830bbd7522c39f0) Importer(815301076,1909f56bfc062723c751e8b465ee728b)  -> (artifact id: '8c24cffcb5606e5c64a6654b15b1c303') in 0.033819 seconds 
========================================================================
Received Import Request.
  Time since last request: 20.850638 seconds.
  path: Assets/Objects/Settings.prefab
  artifactKey: Guid(4498a5cb5e0d24347830bbd7522c39f0) Importer(815301076,1909f56bfc062723c751e8b465ee728b)
Start importing Assets/Objects/Settings.prefab using Guid(4498a5cb5e0d24347830bbd7522c39f0) Importer(815301076,1909f56bfc062723c751e8b465ee728b)  -> (artifact id: 'fbe9f04ba5e3392855caa9c666030859') in 0.035131 seconds 
========================================================================
Received Import Request.
  Time since last request: 32.619827 seconds.
  path: Assets/Objects/Settings.prefab
  artifactKey: Guid(4498a5cb5e0d24347830bbd7522c39f0) Importer(815301076,1909f56bfc062723c751e8b465ee728b)
Start importing Assets/Objects/Settings.prefab using Guid(4498a5cb5e0d24347830bbd7522c39f0) Importer(815301076,1909f56bfc062723c751e8b465ee728b)  -> (artifact id: 'c61e20b65f85ecbd072b66519d6fe142') in 0.033544 seconds 
========================================================================
Received Import Request.
  Time since last request: 18.422065 seconds.
  path: Assets/Objects/Settings.prefab
  artifactKey: Guid(4498a5cb5e0d24347830bbd7522c39f0) Importer(815301076,1909f56bfc062723c751e8b465ee728b)
Start importing Assets/Objects/Settings.prefab using Guid(4498a5cb5e0d24347830bbd7522c39f0) Importer(815301076,1909f56bfc062723c751e8b465ee728b)  -> (artifact id: 'fc5e09466caf67c21b35cd006e70a822') in 0.033483 seconds 
========================================================================
Received Import Request.
  Time since last request: 3.467188 seconds.
  path: Assets/Objects/Settings.prefab
  artifactKey: Guid(4498a5cb5e0d24347830bbd7522c39f0) Importer(815301076,1909f56bfc062723c751e8b465ee728b)
Start importing Assets/Objects/Settings.prefab using Guid(4498a5cb5e0d24347830bbd7522c39f0) Importer(815301076,1909f56bfc062723c751e8b465ee728b)  -> (artifact id: '174504d10e1c2265e3491b9be1439e26') in 0.035008 seconds 
========================================================================
Received Import Request.
  Time since last request: 10.868104 seconds.
  path: Assets/Objects/Settings.prefab
  artifactKey: Guid(4498a5cb5e0d24347830bbd7522c39f0) Importer(815301076,1909f56bfc062723c751e8b465ee728b)
Start importing Assets/Objects/Settings.prefab using Guid(4498a5cb5e0d24347830bbd7522c39f0) Importer(815301076,1909f56bfc062723c751e8b465ee728b)  -> (artifact id: 'e34794f72e21a4cd8cc2059f66b5aca2') in 0.033505 seconds 
========================================================================
Received Import Request.
  Time since last request: 1.501571 seconds.
  path: Assets/Objects/Settings.prefab
  artifactKey: Guid(4498a5cb5e0d24347830bbd7522c39f0) Importer(815301076,1909f56bfc062723c751e8b465ee728b)
Start importing Assets/Objects/Settings.prefab using Guid(4498a5cb5e0d24347830bbd7522c39f0) Importer(815301076,1909f56bfc062723c751e8b465ee728b)  -> (artifact id: 'e6c7a21396ff27a9b99a4f6aa1c89e7f') in 0.034249 seconds 
========================================================================
Received Import Request.
  Time since last request: 1.228811 seconds.
  path: Assets/Objects/Settings.prefab
  artifactKey: Guid(4498a5cb5e0d24347830bbd7522c39f0) Importer(815301076,1909f56bfc062723c751e8b465ee728b)
Start importing Assets/Objects/Settings.prefab using Guid(4498a5cb5e0d24347830bbd7522c39f0) Importer(815301076,1909f56bfc062723c751e8b465ee728b)  -> (artifact id: 'e12ba3530e2ff7b96d4e52517d0b7785') in 0.034109 seconds 
========================================================================
Received Import Request.
  Time since last request: 1.251490 seconds.
  path: Assets/Objects/Settings.prefab
  artifactKey: Guid(4498a5cb5e0d24347830bbd7522c39f0) Importer(815301076,1909f56bfc062723c751e8b465ee728b)
Start importing Assets/Objects/Settings.prefab using Guid(4498a5cb5e0d24347830bbd7522c39f0) Importer(815301076,1909f56bfc062723c751e8b465ee728b)  -> (artifact id: '51f9c5bfdfe61484e0d704a975d7946d') in 0.034117 seconds 
========================================================================
Received Import Request.
  Time since last request: 1.651905 seconds.
  path: Assets/Objects/Settings.prefab
  artifactKey: Guid(4498a5cb5e0d24347830bbd7522c39f0) Importer(815301076,1909f56bfc062723c751e8b465ee728b)
Start importing Assets/Objects/Settings.prefab using Guid(4498a5cb5e0d24347830bbd7522c39f0) Importer(815301076,1909f56bfc062723c751e8b465ee728b)  -> (artifact id: '036449262539bd8d244fc68277c8953c') in 0.034515 seconds 
========================================================================
Received Import Request.
  Time since last request: 2.523538 seconds.
  path: Assets/Objects/Settings.prefab
  artifactKey: Guid(4498a5cb5e0d24347830bbd7522c39f0) Importer(815301076,1909f56bfc062723c751e8b465ee728b)
Start importing Assets/Objects/Settings.prefab using Guid(4498a5cb5e0d24347830bbd7522c39f0) Importer(815301076,1909f56bfc062723c751e8b465ee728b)  -> (artifact id: 'e8ae733bbbf156db76bcf7d591c6c9d0') in 0.033762 seconds 
========================================================================
Received Import Request.
  Time since last request: 6.930675 seconds.
  path: Assets/Objects/Settings.prefab
  artifactKey: Guid(4498a5cb5e0d24347830bbd7522c39f0) Importer(815301076,1909f56bfc062723c751e8b465ee728b)
Start importing Assets/Objects/Settings.prefab using Guid(4498a5cb5e0d24347830bbd7522c39f0) Importer(815301076,1909f56bfc062723c751e8b465ee728b)  -> (artifact id: 'c4179f9549479d11d382971b666a113a') in 0.036271 seconds 
========================================================================
Received Import Request.
  Time since last request: 3.604451 seconds.
  path: Assets/Objects/Settings.prefab
  artifactKey: Guid(4498a5cb5e0d24347830bbd7522c39f0) Importer(815301076,1909f56bfc062723c751e8b465ee728b)
Start importing Assets/Objects/Settings.prefab using Guid(4498a5cb5e0d24347830bbd7522c39f0) Importer(815301076,1909f56bfc062723c751e8b465ee728b)  -> (artifact id: '916c073ab39083dae684b0f3f6858104') in 0.033941 seconds 
========================================================================
Received Import Request.
  Time since last request: 2.037131 seconds.
  path: Assets/Objects/Settings.prefab
  artifactKey: Guid(4498a5cb5e0d24347830bbd7522c39f0) Importer(815301076,1909f56bfc062723c751e8b465ee728b)
Start importing Assets/Objects/Settings.prefab using Guid(4498a5cb5e0d24347830bbd7522c39f0) Importer(815301076,1909f56bfc062723c751e8b465ee728b)  -> (artifact id: 'c66c180117c4bcc5574407cc3dac4a9f') in 0.034049 seconds 
========================================================================
Received Import Request.
  Time since last request: 2.753064 seconds.
  path: Assets/Objects/Settings.prefab
  artifactKey: Guid(4498a5cb5e0d24347830bbd7522c39f0) Importer(815301076,1909f56bfc062723c751e8b465ee728b)
Start importing Assets/Objects/Settings.prefab using Guid(4498a5cb5e0d24347830bbd7522c39f0) Importer(815301076,1909f56bfc062723c751e8b465ee728b)  -> (artifact id: '1b0dbdb69ba2c5178b1673d6c146dc18') in 0.034657 seconds 
========================================================================
Received Prepare
Registering precompiled user dll's ...
Registered in 0.006672 seconds.
Begin MonoManager ReloadAssembly
Symbol file LoadedFromMemory doesn't match image C:\Users\kylef\Documents\Unity Games\Chandler Kart\Library\PackageCache\com.unity.visualscripting@1.7.8\Editor\VisualScripting.Core\Dependencies\YamlDotNet\Unity.VisualScripting.YamlDotNet.dll
Symbol file LoadedFromMemory doesn't match image C:\Users\kylef\Documents\Unity Games\Chandler Kart\Library\PackageCache\com.unity.visualscripting@1.7.8\Editor\VisualScripting.Core\Dependencies\DotNetZip\Unity.VisualScripting.IonicZip.dll
Native extension for WindowsStandalone target not found
Refreshing native plugins compatible for Editor in 0.67 ms, found 3 plugins.
Preloading 0 native plugins for Editor in 0.00 ms.
Mono: successfully reloaded assembly
- Completed reload, in  1.013 seconds
Domain Reload Profiling:
	ReloadAssembly (1013ms)
		BeginReloadAssembly (137ms)
			ExecutionOrderSort (0ms)
			DisableScriptedObjects (4ms)
			BackupInstance (0ms)
			ReleaseScriptingObjects (0ms)
			CreateAndSetChildDomain (40ms)
		EndReloadAssembly (777ms)
			LoadAssemblies (84ms)
			RebuildTransferFunctionScriptingTraits (0ms)
			SetupTypeCache (276ms)
			ReleaseScriptCaches (2ms)
			RebuildScriptCaches (39ms)
			SetupLoadedEditorAssemblies (328ms)
				LogAssemblyErrors (0ms)
				InitializePlatformSupportModulesInManaged (10ms)
				SetLoadedEditorAssemblies (1ms)
				RefreshPlugins (1ms)
				BeforeProcessingInitializeOnLoad (59ms)
				ProcessInitializeOnLoadAttributes (234ms)
				ProcessInitializeOnLoadMethodAttributes (18ms)
				AfterProcessingInitializeOnLoad (6ms)
				EditorAssembliesLoaded (0ms)
			ExecutionOrderSort2 (0ms)
			AwakeInstancesAfterBackupRestoration (5ms)
Platform modules already initialized, skipping
Refreshing native plugins compatible for Editor in 1.71 ms, found 3 plugins.
Preloading 0 native plugins for Editor in 0.00 ms.
Unloading 3490 Unused Serialized files (Serialized files now loaded: 0)
Unloading 16 unused Assets / (24.7 KB). Loaded Objects now: 3979.
Memory consumption went from 125.5 MB to 125.5 MB.
Total: 2.877200 ms (FindLiveObjects: 0.235900 ms CreateObjectMapping: 0.083100 ms MarkObjects: 2.513700 ms  DeleteObjects: 0.043400 ms)

AssetImportParameters requested are different than current active one (requested -> active):
  custom:video-decoder-ogg-theora: a1e56fd34408186e4bbccfd4996cb3dc -> 
  custom:container-muxer-webm: aa71ff27fc2769a1b78a27578f13a17b -> 
  custom:container-demuxer-webm: 4f35f7cbe854078d1ac9338744f61a02 -> 
  custom:video-encoder-webm-vp8: eb34c28f22e8b96e1ab97ce403110664 -> 
  custom:video-codec-MediaFoundation-h265: 746d11721c4dcdbdad8f713fa42b33f4 -> 
  custom:audio-encoder-webm-vorbis: bf7c407c2cedff20999df2af8eb42d56 -> 
  custom:framework-win-MediaFoundation: 216162199b28c13a410421893ffa2e32 -> 
  custom:container-demuxer-ogg: 62fdf1f143b41e24485cea50d1cbac27 -> 
  custom:video-decoder-webm-vp8: 9c59270c3fd7afecdb556c50c9e8de78 -> 
  custom:audio-decoder-ogg-vorbis: bf7c407c2cedff20999df2af8eb42d56 -> 
========================================================================
Received Import Request.
  Time since last request: 141.401045 seconds.
  path: Assets/Objects/Menu/Whole Menu.prefab
  artifactKey: Guid(bfabc6c2cb931ea47be62d98265d3e46) Importer(815301076,1909f56bfc062723c751e8b465ee728b)
Start importing Assets/Objects/Menu/Whole Menu.prefab using Guid(bfabc6c2cb931ea47be62d98265d3e46) Importer(815301076,1909f56bfc062723c751e8b465ee728b)  -> (artifact id: 'fce2ecd9c61dd9f78e5fecd32002a8f3') in 0.251671 seconds 
========================================================================
Received Import Request.
  Time since last request: 33.444950 seconds.
  path: Assets/Objects/Settings.prefab
  artifactKey: Guid(4498a5cb5e0d24347830bbd7522c39f0) Importer(815301076,1909f56bfc062723c751e8b465ee728b)
Start importing Assets/Objects/Settings.prefab using Guid(4498a5cb5e0d24347830bbd7522c39f0) Importer(815301076,1909f56bfc062723c751e8b465ee728b)  -> (artifact id: '7b7dc74e6b45884bde54a12f32bd8b6f') in 0.043332 seconds 
========================================================================
Received Import Request.
  Time since last request: 5.787385 seconds.
  path: Assets/Objects/Settings.prefab
  artifactKey: Guid(4498a5cb5e0d24347830bbd7522c39f0) Importer(815301076,1909f56bfc062723c751e8b465ee728b)
Start importing Assets/Objects/Settings.prefab using Guid(4498a5cb5e0d24347830bbd7522c39f0) Importer(815301076,1909f56bfc062723c751e8b465ee728b)  -> (artifact id: '3740edf8af409786d36b330ac30a94cc') in 0.039645 seconds 
========================================================================
Received Import Request.
  Time since last request: 154.574342 seconds.
  path: Assets/Objects/Settings.prefab
  artifactKey: Guid(4498a5cb5e0d24347830bbd7522c39f0) Importer(815301076,1909f56bfc062723c751e8b465ee728b)
Start importing Assets/Objects/Settings.prefab using Guid(4498a5cb5e0d24347830bbd7522c39f0) Importer(815301076,1909f56bfc062723c751e8b465ee728b)  -> (artifact id: 'e5fdd2587eaedefc760c3e7423ed1463') in 0.035131 seconds 
========================================================================
Received Import Request.
  Time since last request: 6.620567 seconds.
  path: Assets/Objects/Settings.prefab
  artifactKey: Guid(4498a5cb5e0d24347830bbd7522c39f0) Importer(815301076,1909f56bfc062723c751e8b465ee728b)
Start importing Assets/Objects/Settings.prefab using Guid(4498a5cb5e0d24347830bbd7522c39f0) Importer(815301076,1909f56bfc062723c751e8b465ee728b)  -> (artifact id: '54748ed2f28060a18c4a5243db4002b4') in 0.034109 seconds 
========================================================================
Received Import Request.
  Time since last request: 15.264653 seconds.
  path: Assets/Objects/Settings.prefab
  artifactKey: Guid(4498a5cb5e0d24347830bbd7522c39f0) Importer(815301076,1909f56bfc062723c751e8b465ee728b)
Start importing Assets/Objects/Settings.prefab using Guid(4498a5cb5e0d24347830bbd7522c39f0) Importer(815301076,1909f56bfc062723c751e8b465ee728b)  -> (artifact id: '7d5d78fb6d3f93656c8c673f47528c5b') in 0.034598 seconds 
========================================================================
Received Import Request.
  Time since last request: 16.190095 seconds.
  path: Assets/Objects/Settings.prefab
  artifactKey: Guid(4498a5cb5e0d24347830bbd7522c39f0) Importer(815301076,1909f56bfc062723c751e8b465ee728b)
Start importing Assets/Objects/Settings.prefab using Guid(4498a5cb5e0d24347830bbd7522c39f0) Importer(815301076,1909f56bfc062723c751e8b465ee728b)  -> (artifact id: 'd9cc06e3a13078e584791b0c78b71c75') in 0.035957 seconds 
========================================================================
Received Import Request.
  Time since last request: 16.528606 seconds.
  path: Assets/Objects/Settings.prefab
  artifactKey: Guid(4498a5cb5e0d24347830bbd7522c39f0) Importer(815301076,1909f56bfc062723c751e8b465ee728b)
Start importing Assets/Objects/Settings.prefab using Guid(4498a5cb5e0d24347830bbd7522c39f0) Importer(815301076,1909f56bfc062723c751e8b465ee728b)  -> (artifact id: '0d02d5a008f963e72dbe904d820cfa2d') in 0.035396 seconds 
========================================================================
Received Import Request.
  Time since last request: 2.118025 seconds.
  path: Assets/Objects/Settings.prefab
  artifactKey: Guid(4498a5cb5e0d24347830bbd7522c39f0) Importer(815301076,1909f56bfc062723c751e8b465ee728b)
Start importing Assets/Objects/Settings.prefab using Guid(4498a5cb5e0d24347830bbd7522c39f0) Importer(815301076,1909f56bfc062723c751e8b465ee728b)  -> (artifact id: '3ae10e2a827b118315b215f092d8d335') in 0.034613 seconds 
========================================================================
Received Import Request.
  Time since last request: 6.735068 seconds.
  path: Assets/Objects/Settings.prefab
  artifactKey: Guid(4498a5cb5e0d24347830bbd7522c39f0) Importer(815301076,1909f56bfc062723c751e8b465ee728b)
Start importing Assets/Objects/Settings.prefab using Guid(4498a5cb5e0d24347830bbd7522c39f0) Importer(815301076,1909f56bfc062723c751e8b465ee728b)  -> (artifact id: 'bf56a55bfe8451f9874bfcc5c1195c10') in 0.034599 seconds 
========================================================================
Received Import Request.
  Time since last request: 7.652274 seconds.
  path: Assets/Objects/Settings.prefab
  artifactKey: Guid(4498a5cb5e0d24347830bbd7522c39f0) Importer(815301076,1909f56bfc062723c751e8b465ee728b)
Start importing Assets/Objects/Settings.prefab using Guid(4498a5cb5e0d24347830bbd7522c39f0) Importer(815301076,1909f56bfc062723c751e8b465ee728b)  -> (artifact id: '68ee48b608ca34668aed86309f8d7b2e') in 0.036650 seconds 
========================================================================
Received Prepare
Registering precompiled user dll's ...
Registered in 0.003541 seconds.
Begin MonoManager ReloadAssembly
Symbol file LoadedFromMemory doesn't match image C:\Users\kylef\Documents\Unity Games\Chandler Kart\Library\PackageCache\com.unity.visualscripting@1.7.8\Editor\VisualScripting.Core\Dependencies\YamlDotNet\Unity.VisualScripting.YamlDotNet.dll
Symbol file LoadedFromMemory doesn't match image C:\Users\kylef\Documents\Unity Games\Chandler Kart\Library\PackageCache\com.unity.visualscripting@1.7.8\Editor\VisualScripting.Core\Dependencies\DotNetZip\Unity.VisualScripting.IonicZip.dll
Native extension for WindowsStandalone target not found
Refreshing native plugins compatible for Editor in 0.61 ms, found 3 plugins.
Preloading 0 native plugins for Editor in 0.00 ms.
Mono: successfully reloaded assembly
- Completed reload, in  0.885 seconds
Domain Reload Profiling:
	ReloadAssembly (886ms)
		BeginReloadAssembly (119ms)
			ExecutionOrderSort (0ms)
			DisableScriptedObjects (4ms)
			BackupInstance (0ms)
			ReleaseScriptingObjects (0ms)
			CreateAndSetChildDomain (36ms)
		EndReloadAssembly (687ms)
			LoadAssemblies (68ms)
			RebuildTransferFunctionScriptingTraits (0ms)
			SetupTypeCache (228ms)
			ReleaseScriptCaches (1ms)
			RebuildScriptCaches (37ms)
			SetupLoadedEditorAssemblies (305ms)
				LogAssemblyErrors (0ms)
				InitializePlatformSupportModulesInManaged (10ms)
				SetLoadedEditorAssemblies (0ms)
				RefreshPlugins (1ms)
				BeforeProcessingInitializeOnLoad (51ms)
				ProcessInitializeOnLoadAttributes (218ms)
				ProcessInitializeOnLoadMethodAttributes (20ms)
				AfterProcessingInitializeOnLoad (5ms)
				EditorAssembliesLoaded (0ms)
			ExecutionOrderSort2 (0ms)
			AwakeInstancesAfterBackupRestoration (5ms)
Platform modules already initialized, skipping
Refreshing native plugins compatible for Editor in 1.81 ms, found 3 plugins.
Preloading 0 native plugins for Editor in 0.00 ms.
Unloading 3490 Unused Serialized files (Serialized files now loaded: 0)
Unloading 16 unused Assets / (24.6 KB). Loaded Objects now: 3988.
Memory consumption went from 130.6 MB to 130.6 MB.
Total: 2.832400 ms (FindLiveObjects: 0.232500 ms CreateObjectMapping: 0.087600 ms MarkObjects: 2.486000 ms  DeleteObjects: 0.025400 ms)

AssetImportParameters requested are different than current active one (requested -> active):
  custom:video-decoder-ogg-theora: a1e56fd34408186e4bbccfd4996cb3dc -> 
  custom:container-muxer-webm: aa71ff27fc2769a1b78a27578f13a17b -> 
  custom:container-demuxer-webm: 4f35f7cbe854078d1ac9338744f61a02 -> 
  custom:video-encoder-webm-vp8: eb34c28f22e8b96e1ab97ce403110664 -> 
  custom:video-codec-MediaFoundation-h265: 746d11721c4dcdbdad8f713fa42b33f4 -> 
  custom:audio-encoder-webm-vorbis: bf7c407c2cedff20999df2af8eb42d56 -> 
  custom:framework-win-MediaFoundation: 216162199b28c13a410421893ffa2e32 -> 
  custom:container-demuxer-ogg: 62fdf1f143b41e24485cea50d1cbac27 -> 
  custom:video-decoder-webm-vp8: 9c59270c3fd7afecdb556c50c9e8de78 -> 
  custom:audio-decoder-ogg-vorbis: bf7c407c2cedff20999df2af8eb42d56 -> 
========================================================================
Received Import Request.
  Time since last request: 89.592879 seconds.
  path: Assets/Sounds/Belknap Blitz Day Start.mp3
  artifactKey: Guid(f3bdb87f6fc76994da1ae5ca10334492) Importer(815301076,1909f56bfc062723c751e8b465ee728b)
Start importing Assets/Sounds/Belknap Blitz Day Start.mp3 using Guid(f3bdb87f6fc76994da1ae5ca10334492) Importer(815301076,1909f56bfc062723c751e8b465ee728b)  -> (artifact id: 'f70ba40324786a0e76d6c90211e7b8e1') in 0.077387 seconds 
========================================================================
Received Import Request.
  Time since last request: 0.000031 seconds.
  path: Assets/Sounds/Belknap Blitz Night Start.mp3
  artifactKey: Guid(4235c34f5b5d08a43966ae5a00579bed) Importer(815301076,1909f56bfc062723c751e8b465ee728b)
Start importing Assets/Sounds/Belknap Blitz Night Start.mp3 using Guid(4235c34f5b5d08a43966ae5a00579bed) Importer(815301076,1909f56bfc062723c751e8b465ee728b)  -> (artifact id: 'b1824b590535f443a715d671831cae6c') in 0.014318 seconds 
========================================================================
Received Import Request.
  Time since last request: 7.882779 seconds.
  path: Assets/Objects/Settings.prefab
  artifactKey: Guid(4498a5cb5e0d24347830bbd7522c39f0) Importer(815301076,1909f56bfc062723c751e8b465ee728b)
Start importing Assets/Objects/Settings.prefab using Guid(4498a5cb5e0d24347830bbd7522c39f0) Importer(815301076,1909f56bfc062723c751e8b465ee728b)  -> (artifact id: '3c3b22e17b875f0e6023b48f04389283') in 0.062678 seconds 
========================================================================
Received Import Request.
  Time since last request: 0.744461 seconds.
  path: Assets/Objects/Settings.prefab
  artifactKey: Guid(4498a5cb5e0d24347830bbd7522c39f0) Importer(815301076,1909f56bfc062723c751e8b465ee728b)
Start importing Assets/Objects/Settings.prefab using Guid(4498a5cb5e0d24347830bbd7522c39f0) Importer(815301076,1909f56bfc062723c751e8b465ee728b)  -> (artifact id: '53a4a98b29f987b6193f1d76c74f786f') in 0.034482 seconds 
========================================================================
Received Import Request.
  Time since last request: 15.323332 seconds.
  path: Assets/Objects/Settings.prefab
  artifactKey: Guid(4498a5cb5e0d24347830bbd7522c39f0) Importer(815301076,1909f56bfc062723c751e8b465ee728b)
Start importing Assets/Objects/Settings.prefab using Guid(4498a5cb5e0d24347830bbd7522c39f0) Importer(815301076,1909f56bfc062723c751e8b465ee728b)  -> (artifact id: 'c7acfd9f0840aeb41e38fbdbb32131c0') in 0.034528 seconds 
========================================================================
Received Import Request.
  Time since last request: 4.477691 seconds.
  path: Assets/Objects/Settings.prefab
  artifactKey: Guid(4498a5cb5e0d24347830bbd7522c39f0) Importer(815301076,1909f56bfc062723c751e8b465ee728b)
Start importing Assets/Objects/Settings.prefab using Guid(4498a5cb5e0d24347830bbd7522c39f0) Importer(815301076,1909f56bfc062723c751e8b465ee728b)  -> (artifact id: '4e3b74c14ba867db186277e903efc689') in 0.033531 seconds 
========================================================================
Received Import Request.
  Time since last request: 4.458803 seconds.
  path: Assets/Objects/Settings.prefab
  artifactKey: Guid(4498a5cb5e0d24347830bbd7522c39f0) Importer(815301076,1909f56bfc062723c751e8b465ee728b)
Start importing Assets/Objects/Settings.prefab using Guid(4498a5cb5e0d24347830bbd7522c39f0) Importer(815301076,1909f56bfc062723c751e8b465ee728b)  -> (artifact id: 'f58654dbd8c846c0aa3b1e9677b71996') in 0.032563 seconds 
========================================================================
Received Prepare
Registering precompiled user dll's ...
Registered in 0.005262 seconds.
Begin MonoManager ReloadAssembly
Symbol file LoadedFromMemory doesn't match image C:\Users\kylef\Documents\Unity Games\Chandler Kart\Library\PackageCache\com.unity.visualscripting@1.7.8\Editor\VisualScripting.Core\Dependencies\YamlDotNet\Unity.VisualScripting.YamlDotNet.dll
Symbol file LoadedFromMemory doesn't match image C:\Users\kylef\Documents\Unity Games\Chandler Kart\Library\PackageCache\com.unity.visualscripting@1.7.8\Editor\VisualScripting.Core\Dependencies\DotNetZip\Unity.VisualScripting.IonicZip.dll
Native extension for WindowsStandalone target not found
Refreshing native plugins compatible for Editor in 0.70 ms, found 3 plugins.
Preloading 0 native plugins for Editor in 0.00 ms.
Mono: successfully reloaded assembly
- Completed reload, in  0.854 seconds
Domain Reload Profiling:
	ReloadAssembly (854ms)
		BeginReloadAssembly (124ms)
			ExecutionOrderSort (0ms)
			DisableScriptedObjects (6ms)
			BackupInstance (0ms)
			ReleaseScriptingObjects (0ms)
			CreateAndSetChildDomain (37ms)
		EndReloadAssembly (647ms)
			LoadAssemblies (68ms)
			RebuildTransferFunctionScriptingTraits (0ms)
			SetupTypeCache (206ms)
			ReleaseScriptCaches (2ms)
			RebuildScriptCaches (35ms)
			SetupLoadedEditorAssemblies (296ms)
				LogAssemblyErrors (0ms)
				InitializePlatformSupportModulesInManaged (10ms)
				SetLoadedEditorAssemblies (0ms)
				RefreshPlugins (1ms)
				BeforeProcessingInitializeOnLoad (51ms)
				ProcessInitializeOnLoadAttributes (209ms)
				ProcessInitializeOnLoadMethodAttributes (17ms)
				AfterProcessingInitializeOnLoad (7ms)
				EditorAssembliesLoaded (0ms)
			ExecutionOrderSort2 (0ms)
			AwakeInstancesAfterBackupRestoration (5ms)
Platform modules already initialized, skipping
Refreshing native plugins compatible for Editor in 1.84 ms, found 3 plugins.
Preloading 0 native plugins for Editor in 0.00 ms.
Unloading 3490 Unused Serialized files (Serialized files now loaded: 0)
Unloading 16 unused Assets / (24.6 KB). Loaded Objects now: 3991.
Memory consumption went from 130.6 MB to 130.6 MB.
Total: 3.411900 ms (FindLiveObjects: 0.444500 ms CreateObjectMapping: 0.253300 ms MarkObjects: 2.676200 ms  DeleteObjects: 0.036700 ms)

AssetImportParameters requested are different than current active one (requested -> active):
  custom:video-decoder-ogg-theora: a1e56fd34408186e4bbccfd4996cb3dc -> 
  custom:container-muxer-webm: aa71ff27fc2769a1b78a27578f13a17b -> 
  custom:container-demuxer-webm: 4f35f7cbe854078d1ac9338744f61a02 -> 
  custom:video-encoder-webm-vp8: eb34c28f22e8b96e1ab97ce403110664 -> 
  custom:video-codec-MediaFoundation-h265: 746d11721c4dcdbdad8f713fa42b33f4 -> 
  custom:audio-encoder-webm-vorbis: bf7c407c2cedff20999df2af8eb42d56 -> 
  custom:framework-win-MediaFoundation: 216162199b28c13a410421893ffa2e32 -> 
  custom:container-demuxer-ogg: 62fdf1f143b41e24485cea50d1cbac27 -> 
  custom:video-decoder-webm-vp8: 9c59270c3fd7afecdb556c50c9e8de78 -> 
  custom:audio-decoder-ogg-vorbis: bf7c407c2cedff20999df2af8eb42d56 -> 
========================================================================
Received Prepare
Registering precompiled user dll's ...
Registered in 0.006178 seconds.
Begin MonoManager ReloadAssembly
Symbol file LoadedFromMemory doesn't match image C:\Users\kylef\Documents\Unity Games\Chandler Kart\Library\PackageCache\com.unity.visualscripting@1.7.8\Editor\VisualScripting.Core\Dependencies\YamlDotNet\Unity.VisualScripting.YamlDotNet.dll
Symbol file LoadedFromMemory doesn't match image C:\Users\kylef\Documents\Unity Games\Chandler Kart\Library\PackageCache\com.unity.visualscripting@1.7.8\Editor\VisualScripting.Core\Dependencies\DotNetZip\Unity.VisualScripting.IonicZip.dll
Native extension for WindowsStandalone target not found
Refreshing native plugins compatible for Editor in 0.61 ms, found 3 plugins.
Preloading 0 native plugins for Editor in 0.00 ms.
Mono: successfully reloaded assembly
- Completed reload, in  0.935 seconds
Domain Reload Profiling:
	ReloadAssembly (936ms)
		BeginReloadAssembly (121ms)
			ExecutionOrderSort (0ms)
			DisableScriptedObjects (4ms)
			BackupInstance (0ms)
			ReleaseScriptingObjects (0ms)
			CreateAndSetChildDomain (37ms)
		EndReloadAssembly (736ms)
			LoadAssemblies (68ms)
			RebuildTransferFunctionScriptingTraits (0ms)
			SetupTypeCache (242ms)
			ReleaseScriptCaches (1ms)
			RebuildScriptCaches (48ms)
			SetupLoadedEditorAssemblies (314ms)
				LogAssemblyErrors (0ms)
				InitializePlatformSupportModulesInManaged (10ms)
				SetLoadedEditorAssemblies (0ms)
				RefreshPlugins (1ms)
				BeforeProcessingInitializeOnLoad (60ms)
				ProcessInitializeOnLoadAttributes (221ms)
				ProcessInitializeOnLoadMethodAttributes (17ms)
				AfterProcessingInitializeOnLoad (5ms)
				EditorAssembliesLoaded (0ms)
			ExecutionOrderSort2 (0ms)
			AwakeInstancesAfterBackupRestoration (5ms)
Platform modules already initialized, skipping
Refreshing native plugins compatible for Editor in 1.68 ms, found 3 plugins.
Preloading 0 native plugins for Editor in 0.00 ms.
Unloading 3490 Unused Serialized files (Serialized files now loaded: 0)
Unloading 16 unused Assets / (24.6 KB). Loaded Objects now: 3992.
Memory consumption went from 130.6 MB to 130.6 MB.
Total: 2.799000 ms (FindLiveObjects: 0.253400 ms CreateObjectMapping: 0.092200 ms MarkObjects: 2.426700 ms  DeleteObjects: 0.025400 ms)

AssetImportParameters requested are different than current active one (requested -> active):
  custom:video-decoder-ogg-theora: a1e56fd34408186e4bbccfd4996cb3dc -> 
  custom:container-muxer-webm: aa71ff27fc2769a1b78a27578f13a17b -> 
  custom:container-demuxer-webm: 4f35f7cbe854078d1ac9338744f61a02 -> 
  custom:video-encoder-webm-vp8: eb34c28f22e8b96e1ab97ce403110664 -> 
  custom:video-codec-MediaFoundation-h265: 746d11721c4dcdbdad8f713fa42b33f4 -> 
  custom:audio-encoder-webm-vorbis: bf7c407c2cedff20999df2af8eb42d56 -> 
  custom:framework-win-MediaFoundation: 216162199b28c13a410421893ffa2e32 -> 
  custom:container-demuxer-ogg: 62fdf1f143b41e24485cea50d1cbac27 -> 
  custom:video-decoder-webm-vp8: 9c59270c3fd7afecdb556c50c9e8de78 -> 
  custom:audio-decoder-ogg-vorbis: bf7c407c2cedff20999df2af8eb42d56 -> 
========================================================================
Received Prepare
Registering precompiled user dll's ...
Registered in 0.003377 seconds.
Begin MonoManager ReloadAssembly
Symbol file LoadedFromMemory doesn't match image C:\Users\kylef\Documents\Unity Games\Chandler Kart\Library\PackageCache\com.unity.visualscripting@1.7.8\Editor\VisualScripting.Core\Dependencies\YamlDotNet\Unity.VisualScripting.YamlDotNet.dll
Symbol file LoadedFromMemory doesn't match image C:\Users\kylef\Documents\Unity Games\Chandler Kart\Library\PackageCache\com.unity.visualscripting@1.7.8\Editor\VisualScripting.Core\Dependencies\DotNetZip\Unity.VisualScripting.IonicZip.dll
Native extension for WindowsStandalone target not found
Refreshing native plugins compatible for Editor in 0.60 ms, found 3 plugins.
Preloading 0 native plugins for Editor in 0.00 ms.
Mono: successfully reloaded assembly
- Completed reload, in  0.881 seconds
Domain Reload Profiling:
	ReloadAssembly (881ms)
		BeginReloadAssembly (110ms)
			ExecutionOrderSort (0ms)
			DisableScriptedObjects (4ms)
			BackupInstance (0ms)
			ReleaseScriptingObjects (0ms)
			CreateAndSetChildDomain (30ms)
		EndReloadAssembly (692ms)
			LoadAssemblies (63ms)
			RebuildTransferFunctionScriptingTraits (0ms)
			SetupTypeCache (227ms)
			ReleaseScriptCaches (3ms)
			RebuildScriptCaches (36ms)
			SetupLoadedEditorAssemblies (317ms)
				LogAssemblyErrors (0ms)
				InitializePlatformSupportModulesInManaged (10ms)
				SetLoadedEditorAssemblies (0ms)
				RefreshPlugins (1ms)
				BeforeProcessingInitializeOnLoad (60ms)
				ProcessInitializeOnLoadAttributes (224ms)
				ProcessInitializeOnLoadMethodAttributes (16ms)
				AfterProcessingInitializeOnLoad (5ms)
				EditorAssembliesLoaded (0ms)
			ExecutionOrderSort2 (0ms)
			AwakeInstancesAfterBackupRestoration (4ms)
Platform modules already initialized, skipping
Refreshing native plugins compatible for Editor in 1.38 ms, found 3 plugins.
Preloading 0 native plugins for Editor in 0.00 ms.
Unloading 3490 Unused Serialized files (Serialized files now loaded: 0)
Unloading 16 unused Assets / (24.6 KB). Loaded Objects now: 3993.
Memory consumption went from 130.6 MB to 130.6 MB.
Total: 2.632400 ms (FindLiveObjects: 0.293500 ms CreateObjectMapping: 0.100200 ms MarkObjects: 2.220700 ms  DeleteObjects: 0.017300 ms)

AssetImportParameters requested are different than current active one (requested -> active):
  custom:video-decoder-ogg-theora: a1e56fd34408186e4bbccfd4996cb3dc -> 
  custom:container-muxer-webm: aa71ff27fc2769a1b78a27578f13a17b -> 
  custom:container-demuxer-webm: 4f35f7cbe854078d1ac9338744f61a02 -> 
  custom:video-encoder-webm-vp8: eb34c28f22e8b96e1ab97ce403110664 -> 
  custom:video-codec-MediaFoundation-h265: 746d11721c4dcdbdad8f713fa42b33f4 -> 
  custom:audio-encoder-webm-vorbis: bf7c407c2cedff20999df2af8eb42d56 -> 
  custom:framework-win-MediaFoundation: 216162199b28c13a410421893ffa2e32 -> 
  custom:container-demuxer-ogg: 62fdf1f143b41e24485cea50d1cbac27 -> 
  custom:video-decoder-webm-vp8: 9c59270c3fd7afecdb556c50c9e8de78 -> 
  custom:audio-decoder-ogg-vorbis: bf7c407c2cedff20999df2af8eb42d56 -> 
========================================================================
Received Prepare
Registering precompiled user dll's ...
Registered in 0.003735 seconds.
Begin MonoManager ReloadAssembly
Symbol file LoadedFromMemory doesn't match image C:\Users\kylef\Documents\Unity Games\Chandler Kart\Library\PackageCache\com.unity.visualscripting@1.7.8\Editor\VisualScripting.Core\Dependencies\YamlDotNet\Unity.VisualScripting.YamlDotNet.dll
Symbol file LoadedFromMemory doesn't match image C:\Users\kylef\Documents\Unity Games\Chandler Kart\Library\PackageCache\com.unity.visualscripting@1.7.8\Editor\VisualScripting.Core\Dependencies\DotNetZip\Unity.VisualScripting.IonicZip.dll
Native extension for WindowsStandalone target not found
Refreshing native plugins compatible for Editor in 1.04 ms, found 3 plugins.
Preloading 0 native plugins for Editor in 0.00 ms.
Mono: successfully reloaded assembly
- Completed reload, in  0.914 seconds
Domain Reload Profiling:
	ReloadAssembly (915ms)
		BeginReloadAssembly (115ms)
			ExecutionOrderSort (0ms)
			DisableScriptedObjects (4ms)
			BackupInstance (0ms)
			ReleaseScriptingObjects (0ms)
			CreateAndSetChildDomain (31ms)
		EndReloadAssembly (712ms)
			LoadAssemblies (74ms)
			RebuildTransferFunctionScriptingTraits (0ms)
			SetupTypeCache (239ms)
			ReleaseScriptCaches (1ms)
			RebuildScriptCaches (48ms)
			SetupLoadedEditorAssemblies (308ms)
				LogAssemblyErrors (0ms)
				InitializePlatformSupportModulesInManaged (11ms)
				SetLoadedEditorAssemblies (1ms)
				RefreshPlugins (1ms)
				BeforeProcessingInitializeOnLoad (53ms)
				ProcessInitializeOnLoadAttributes (221ms)
				ProcessInitializeOnLoadMethodAttributes (16ms)
				AfterProcessingInitializeOnLoad (5ms)
				EditorAssembliesLoaded (0ms)
			ExecutionOrderSort2 (0ms)
			AwakeInstancesAfterBackupRestoration (5ms)
Platform modules already initialized, skipping
Refreshing native plugins compatible for Editor in 1.65 ms, found 3 plugins.
Preloading 0 native plugins for Editor in 0.00 ms.
Unloading 3490 Unused Serialized files (Serialized files now loaded: 0)
Unloading 16 unused Assets / (24.7 KB). Loaded Objects now: 3994.
Memory consumption went from 130.6 MB to 130.6 MB.
Total: 3.082700 ms (FindLiveObjects: 0.340100 ms CreateObjectMapping: 0.183000 ms MarkObjects: 2.529900 ms  DeleteObjects: 0.028100 ms)

AssetImportParameters requested are different than current active one (requested -> active):
  custom:video-decoder-ogg-theora: a1e56fd34408186e4bbccfd4996cb3dc -> 
  custom:container-muxer-webm: aa71ff27fc2769a1b78a27578f13a17b -> 
  custom:container-demuxer-webm: 4f35f7cbe854078d1ac9338744f61a02 -> 
  custom:video-encoder-webm-vp8: eb34c28f22e8b96e1ab97ce403110664 -> 
  custom:video-codec-MediaFoundation-h265: 746d11721c4dcdbdad8f713fa42b33f4 -> 
  custom:audio-encoder-webm-vorbis: bf7c407c2cedff20999df2af8eb42d56 -> 
  custom:framework-win-MediaFoundation: 216162199b28c13a410421893ffa2e32 -> 
  custom:container-demuxer-ogg: 62fdf1f143b41e24485cea50d1cbac27 -> 
  custom:video-decoder-webm-vp8: 9c59270c3fd7afecdb556c50c9e8de78 -> 
  custom:audio-decoder-ogg-vorbis: bf7c407c2cedff20999df2af8eb42d56 -> 
========================================================================
Received Prepare
Registering precompiled user dll's ...
Registered in 0.003632 seconds.
Begin MonoManager ReloadAssembly
Symbol file LoadedFromMemory doesn't match image C:\Users\kylef\Documents\Unity Games\Chandler Kart\Library\PackageCache\com.unity.visualscripting@1.7.8\Editor\VisualScripting.Core\Dependencies\YamlDotNet\Unity.VisualScripting.YamlDotNet.dll
Symbol file LoadedFromMemory doesn't match image C:\Users\kylef\Documents\Unity Games\Chandler Kart\Library\PackageCache\com.unity.visualscripting@1.7.8\Editor\VisualScripting.Core\Dependencies\DotNetZip\Unity.VisualScripting.IonicZip.dll
Native extension for WindowsStandalone target not found
Refreshing native plugins compatible for Editor in 0.59 ms, found 3 plugins.
Preloading 0 native plugins for Editor in 0.00 ms.
Mono: successfully reloaded assembly
- Completed reload, in  0.855 seconds
Domain Reload Profiling:
	ReloadAssembly (855ms)
		BeginReloadAssembly (115ms)
			ExecutionOrderSort (0ms)
			DisableScriptedObjects (4ms)
			BackupInstance (0ms)
			ReleaseScriptingObjects (0ms)
			CreateAndSetChildDomain (31ms)
		EndReloadAssembly (665ms)
			LoadAssemblies (68ms)
			RebuildTransferFunctionScriptingTraits (0ms)
			SetupTypeCache (218ms)
			ReleaseScriptCaches (1ms)
			RebuildScriptCaches (34ms)
			SetupLoadedEditorAssemblies (299ms)
				LogAssemblyErrors (0ms)
				InitializePlatformSupportModulesInManaged (10ms)
				SetLoadedEditorAssemblies (0ms)
				RefreshPlugins (1ms)
				BeforeProcessingInitializeOnLoad (51ms)
				ProcessInitializeOnLoadAttributes (212ms)
				ProcessInitializeOnLoadMethodAttributes (19ms)
				AfterProcessingInitializeOnLoad (5ms)
				EditorAssembliesLoaded (0ms)
			ExecutionOrderSort2 (0ms)
			AwakeInstancesAfterBackupRestoration (5ms)
Platform modules already initialized, skipping
Refreshing native plugins compatible for Editor in 1.43 ms, found 3 plugins.
Preloading 0 native plugins for Editor in 0.00 ms.
Unloading 3490 Unused Serialized files (Serialized files now loaded: 0)
Unloading 16 unused Assets / (24.6 KB). Loaded Objects now: 3995.
Memory consumption went from 130.6 MB to 130.6 MB.
Total: 2.610500 ms (FindLiveObjects: 0.245000 ms CreateObjectMapping: 0.088500 ms MarkObjects: 2.250300 ms  DeleteObjects: 0.025000 ms)

AssetImportParameters requested are different than current active one (requested -> active):
  custom:video-decoder-ogg-theora: a1e56fd34408186e4bbccfd4996cb3dc -> 
  custom:container-muxer-webm: aa71ff27fc2769a1b78a27578f13a17b -> 
  custom:container-demuxer-webm: 4f35f7cbe854078d1ac9338744f61a02 -> 
  custom:video-encoder-webm-vp8: eb34c28f22e8b96e1ab97ce403110664 -> 
  custom:video-codec-MediaFoundation-h265: 746d11721c4dcdbdad8f713fa42b33f4 -> 
  custom:audio-encoder-webm-vorbis: bf7c407c2cedff20999df2af8eb42d56 -> 
  custom:framework-win-MediaFoundation: 216162199b28c13a410421893ffa2e32 -> 
  custom:container-demuxer-ogg: 62fdf1f143b41e24485cea50d1cbac27 -> 
  custom:video-decoder-webm-vp8: 9c59270c3fd7afecdb556c50c9e8de78 -> 
  custom:audio-decoder-ogg-vorbis: bf7c407c2cedff20999df2af8eb42d56 -> 
========================================================================
Received Import Request.
  Time since last request: 563.181229 seconds.
  path: Assets/Objects/Audio.prefab
  artifactKey: Guid(e5bf5b242f58c3c44a541cae1c5d4b13) Importer(815301076,1909f56bfc062723c751e8b465ee728b)
Start importing Assets/Objects/Audio.prefab using Guid(e5bf5b242f58c3c44a541cae1c5d4b13) Importer(815301076,1909f56bfc062723c751e8b465ee728b)  -> (artifact id: 'b8f12c27c35f4e86cfa66a5dd990d3ed') in 0.045098 seconds 
========================================================================
Received Import Request.
  Time since last request: 0.000026 seconds.
  path: Assets/Objects/Settings.prefab
  artifactKey: Guid(4498a5cb5e0d24347830bbd7522c39f0) Importer(815301076,1909f56bfc062723c751e8b465ee728b)
Start importing Assets/Objects/Settings.prefab using Guid(4498a5cb5e0d24347830bbd7522c39f0) Importer(815301076,1909f56bfc062723c751e8b465ee728b)  -> (artifact id: '52437175f566abf3c73fc9dd91416db0') in 0.074075 seconds 
========================================================================
Received Prepare
Registering precompiled user dll's ...
Registered in 0.004752 seconds.
Begin MonoManager ReloadAssembly
Symbol file LoadedFromMemory doesn't match image C:\Users\kylef\Documents\Unity Games\Chandler Kart\Library\PackageCache\com.unity.visualscripting@1.7.8\Editor\VisualScripting.Core\Dependencies\YamlDotNet\Unity.VisualScripting.YamlDotNet.dll
Symbol file LoadedFromMemory doesn't match image C:\Users\kylef\Documents\Unity Games\Chandler Kart\Library\PackageCache\com.unity.visualscripting@1.7.8\Editor\VisualScripting.Core\Dependencies\DotNetZip\Unity.VisualScripting.IonicZip.dll
Native extension for WindowsStandalone target not found
Refreshing native plugins compatible for Editor in 0.71 ms, found 3 plugins.
Preloading 0 native plugins for Editor in 0.00 ms.
Mono: successfully reloaded assembly
- Completed reload, in  0.829 seconds
Domain Reload Profiling:
	ReloadAssembly (829ms)
		BeginReloadAssembly (118ms)
			ExecutionOrderSort (0ms)
			DisableScriptedObjects (6ms)
			BackupInstance (0ms)
			ReleaseScriptingObjects (0ms)
			CreateAndSetChildDomain (35ms)
		EndReloadAssembly (630ms)
			LoadAssemblies (67ms)
			RebuildTransferFunctionScriptingTraits (0ms)
			SetupTypeCache (198ms)
			ReleaseScriptCaches (1ms)
			RebuildScriptCaches (33ms)
			SetupLoadedEditorAssemblies (296ms)
				LogAssemblyErrors (0ms)
				InitializePlatformSupportModulesInManaged (9ms)
				SetLoadedEditorAssemblies (0ms)
				RefreshPlugins (1ms)
				BeforeProcessingInitializeOnLoad (49ms)
				ProcessInitializeOnLoadAttributes (213ms)
				ProcessInitializeOnLoadMethodAttributes (19ms)
				AfterProcessingInitializeOnLoad (5ms)
				EditorAssembliesLoaded (0ms)
			ExecutionOrderSort2 (0ms)
			AwakeInstancesAfterBackupRestoration (4ms)
Platform modules already initialized, skipping
Refreshing native plugins compatible for Editor in 1.41 ms, found 3 plugins.
Preloading 0 native plugins for Editor in 0.00 ms.
Unloading 3490 Unused Serialized files (Serialized files now loaded: 0)
Unloading 16 unused Assets / (24.7 KB). Loaded Objects now: 3996.
Memory consumption went from 130.7 MB to 130.6 MB.
Total: 2.676300 ms (FindLiveObjects: 0.221000 ms CreateObjectMapping: 0.080700 ms MarkObjects: 2.342000 ms  DeleteObjects: 0.031800 ms)

AssetImportParameters requested are different than current active one (requested -> active):
  custom:video-decoder-ogg-theora: a1e56fd34408186e4bbccfd4996cb3dc -> 
  custom:container-muxer-webm: aa71ff27fc2769a1b78a27578f13a17b -> 
  custom:container-demuxer-webm: 4f35f7cbe854078d1ac9338744f61a02 -> 
  custom:video-encoder-webm-vp8: eb34c28f22e8b96e1ab97ce403110664 -> 
  custom:video-codec-MediaFoundation-h265: 746d11721c4dcdbdad8f713fa42b33f4 -> 
  custom:audio-encoder-webm-vorbis: bf7c407c2cedff20999df2af8eb42d56 -> 
  custom:framework-win-MediaFoundation: 216162199b28c13a410421893ffa2e32 -> 
  custom:container-demuxer-ogg: 62fdf1f143b41e24485cea50d1cbac27 -> 
  custom:video-decoder-webm-vp8: 9c59270c3fd7afecdb556c50c9e8de78 -> 
  custom:audio-decoder-ogg-vorbis: bf7c407c2cedff20999df2af8eb42d56 -> 
========================================================================
Received Import Request.
  Time since last request: 33.445966 seconds.
  path: Assets/Sounds/Accelerate.mp3
  artifactKey: Guid(5f5d09d01dd23124ea19014363374d18) Importer(815301076,1909f56bfc062723c751e8b465ee728b)
Start importing Assets/Sounds/Accelerate.mp3 using Guid(5f5d09d01dd23124ea19014363374d18) Importer(815301076,1909f56bfc062723c751e8b465ee728b)  -> (artifact id: '49304298495632bb47cf6b35f1a64de0') in 0.072357 seconds 
========================================================================
Received Import Request.
  Time since last request: 0.000029 seconds.
  path: Assets/Sounds/Switch Gear.mp3
  artifactKey: Guid(bc51483f0732db34d853ea11842ec932) Importer(815301076,1909f56bfc062723c751e8b465ee728b)
Start importing Assets/Sounds/Switch Gear.mp3 using Guid(bc51483f0732db34d853ea11842ec932) Importer(815301076,1909f56bfc062723c751e8b465ee728b)  -> (artifact id: '377205cec45b742fbe09d7d4241a3f09') in 0.017223 seconds 
========================================================================
Received Import Request.
  Time since last request: 0.000032 seconds.
  path: Assets/Sounds/Bump.mp3
  artifactKey: Guid(c0383fbf074ffa143a3d884ec26a47a5) Importer(815301076,1909f56bfc062723c751e8b465ee728b)
Start importing Assets/Sounds/Bump.mp3 using Guid(c0383fbf074ffa143a3d884ec26a47a5) Importer(815301076,1909f56bfc062723c751e8b465ee728b)  -> (artifact id: '8e5cb398fdc1ed609ff41c64a1fc574c') in 0.015629 seconds 
========================================================================
Received Import Request.
  Time since last request: 0.000028 seconds.
  path: Assets/Sounds/Belknap Blitz Day Start.mp3
  artifactKey: Guid(f3bdb87f6fc76994da1ae5ca10334492) Importer(815301076,1909f56bfc062723c751e8b465ee728b)
Start importing Assets/Sounds/Belknap Blitz Day Start.mp3 using Guid(f3bdb87f6fc76994da1ae5ca10334492) Importer(815301076,1909f56bfc062723c751e8b465ee728b)  -> (artifact id: '5c1dfb537b2e5b4badb7a51615d9941f') in 0.010777 seconds 
========================================================================
Received Import Request.
  Time since last request: 0.000027 seconds.
  path: Assets/Sounds/Bounce.mp3
  artifactKey: Guid(aee40d8849187cd4d887f65dd57f22d8) Importer(815301076,1909f56bfc062723c751e8b465ee728b)
Start importing Assets/Sounds/Bounce.mp3 using Guid(aee40d8849187cd4d887f65dd57f22d8) Importer(815301076,1909f56bfc062723c751e8b465ee728b)  -> (artifact id: '8cd8c256f438fd9bce2ae1e08a598ccd') in 0.016789 seconds 
========================================================================
Received Import Request.
  Time since last request: 0.000030 seconds.
  path: Assets/Sounds/Door Close.mp3
  artifactKey: Guid(440c7dba91b9b5c44b74106212ff3b80) Importer(815301076,1909f56bfc062723c751e8b465ee728b)
Start importing Assets/Sounds/Door Close.mp3 using Guid(440c7dba91b9b5c44b74106212ff3b80) Importer(815301076,1909f56bfc062723c751e8b465ee728b)  -> (artifact id: 'd84098006e9f3ec2cc6d3d736a47fc31') in 0.017283 seconds 
========================================================================
Received Import Request.
  Time since last request: 0.000031 seconds.
  path: Assets/Sounds/Belknap Blitz Day.mp3
  artifactKey: Guid(8a17210a007a30046b93c94ce02c6296) Importer(815301076,1909f56bfc062723c751e8b465ee728b)
Start importing Assets/Sounds/Belknap Blitz Day.mp3 using Guid(8a17210a007a30046b93c94ce02c6296) Importer(815301076,1909f56bfc062723c751e8b465ee728b)  -> (artifact id: '4ffaff1ba192565d109a6c6e56e2c187') in 0.017733 seconds 
========================================================================
Received Import Request.
  Time since last request: 0.000035 seconds.
  path: Assets/Sounds/Finish.mp3
  artifactKey: Guid(c25e9b32d024cdc4fa5f31fa3ed15207) Importer(815301076,1909f56bfc062723c751e8b465ee728b)
Start importing Assets/Sounds/Finish.mp3 using Guid(c25e9b32d024cdc4fa5f31fa3ed15207) Importer(815301076,1909f56bfc062723c751e8b465ee728b)  -> (artifact id: 'b698d53aacf671af8d20517fec65acac') in 0.019116 seconds 
========================================================================
Received Import Request.
  Time since last request: 0.000079 seconds.
  path: Assets/Sounds/Ice.mp3
  artifactKey: Guid(bec1af3d6425cb645997930d2e934427) Importer(815301076,1909f56bfc062723c751e8b465ee728b)
Start importing Assets/Sounds/Ice.mp3 using Guid(bec1af3d6425cb645997930d2e934427) Importer(815301076,1909f56bfc062723c751e8b465ee728b)  -> (artifact id: 'b988700581ab7ad6057f2fcd25555db3') in 0.017476 seconds 
========================================================================
Received Import Request.
  Time since last request: 0.000026 seconds.
  path: Assets/Sounds/Item.mp3
  artifactKey: Guid(585df98dab2fcd54dbcb6630cadbea4f) Importer(815301076,1909f56bfc062723c751e8b465ee728b)
Start importing Assets/Sounds/Item.mp3 using Guid(585df98dab2fcd54dbcb6630cadbea4f) Importer(815301076,1909f56bfc062723c751e8b465ee728b)  -> (artifact id: '650a23b80a94a3c96d030d1f56799f9e') in 0.025955 seconds 
========================================================================
Received Import Request.
  Time since last request: 0.000028 seconds.
  path: Assets/Sounds/End.mp3
  artifactKey: Guid(c628b79a5a13aa84c91ee2a42422eb93) Importer(815301076,1909f56bfc062723c751e8b465ee728b)
Start importing Assets/Sounds/End.mp3 using Guid(c628b79a5a13aa84c91ee2a42422eb93) Importer(815301076,1909f56bfc062723c751e8b465ee728b)  -> (artifact id: 'cff15ff89a87bdb2f27832c07710fcf6') in 0.016869 seconds 
========================================================================
Received Import Request.
  Time since last request: 0.000027 seconds.
  path: Assets/Sounds/Hit.mp3
  artifactKey: Guid(29b0da631ee826b43ba7083d4c4e3fde) Importer(815301076,1909f56bfc062723c751e8b465ee728b)
Start importing Assets/Sounds/Hit.mp3 using Guid(29b0da631ee826b43ba7083d4c4e3fde) Importer(815301076,1909f56bfc062723c751e8b465ee728b)  -> (artifact id: 'fceeef5221ce8ce6cb6a7a363d812d95') in 0.017476 seconds 
========================================================================
Received Import Request.
  Time since last request: 0.000029 seconds.
  path: Assets/Sounds/Boost.mp3
  artifactKey: Guid(8c93ec6981d67f6429fd458ea56be05b) Importer(815301076,1909f56bfc062723c751e8b465ee728b)
Start importing Assets/Sounds/Boost.mp3 using Guid(8c93ec6981d67f6429fd458ea56be05b) Importer(815301076,1909f56bfc062723c751e8b465ee728b)  -> (artifact id: '7e626389bdada5d44316e05d7aeb1bfa') in 0.020640 seconds 
========================================================================
Received Import Request.
  Time since last request: 0.000043 seconds.
  path: Assets/Sounds/Use.mp3
  artifactKey: Guid(e69abc334b8862b46bd7244477821360) Importer(815301076,1909f56bfc062723c751e8b465ee728b)
Start importing Assets/Sounds/Use.mp3 using Guid(e69abc334b8862b46bd7244477821360) Importer(815301076,1909f56bfc062723c751e8b465ee728b)  -> (artifact id: '2d779ff15504dcd7cd13a88a26deb592') in 0.018698 seconds 
========================================================================
Received Import Request.
  Time since last request: 0.000041 seconds.
  path: Assets/Sounds/Offroad.mp3
  artifactKey: Guid(8e184099bb4da384890d70813ed5155c) Importer(815301076,1909f56bfc062723c751e8b465ee728b)
Start importing Assets/Sounds/Offroad.mp3 using Guid(8e184099bb4da384890d70813ed5155c) Importer(815301076,1909f56bfc062723c751e8b465ee728b)  -> (artifact id: '9f83dafbe04d7228d918acd697b5bc33') in 0.017808 seconds 
========================================================================
Received Import Request.
  Time since last request: 0.000033 seconds.
  path: Assets/Sounds/Test Sound.mp3
  artifactKey: Guid(501e5d063dd23dd4c8c9ee72128ca53c) Importer(815301076,1909f56bfc062723c751e8b465ee728b)
Start importing Assets/Sounds/Test Sound.mp3 using Guid(501e5d063dd23dd4c8c9ee72128ca53c) Importer(815301076,1909f56bfc062723c751e8b465ee728b)  -> (artifact id: '5018c16120c10620734bda80bef75dcf') in 0.020082 seconds 
========================================================================
Received Import Request.
  Time since last request: 0.000034 seconds.
  path: Assets/Sounds/Final Lap.mp3
  artifactKey: Guid(2ba5e377ad74e004cad5908453dc7ef4) Importer(815301076,1909f56bfc062723c751e8b465ee728b)
Start importing Assets/Sounds/Final Lap.mp3 using Guid(2ba5e377ad74e004cad5908453dc7ef4) Importer(815301076,1909f56bfc062723c751e8b465ee728b)  -> (artifact id: 'e88a42f1302cadeb7e056c28a2c3ac88') in 0.017087 seconds 
========================================================================
Received Import Request.
  Time since last request: 0.000034 seconds.
  path: Assets/Sounds/Brake.mp3
  artifactKey: Guid(7af13c1b1f5f78b4abd4f46dee5e9ad1) Importer(815301076,1909f56bfc062723c751e8b465ee728b)
Start importing Assets/Sounds/Brake.mp3 using Guid(7af13c1b1f5f78b4abd4f46dee5e9ad1) Importer(815301076,1909f56bfc062723c751e8b465ee728b)  -> (artifact id: 'aca192de7fbd45ea98764b6cf63da72e') in 0.016215 seconds 
========================================================================
Received Import Request.
  Time since last request: 0.000050 seconds.
  path: Assets/Sounds/Belknap Blitz Night Start.mp3
  artifactKey: Guid(4235c34f5b5d08a43966ae5a00579bed) Importer(815301076,1909f56bfc062723c751e8b465ee728b)
Start importing Assets/Sounds/Belknap Blitz Night Start.mp3 using Guid(4235c34f5b5d08a43966ae5a00579bed) Importer(815301076,1909f56bfc062723c751e8b465ee728b)  -> (artifact id: '81f21119a832d02b152ffb6fdb2b8453') in 0.016460 seconds 
========================================================================
Received Import Request.
  Time since last request: 0.000030 seconds.
  path: Assets/Sounds/Grounded.mp3
  artifactKey: Guid(c9071bfeec5c4f949b9119841ef0d045) Importer(815301076,1909f56bfc062723c751e8b465ee728b)
Start importing Assets/Sounds/Grounded.mp3 using Guid(c9071bfeec5c4f949b9119841ef0d045) Importer(815301076,1909f56bfc062723c751e8b465ee728b)  -> (artifact id: 'bccf8b3b92f38d15d03da8d7c648fc44') in 0.017896 seconds 
========================================================================
Received Import Request.
  Time since last request: 0.000021 seconds.
  path: Assets/Sounds/Lap.mp3
  artifactKey: Guid(8ebee781e996aef4aa2a9d1207030b43) Importer(815301076,1909f56bfc062723c751e8b465ee728b)
Start importing Assets/Sounds/Lap.mp3 using Guid(8ebee781e996aef4aa2a9d1207030b43) Importer(815301076,1909f56bfc062723c751e8b465ee728b)  -> (artifact id: 'f1514055cab8ef0b5390e664e362dd55') in 0.017522 seconds 
========================================================================
Received Import Request.
  Time since last request: 0.000029 seconds.
  path: Assets/Sounds/Shell Break.mp3
  artifactKey: Guid(54b4a75f828cc9245bf279ff278ece38) Importer(815301076,1909f56bfc062723c751e8b465ee728b)
Start importing Assets/Sounds/Shell Break.mp3 using Guid(54b4a75f828cc9245bf279ff278ece38) Importer(815301076,1909f56bfc062723c751e8b465ee728b)  -> (artifact id: '691ad0a371a3d879461f020ef837069c') in 0.018275 seconds 
Editor requested this worker to shutdown with reason: Scaling down because of idle timeout
AssetImportWorker is now disconnected from the server
Process exiting
Exiting without the bug reporter. Application will terminate with return code 0