Using pre-set license
Built from '2021.3/staging' branch; Version is '2021.3.11f1 (0a5ca18544bf) revision 679073'; Using compiler version '192829333'; Build Type 'Release'
OS: 'Windows 11  (10.0.22621) 64bit Core' Language: 'en' Physical Memory: 32429 MB
BatchMode: 1, IsHumanControllingUs: 0, StartBugReporterOnCrash: 0, Is64bit: 1, IsPro: 1

COMMAND LINE ARGUMENTS:
C:\Program Files\Unity\Hub\Editor\2021.3.11f1\Editor\Unity.exe
-adb2
-batchMode
-noUpm
-name
AssetImportWorker0
-projectPath
C:/Users/kylef/Documents/Unity Games/Chandler Kart
-logFile
Logs/AssetImportWorker0.log
-srvPort
55508
Successfully changed project path to: C:/Users/kylef/Documents/Unity Games/Chandler Kart
C:/Users/kylef/Documents/Unity Games/Chandler Kart
[UnityMemory] Configuration Parameters - Can be set up in boot.config
    "memorysetup-bucket-allocator-granularity=16"
    "memorysetup-bucket-allocator-bucket-count=8"
    "memorysetup-bucket-allocator-block-size=33554432"
    "memorysetup-bucket-allocator-block-count=8"
    "memorysetup-main-allocator-block-size=16777216"
    "memorysetup-thread-allocator-block-size=16777216"
    "memorysetup-gfx-main-allocator-block-size=16777216"
    "memorysetup-gfx-thread-allocator-block-size=16777216"
    "memorysetup-cache-allocator-block-size=4194304"
    "memorysetup-typetree-allocator-block-size=2097152"
    "memorysetup-profiler-bucket-allocator-granularity=16"
    "memorysetup-profiler-bucket-allocator-bucket-count=8"
    "memorysetup-profiler-bucket-allocator-block-size=33554432"
    "memorysetup-profiler-bucket-allocator-block-count=8"
    "memorysetup-profiler-allocator-block-size=16777216"
    "memorysetup-profiler-editor-allocator-block-size=1048576"
    "memorysetup-temp-allocator-size-main=16777216"
    "memorysetup-job-temp-allocator-block-size=2097152"
    "memorysetup-job-temp-allocator-block-size-background=1048576"
    "memorysetup-job-temp-allocator-reduction-small-platforms=262144"
    "memorysetup-temp-allocator-size-background-worker=32768"
    "memorysetup-temp-allocator-size-job-worker=262144"
    "memorysetup-temp-allocator-size-preload-manager=33554432"
    "memorysetup-temp-allocator-size-nav-mesh-worker=65536"
    "memorysetup-temp-allocator-size-audio-worker=65536"
    "memorysetup-temp-allocator-size-cloud-worker=32768"
    "memorysetup-temp-allocator-size-gi-baking-worker=262144"
    "memorysetup-temp-allocator-size-gfx=262144"
Refreshing native plugins compatible for Editor in 74.66 ms, found 3 plugins.
Preloading 0 native plugins for Editor in 0.00 ms.
Initialize engine version: 2021.3.11f1 (0a5ca18544bf)
[Subsystems] Discovering subsystems at path C:/Program Files/Unity/Hub/Editor/2021.3.11f1/Editor/Data/Resources/UnitySubsystems
[Subsystems] Discovering subsystems at path C:/Users/kylef/Documents/Unity Games/Chandler Kart/Assets
GfxDevice: creating device client; threaded=0; jobified=0
Direct3D:
    Version:  Direct3D 11.0 [level 11.1]
    Renderer: NVIDIA GeForce RTX 3080 Laptop GPU (ID=0x24dc)
    Vendor:   NVIDIA
    VRAM:     16191 MB
    Driver:   31.0.15.3209
Initialize mono
Mono path[0] = 'C:/Program Files/Unity/Hub/Editor/2021.3.11f1/Editor/Data/Managed'
Mono path[1] = 'C:/Program Files/Unity/Hub/Editor/2021.3.11f1/Editor/Data/MonoBleedingEdge/lib/mono/unityjit-win32'
Mono config path = 'C:/Program Files/Unity/Hub/Editor/2021.3.11f1/Editor/Data/MonoBleedingEdge/etc'
Using monoOptions --debugger-agent=transport=dt_socket,embedding=1,server=y,suspend=n,address=127.0.0.1:56964
Begin MonoManager ReloadAssembly
Registering precompiled unity dll's ...
Register platform support module: C:/Program Files/Unity/Hub/Editor/2021.3.11f1/Editor/Data/PlaybackEngines/WindowsStandaloneSupport/UnityEditor.WindowsStandalone.Extensions.dll
Registered in 0.005339 seconds.
Native extension for WindowsStandalone target not found
Refreshing native plugins compatible for Editor in 75.16 ms, found 3 plugins.
Preloading 0 native plugins for Editor in 0.00 ms.
Mono: successfully reloaded assembly
- Completed reload, in  0.584 seconds
Domain Reload Profiling:
	ReloadAssembly (585ms)
		BeginReloadAssembly (62ms)
			ExecutionOrderSort (0ms)
			DisableScriptedObjects (0ms)
			BackupInstance (0ms)
			ReleaseScriptingObjects (0ms)
			CreateAndSetChildDomain (1ms)
		EndReloadAssembly (415ms)
			LoadAssemblies (60ms)
			RebuildTransferFunctionScriptingTraits (0ms)
			SetupTypeCache (96ms)
			ReleaseScriptCaches (0ms)
			RebuildScriptCaches (26ms)
			SetupLoadedEditorAssemblies (251ms)
				LogAssemblyErrors (0ms)
				InitializePlatformSupportModulesInManaged (6ms)
				SetLoadedEditorAssemblies (0ms)
				RefreshPlugins (75ms)
				BeforeProcessingInitializeOnLoad (1ms)
				ProcessInitializeOnLoadAttributes (127ms)
				ProcessInitializeOnLoadMethodAttributes (40ms)
				AfterProcessingInitializeOnLoad (0ms)
				EditorAssembliesLoaded (0ms)
			ExecutionOrderSort2 (0ms)
			AwakeInstancesAfterBackupRestoration (0ms)
Platform modules already initialized, skipping
Registering precompiled user dll's ...
Registered in 0.003654 seconds.
Begin MonoManager ReloadAssembly
Symbol file LoadedFromMemory doesn't match image C:\Users\kylef\Documents\Unity Games\Chandler Kart\Library\PackageCache\com.unity.visualscripting@1.7.8\Editor\VisualScripting.Core\Dependencies\YamlDotNet\Unity.VisualScripting.YamlDotNet.dll
Symbol file LoadedFromMemory doesn't match image C:\Users\kylef\Documents\Unity Games\Chandler Kart\Library\PackageCache\com.unity.visualscripting@1.7.8\Editor\VisualScripting.Core\Dependencies\DotNetZip\Unity.VisualScripting.IonicZip.dll
Native extension for WindowsStandalone target not found
Refreshing native plugins compatible for Editor in 70.72 ms, found 3 plugins.
Preloading 0 native plugins for Editor in 0.00 ms.
Mono: successfully reloaded assembly
- Completed reload, in  1.041 seconds
Domain Reload Profiling:
	ReloadAssembly (1042ms)
		BeginReloadAssembly (93ms)
			ExecutionOrderSort (0ms)
			DisableScriptedObjects (5ms)
			BackupInstance (0ms)
			ReleaseScriptingObjects (0ms)
			CreateAndSetChildDomain (18ms)
		EndReloadAssembly (851ms)
			LoadAssemblies (70ms)
			RebuildTransferFunctionScriptingTraits (0ms)
			SetupTypeCache (263ms)
			ReleaseScriptCaches (1ms)
			RebuildScriptCaches (51ms)
			SetupLoadedEditorAssemblies (419ms)
				LogAssemblyErrors (0ms)
				InitializePlatformSupportModulesInManaged (4ms)
				SetLoadedEditorAssemblies (0ms)
				RefreshPlugins (71ms)
				BeforeProcessingInitializeOnLoad (71ms)
				ProcessInitializeOnLoadAttributes (251ms)
				ProcessInitializeOnLoadMethodAttributes (17ms)
				AfterProcessingInitializeOnLoad (5ms)
				EditorAssembliesLoaded (0ms)
			ExecutionOrderSort2 (0ms)
			AwakeInstancesAfterBackupRestoration (4ms)
Platform modules already initialized, skipping
========================================================================
Worker process is ready to serve import requests
Launched and connected shader compiler UnityShaderCompiler.exe after 0.04 seconds
Refreshing native plugins compatible for Editor in 0.67 ms, found 3 plugins.
Preloading 0 native plugins for Editor in 0.00 ms.
Unloading 3511 Unused Serialized files (Serialized files now loaded: 0)
Unloading 25 unused Assets / (56.2 KB). Loaded Objects now: 3973.
Memory consumption went from 126.8 MB to 126.7 MB.
Total: 3.037100 ms (FindLiveObjects: 0.290000 ms CreateObjectMapping: 0.127100 ms MarkObjects: 2.532600 ms  DeleteObjects: 0.086000 ms)

AssetImportParameters requested are different than current active one (requested -> active):
  custom:video-decoder-ogg-theora: a1e56fd34408186e4bbccfd4996cb3dc -> 
  custom:container-muxer-webm: aa71ff27fc2769a1b78a27578f13a17b -> 
  custom:container-demuxer-webm: 4f35f7cbe854078d1ac9338744f61a02 -> 
  custom:video-encoder-webm-vp8: eb34c28f22e8b96e1ab97ce403110664 -> 
  custom:video-codec-MediaFoundation-h265: 746d11721c4dcdbdad8f713fa42b33f4 -> 
  custom:audio-encoder-webm-vorbis: bf7c407c2cedff20999df2af8eb42d56 -> 
  custom:framework-win-MediaFoundation: 216162199b28c13a410421893ffa2e32 -> 
  custom:container-demuxer-ogg: 62fdf1f143b41e24485cea50d1cbac27 -> 
  custom:video-decoder-webm-vp8: 9c59270c3fd7afecdb556c50c9e8de78 -> 
  custom:audio-decoder-ogg-vorbis: bf7c407c2cedff20999df2af8eb42d56 -> 
========================================================================
Received Import Request.
  Time since last request: 182806.711573 seconds.
  path: Assets/Objects/Settings.prefab
  artifactKey: Guid(4498a5cb5e0d24347830bbd7522c39f0) Importer(815301076,1909f56bfc062723c751e8b465ee728b)
Start importing Assets/Objects/Settings.prefab using Guid(4498a5cb5e0d24347830bbd7522c39f0) Importer(815301076,1909f56bfc062723c751e8b465ee728b)  -> (artifact id: '950f1cf0a9cd4ab0bafcd3798c489454') in 0.109224 seconds 
========================================================================
Received Import Request.
  Time since last request: 5.653848 seconds.
  path: Assets/Objects/Audio.prefab
  artifactKey: Guid(e5bf5b242f58c3c44a541cae1c5d4b13) Importer(815301076,1909f56bfc062723c751e8b465ee728b)
Start importing Assets/Objects/Audio.prefab using Guid(e5bf5b242f58c3c44a541cae1c5d4b13) Importer(815301076,1909f56bfc062723c751e8b465ee728b)  -> (artifact id: 'e45d981b9384d27b46afaf16e7fde4c5') in 0.005222 seconds 
========================================================================
Received Prepare
Registering precompiled user dll's ...
Registered in 0.003740 seconds.
Begin MonoManager ReloadAssembly
Symbol file LoadedFromMemory doesn't match image C:\Users\kylef\Documents\Unity Games\Chandler Kart\Library\PackageCache\com.unity.visualscripting@1.7.8\Editor\VisualScripting.Core\Dependencies\YamlDotNet\Unity.VisualScripting.YamlDotNet.dll
Symbol file LoadedFromMemory doesn't match image C:\Users\kylef\Documents\Unity Games\Chandler Kart\Library\PackageCache\com.unity.visualscripting@1.7.8\Editor\VisualScripting.Core\Dependencies\DotNetZip\Unity.VisualScripting.IonicZip.dll
Native extension for WindowsStandalone target not found
Refreshing native plugins compatible for Editor in 0.67 ms, found 3 plugins.
Preloading 0 native plugins for Editor in 0.00 ms.
Mono: successfully reloaded assembly
- Completed reload, in  0.886 seconds
Domain Reload Profiling:
	ReloadAssembly (887ms)
		BeginReloadAssembly (126ms)
			ExecutionOrderSort (0ms)
			DisableScriptedObjects (4ms)
			BackupInstance (0ms)
			ReleaseScriptingObjects (0ms)
			CreateAndSetChildDomain (44ms)
		EndReloadAssembly (678ms)
			LoadAssemblies (71ms)
			RebuildTransferFunctionScriptingTraits (0ms)
			SetupTypeCache (238ms)
			ReleaseScriptCaches (1ms)
			RebuildScriptCaches (33ms)
			SetupLoadedEditorAssemblies (297ms)
				LogAssemblyErrors (0ms)
				InitializePlatformSupportModulesInManaged (10ms)
				SetLoadedEditorAssemblies (0ms)
				RefreshPlugins (1ms)
				BeforeProcessingInitializeOnLoad (50ms)
				ProcessInitializeOnLoadAttributes (211ms)
				ProcessInitializeOnLoadMethodAttributes (19ms)
				AfterProcessingInitializeOnLoad (5ms)
				EditorAssembliesLoaded (0ms)
			ExecutionOrderSort2 (0ms)
			AwakeInstancesAfterBackupRestoration (5ms)
Platform modules already initialized, skipping
Refreshing native plugins compatible for Editor in 1.53 ms, found 3 plugins.
Preloading 0 native plugins for Editor in 0.00 ms.
Unloading 3490 Unused Serialized files (Serialized files now loaded: 0)
Unloading 16 unused Assets / (24.7 KB). Loaded Objects now: 3977.
Memory consumption went from 125.5 MB to 125.5 MB.
Total: 2.732700 ms (FindLiveObjects: 0.233000 ms CreateObjectMapping: 0.097500 ms MarkObjects: 2.375400 ms  DeleteObjects: 0.025800 ms)

AssetImportParameters requested are different than current active one (requested -> active):
  custom:video-decoder-ogg-theora: a1e56fd34408186e4bbccfd4996cb3dc -> 
  custom:container-muxer-webm: aa71ff27fc2769a1b78a27578f13a17b -> 
  custom:container-demuxer-webm: 4f35f7cbe854078d1ac9338744f61a02 -> 
  custom:video-encoder-webm-vp8: eb34c28f22e8b96e1ab97ce403110664 -> 
  custom:video-codec-MediaFoundation-h265: 746d11721c4dcdbdad8f713fa42b33f4 -> 
  custom:audio-encoder-webm-vorbis: bf7c407c2cedff20999df2af8eb42d56 -> 
  custom:framework-win-MediaFoundation: 216162199b28c13a410421893ffa2e32 -> 
  custom:container-demuxer-ogg: 62fdf1f143b41e24485cea50d1cbac27 -> 
  custom:video-decoder-webm-vp8: 9c59270c3fd7afecdb556c50c9e8de78 -> 
  custom:audio-decoder-ogg-vorbis: bf7c407c2cedff20999df2af8eb42d56 -> 
========================================================================
Received Prepare
Registering precompiled user dll's ...
Registered in 0.004287 seconds.
Begin MonoManager ReloadAssembly
Symbol file LoadedFromMemory doesn't match image C:\Users\kylef\Documents\Unity Games\Chandler Kart\Library\PackageCache\com.unity.visualscripting@1.7.8\Editor\VisualScripting.Core\Dependencies\YamlDotNet\Unity.VisualScripting.YamlDotNet.dll
Symbol file LoadedFromMemory doesn't match image C:\Users\kylef\Documents\Unity Games\Chandler Kart\Library\PackageCache\com.unity.visualscripting@1.7.8\Editor\VisualScripting.Core\Dependencies\DotNetZip\Unity.VisualScripting.IonicZip.dll
Native extension for WindowsStandalone target not found
Refreshing native plugins compatible for Editor in 0.60 ms, found 3 plugins.
Preloading 0 native plugins for Editor in 0.00 ms.
Mono: successfully reloaded assembly
- Completed reload, in  0.854 seconds
Domain Reload Profiling:
	ReloadAssembly (855ms)
		BeginReloadAssembly (123ms)
			ExecutionOrderSort (0ms)
			DisableScriptedObjects (4ms)
			BackupInstance (0ms)
			ReleaseScriptingObjects (0ms)
			CreateAndSetChildDomain (33ms)
		EndReloadAssembly (647ms)
			LoadAssemblies (71ms)
			RebuildTransferFunctionScriptingTraits (0ms)
			SetupTypeCache (205ms)
			ReleaseScriptCaches (1ms)
			RebuildScriptCaches (35ms)
			SetupLoadedEditorAssemblies (297ms)
				LogAssemblyErrors (0ms)
				InitializePlatformSupportModulesInManaged (10ms)
				SetLoadedEditorAssemblies (0ms)
				RefreshPlugins (1ms)
				BeforeProcessingInitializeOnLoad (55ms)
				ProcessInitializeOnLoadAttributes (209ms)
				ProcessInitializeOnLoadMethodAttributes (18ms)
				AfterProcessingInitializeOnLoad (5ms)
				EditorAssembliesLoaded (0ms)
			ExecutionOrderSort2 (0ms)
			AwakeInstancesAfterBackupRestoration (5ms)
Platform modules already initialized, skipping
Refreshing native plugins compatible for Editor in 1.71 ms, found 3 plugins.
Preloading 0 native plugins for Editor in 0.00 ms.
Unloading 3490 Unused Serialized files (Serialized files now loaded: 0)
Unloading 16 unused Assets / (24.6 KB). Loaded Objects now: 3978.
Memory consumption went from 125.5 MB to 125.5 MB.
Total: 2.511200 ms (FindLiveObjects: 0.246100 ms CreateObjectMapping: 0.087100 ms MarkObjects: 2.146800 ms  DeleteObjects: 0.029600 ms)

AssetImportParameters requested are different than current active one (requested -> active):
  custom:video-decoder-ogg-theora: a1e56fd34408186e4bbccfd4996cb3dc -> 
  custom:container-muxer-webm: aa71ff27fc2769a1b78a27578f13a17b -> 
  custom:container-demuxer-webm: 4f35f7cbe854078d1ac9338744f61a02 -> 
  custom:video-encoder-webm-vp8: eb34c28f22e8b96e1ab97ce403110664 -> 
  custom:video-codec-MediaFoundation-h265: 746d11721c4dcdbdad8f713fa42b33f4 -> 
  custom:audio-encoder-webm-vorbis: bf7c407c2cedff20999df2af8eb42d56 -> 
  custom:framework-win-MediaFoundation: 216162199b28c13a410421893ffa2e32 -> 
  custom:container-demuxer-ogg: 62fdf1f143b41e24485cea50d1cbac27 -> 
  custom:video-decoder-webm-vp8: 9c59270c3fd7afecdb556c50c9e8de78 -> 
  custom:audio-decoder-ogg-vorbis: bf7c407c2cedff20999df2af8eb42d56 -> 
========================================================================
Received Import Request.
  Time since last request: 48.565077 seconds.
  path: Assets/Objects/Audio.prefab
  artifactKey: Guid(e5bf5b242f58c3c44a541cae1c5d4b13) Importer(815301076,1909f56bfc062723c751e8b465ee728b)
Start importing Assets/Objects/Audio.prefab using Guid(e5bf5b242f58c3c44a541cae1c5d4b13) Importer(815301076,1909f56bfc062723c751e8b465ee728b)  -> (artifact id: '55a4147a01c4324b59f4080cf2ca5ef5') in 0.029806 seconds 
========================================================================
Received Import Request.
  Time since last request: 1.637407 seconds.
  path: Assets/Objects/Audio.prefab
  artifactKey: Guid(e5bf5b242f58c3c44a541cae1c5d4b13) Importer(815301076,1909f56bfc062723c751e8b465ee728b)
Start importing Assets/Objects/Audio.prefab using Guid(e5bf5b242f58c3c44a541cae1c5d4b13) Importer(815301076,1909f56bfc062723c751e8b465ee728b)  -> (artifact id: '48d79e9be83c21054ade45a340d4848f') in 0.005351 seconds 
========================================================================
Received Import Request.
  Time since last request: 0.519245 seconds.
  path: Assets/Objects/Audio.prefab
  artifactKey: Guid(e5bf5b242f58c3c44a541cae1c5d4b13) Importer(815301076,1909f56bfc062723c751e8b465ee728b)
Start importing Assets/Objects/Audio.prefab using Guid(e5bf5b242f58c3c44a541cae1c5d4b13) Importer(815301076,1909f56bfc062723c751e8b465ee728b)  -> (artifact id: '9dd3fa4d0236bbabd76a211b428e35f5') in 0.004744 seconds 
========================================================================
Received Import Request.
  Time since last request: 14.797346 seconds.
  path: Assets/Objects/Audio.prefab
  artifactKey: Guid(e5bf5b242f58c3c44a541cae1c5d4b13) Importer(815301076,1909f56bfc062723c751e8b465ee728b)
Start importing Assets/Objects/Audio.prefab using Guid(e5bf5b242f58c3c44a541cae1c5d4b13) Importer(815301076,1909f56bfc062723c751e8b465ee728b)  -> (artifact id: 'f6ac9893eef46860b26ac6c469dcaefc') in 0.004958 seconds 
========================================================================
Received Import Request.
  Time since last request: 1.568787 seconds.
  path: Assets/Objects/Audio.prefab
  artifactKey: Guid(e5bf5b242f58c3c44a541cae1c5d4b13) Importer(815301076,1909f56bfc062723c751e8b465ee728b)
Start importing Assets/Objects/Audio.prefab using Guid(e5bf5b242f58c3c44a541cae1c5d4b13) Importer(815301076,1909f56bfc062723c751e8b465ee728b)  -> (artifact id: 'a5c9a24bb47e3dea7ecf439f3b330a58') in 0.004868 seconds 
========================================================================
Received Import Request.
  Time since last request: 20.880929 seconds.
  path: Assets/Objects/Audio.prefab
  artifactKey: Guid(e5bf5b242f58c3c44a541cae1c5d4b13) Importer(815301076,1909f56bfc062723c751e8b465ee728b)
Start importing Assets/Objects/Audio.prefab using Guid(e5bf5b242f58c3c44a541cae1c5d4b13) Importer(815301076,1909f56bfc062723c751e8b465ee728b)  -> (artifact id: '60462b8ef413a20f357204e47d80b727') in 0.004826 seconds 
========================================================================
Received Import Request.
  Time since last request: 32.650597 seconds.
  path: Assets/Objects/Audio.prefab
  artifactKey: Guid(e5bf5b242f58c3c44a541cae1c5d4b13) Importer(815301076,1909f56bfc062723c751e8b465ee728b)
Start importing Assets/Objects/Audio.prefab using Guid(e5bf5b242f58c3c44a541cae1c5d4b13) Importer(815301076,1909f56bfc062723c751e8b465ee728b)  -> (artifact id: 'c8d87c6ba5102ef4ae080656d16d1353') in 0.005010 seconds 
========================================================================
Received Import Request.
  Time since last request: 18.452026 seconds.
  path: Assets/Objects/Audio.prefab
  artifactKey: Guid(e5bf5b242f58c3c44a541cae1c5d4b13) Importer(815301076,1909f56bfc062723c751e8b465ee728b)
Start importing Assets/Objects/Audio.prefab using Guid(e5bf5b242f58c3c44a541cae1c5d4b13) Importer(815301076,1909f56bfc062723c751e8b465ee728b)  -> (artifact id: '68e44f6e6c77641ad9ce9575c337b22c') in 0.004652 seconds 
========================================================================
Received Import Request.
  Time since last request: 3.507873 seconds.
  path: Assets/Objects/Audio.prefab
  artifactKey: Guid(e5bf5b242f58c3c44a541cae1c5d4b13) Importer(815301076,1909f56bfc062723c751e8b465ee728b)
Start importing Assets/Objects/Audio.prefab using Guid(e5bf5b242f58c3c44a541cae1c5d4b13) Importer(815301076,1909f56bfc062723c751e8b465ee728b)  -> (artifact id: 'c1dcd1215b81b0696638ee8317b0404c') in 0.005041 seconds 
========================================================================
Received Import Request.
  Time since last request: 10.899703 seconds.
  path: Assets/Objects/Audio.prefab
  artifactKey: Guid(e5bf5b242f58c3c44a541cae1c5d4b13) Importer(815301076,1909f56bfc062723c751e8b465ee728b)
Start importing Assets/Objects/Audio.prefab using Guid(e5bf5b242f58c3c44a541cae1c5d4b13) Importer(815301076,1909f56bfc062723c751e8b465ee728b)  -> (artifact id: 'ac0f0a412ef0283200e7a7da8f75322f') in 0.005120 seconds 
========================================================================
Received Import Request.
  Time since last request: 1.531604 seconds.
  path: Assets/Objects/Audio.prefab
  artifactKey: Guid(e5bf5b242f58c3c44a541cae1c5d4b13) Importer(815301076,1909f56bfc062723c751e8b465ee728b)
Start importing Assets/Objects/Audio.prefab using Guid(e5bf5b242f58c3c44a541cae1c5d4b13) Importer(815301076,1909f56bfc062723c751e8b465ee728b)  -> (artifact id: 'eaf5e3310b536dd70249010100c1ddbf') in 0.004690 seconds 
========================================================================
Received Import Request.
  Time since last request: 1.259592 seconds.
  path: Assets/Objects/Audio.prefab
  artifactKey: Guid(e5bf5b242f58c3c44a541cae1c5d4b13) Importer(815301076,1909f56bfc062723c751e8b465ee728b)
Start importing Assets/Objects/Audio.prefab using Guid(e5bf5b242f58c3c44a541cae1c5d4b13) Importer(815301076,1909f56bfc062723c751e8b465ee728b)  -> (artifact id: '1ea0350525358b9a8e9d7c884ec75277') in 0.005036 seconds 
========================================================================
Received Import Request.
  Time since last request: 1.281116 seconds.
  path: Assets/Objects/Audio.prefab
  artifactKey: Guid(e5bf5b242f58c3c44a541cae1c5d4b13) Importer(815301076,1909f56bfc062723c751e8b465ee728b)
Start importing Assets/Objects/Audio.prefab using Guid(e5bf5b242f58c3c44a541cae1c5d4b13) Importer(815301076,1909f56bfc062723c751e8b465ee728b)  -> (artifact id: '10a06ee372c8d0c62b398ec78c9feea2') in 0.005200 seconds 
========================================================================
Received Import Request.
  Time since last request: 1.682040 seconds.
  path: Assets/Objects/Audio.prefab
  artifactKey: Guid(e5bf5b242f58c3c44a541cae1c5d4b13) Importer(815301076,1909f56bfc062723c751e8b465ee728b)
Start importing Assets/Objects/Audio.prefab using Guid(e5bf5b242f58c3c44a541cae1c5d4b13) Importer(815301076,1909f56bfc062723c751e8b465ee728b)  -> (artifact id: '12e09aeedd84a087e49e67370e29ef20') in 0.004993 seconds 
========================================================================
Received Import Request.
  Time since last request: 2.553252 seconds.
  path: Assets/Objects/Audio.prefab
  artifactKey: Guid(e5bf5b242f58c3c44a541cae1c5d4b13) Importer(815301076,1909f56bfc062723c751e8b465ee728b)
Start importing Assets/Objects/Audio.prefab using Guid(e5bf5b242f58c3c44a541cae1c5d4b13) Importer(815301076,1909f56bfc062723c751e8b465ee728b)  -> (artifact id: 'bd79cdfe62fe659520cc1ff77c5eea17') in 0.005050 seconds 
========================================================================
Received Import Request.
  Time since last request: 6.960937 seconds.
  path: Assets/Objects/Audio.prefab
  artifactKey: Guid(e5bf5b242f58c3c44a541cae1c5d4b13) Importer(815301076,1909f56bfc062723c751e8b465ee728b)
Start importing Assets/Objects/Audio.prefab using Guid(e5bf5b242f58c3c44a541cae1c5d4b13) Importer(815301076,1909f56bfc062723c751e8b465ee728b)  -> (artifact id: '79435ab96d7cd9c92e7333ceb08685f7') in 0.004856 seconds 
========================================================================
Received Import Request.
  Time since last request: 3.647664 seconds.
  path: Assets/Objects/Audio.prefab
  artifactKey: Guid(e5bf5b242f58c3c44a541cae1c5d4b13) Importer(815301076,1909f56bfc062723c751e8b465ee728b)
Start importing Assets/Objects/Audio.prefab using Guid(e5bf5b242f58c3c44a541cae1c5d4b13) Importer(815301076,1909f56bfc062723c751e8b465ee728b)  -> (artifact id: 'cb784ddb8b4f7f8f31f93c47aecccb6d') in 0.005079 seconds 
========================================================================
Received Import Request.
  Time since last request: 2.064589 seconds.
  path: Assets/Objects/Audio.prefab
  artifactKey: Guid(e5bf5b242f58c3c44a541cae1c5d4b13) Importer(815301076,1909f56bfc062723c751e8b465ee728b)
Start importing Assets/Objects/Audio.prefab using Guid(e5bf5b242f58c3c44a541cae1c5d4b13) Importer(815301076,1909f56bfc062723c751e8b465ee728b)  -> (artifact id: 'cdb1cce57d470653a8398c8a07a10219') in 0.006143 seconds 
========================================================================
Received Import Request.
  Time since last request: 2.785814 seconds.
  path: Assets/Objects/Audio.prefab
  artifactKey: Guid(e5bf5b242f58c3c44a541cae1c5d4b13) Importer(815301076,1909f56bfc062723c751e8b465ee728b)
Start importing Assets/Objects/Audio.prefab using Guid(e5bf5b242f58c3c44a541cae1c5d4b13) Importer(815301076,1909f56bfc062723c751e8b465ee728b)  -> (artifact id: '349a03756e470646bfa958dc7d6a2b95') in 0.004895 seconds 
========================================================================
Received Import Request.
  Time since last request: 124.089229 seconds.
  path: Assets/Scripts/Start and Finish/CountOff.cs
  artifactKey: Guid(2ff3b70762721f142a9580de52411f19) Importer(815301076,1909f56bfc062723c751e8b465ee728b)
Start importing Assets/Scripts/Start and Finish/CountOff.cs using Guid(2ff3b70762721f142a9580de52411f19) Importer(815301076,1909f56bfc062723c751e8b465ee728b)  -> (artifact id: '523112b0e72c82962c944d548b20c93d') in 0.022055 seconds 
========================================================================
Received Prepare
Registering precompiled user dll's ...
Registered in 0.004959 seconds.
Begin MonoManager ReloadAssembly
Symbol file LoadedFromMemory doesn't match image C:\Users\kylef\Documents\Unity Games\Chandler Kart\Library\PackageCache\com.unity.visualscripting@1.7.8\Editor\VisualScripting.Core\Dependencies\YamlDotNet\Unity.VisualScripting.YamlDotNet.dll
Symbol file LoadedFromMemory doesn't match image C:\Users\kylef\Documents\Unity Games\Chandler Kart\Library\PackageCache\com.unity.visualscripting@1.7.8\Editor\VisualScripting.Core\Dependencies\DotNetZip\Unity.VisualScripting.IonicZip.dll
Native extension for WindowsStandalone target not found
Refreshing native plugins compatible for Editor in 0.80 ms, found 3 plugins.
Preloading 0 native plugins for Editor in 0.00 ms.
Mono: successfully reloaded assembly
- Completed reload, in  1.012 seconds
Domain Reload Profiling:
	ReloadAssembly (1013ms)
		BeginReloadAssembly (135ms)
			ExecutionOrderSort (0ms)
			DisableScriptedObjects (5ms)
			BackupInstance (0ms)
			ReleaseScriptingObjects (0ms)
			CreateAndSetChildDomain (40ms)
		EndReloadAssembly (772ms)
			LoadAssemblies (79ms)
			RebuildTransferFunctionScriptingTraits (0ms)
			SetupTypeCache (265ms)
			ReleaseScriptCaches (1ms)
			RebuildScriptCaches (47ms)
			SetupLoadedEditorAssemblies (330ms)
				LogAssemblyErrors (0ms)
				InitializePlatformSupportModulesInManaged (10ms)
				SetLoadedEditorAssemblies (0ms)
				RefreshPlugins (1ms)
				BeforeProcessingInitializeOnLoad (63ms)
				ProcessInitializeOnLoadAttributes (232ms)
				ProcessInitializeOnLoadMethodAttributes (17ms)
				AfterProcessingInitializeOnLoad (6ms)
				EditorAssembliesLoaded (0ms)
			ExecutionOrderSort2 (0ms)
			AwakeInstancesAfterBackupRestoration (5ms)
Platform modules already initialized, skipping
Refreshing native plugins compatible for Editor in 1.41 ms, found 3 plugins.
Preloading 0 native plugins for Editor in 0.00 ms.
Unloading 3490 Unused Serialized files (Serialized files now loaded: 0)
Unloading 16 unused Assets / (24.7 KB). Loaded Objects now: 3979.
Memory consumption went from 125.5 MB to 125.5 MB.
Total: 2.715800 ms (FindLiveObjects: 0.220600 ms CreateObjectMapping: 0.089700 ms MarkObjects: 2.379900 ms  DeleteObjects: 0.024300 ms)

AssetImportParameters requested are different than current active one (requested -> active):
  custom:video-decoder-ogg-theora: a1e56fd34408186e4bbccfd4996cb3dc -> 
  custom:container-muxer-webm: aa71ff27fc2769a1b78a27578f13a17b -> 
  custom:container-demuxer-webm: 4f35f7cbe854078d1ac9338744f61a02 -> 
  custom:video-encoder-webm-vp8: eb34c28f22e8b96e1ab97ce403110664 -> 
  custom:video-codec-MediaFoundation-h265: 746d11721c4dcdbdad8f713fa42b33f4 -> 
  custom:audio-encoder-webm-vorbis: bf7c407c2cedff20999df2af8eb42d56 -> 
  custom:framework-win-MediaFoundation: 216162199b28c13a410421893ffa2e32 -> 
  custom:container-demuxer-ogg: 62fdf1f143b41e24485cea50d1cbac27 -> 
  custom:video-decoder-webm-vp8: 9c59270c3fd7afecdb556c50c9e8de78 -> 
  custom:audio-decoder-ogg-vorbis: bf7c407c2cedff20999df2af8eb42d56 -> 
========================================================================
Received Import Request.
  Time since last request: 16.036885 seconds.
  path: Assets/Objects/321 Go!.prefab
  artifactKey: Guid(5a1d782518b43d64e8b11dca3476eaf1) Importer(815301076,1909f56bfc062723c751e8b465ee728b)
Start importing Assets/Objects/321 Go!.prefab using Guid(5a1d782518b43d64e8b11dca3476eaf1) Importer(815301076,1909f56bfc062723c751e8b465ee728b)  -> (artifact id: '43d0d9f50c02a8768cbb18ae0e4b22fc') in 0.111355 seconds 
========================================================================
Received Import Request.
  Time since last request: 1.149532 seconds.
  path: Assets/Objects/Menu/Menu.prefab
  artifactKey: Guid(02c8671a23ccd1243af930d5c5ccf20c) Importer(815301076,1909f56bfc062723c751e8b465ee728b)
Start importing Assets/Objects/Menu/Menu.prefab using Guid(02c8671a23ccd1243af930d5c5ccf20c) Importer(815301076,1909f56bfc062723c751e8b465ee728b)  -> (artifact id: '998c788ec817324f25ad549e963eeff1') in 0.105935 seconds 
========================================================================
Received Import Request.
  Time since last request: 33.623189 seconds.
  path: Assets/Objects/Audio.prefab
  artifactKey: Guid(e5bf5b242f58c3c44a541cae1c5d4b13) Importer(815301076,1909f56bfc062723c751e8b465ee728b)
Start importing Assets/Objects/Audio.prefab using Guid(e5bf5b242f58c3c44a541cae1c5d4b13) Importer(815301076,1909f56bfc062723c751e8b465ee728b)  -> (artifact id: 'b9255bc4548e2de7c58240c794f5b8ce') in 0.005677 seconds 
========================================================================
Received Import Request.
  Time since last request: 5.826840 seconds.
  path: Assets/Objects/Audio.prefab
  artifactKey: Guid(e5bf5b242f58c3c44a541cae1c5d4b13) Importer(815301076,1909f56bfc062723c751e8b465ee728b)
Start importing Assets/Objects/Audio.prefab using Guid(e5bf5b242f58c3c44a541cae1c5d4b13) Importer(815301076,1909f56bfc062723c751e8b465ee728b)  -> (artifact id: '1f1e9efa991bc66b5182381e4bdd21c0') in 0.004779 seconds 
========================================================================
Received Import Request.
  Time since last request: 154.610254 seconds.
  path: Assets/Objects/Audio.prefab
  artifactKey: Guid(e5bf5b242f58c3c44a541cae1c5d4b13) Importer(815301076,1909f56bfc062723c751e8b465ee728b)
Start importing Assets/Objects/Audio.prefab using Guid(e5bf5b242f58c3c44a541cae1c5d4b13) Importer(815301076,1909f56bfc062723c751e8b465ee728b)  -> (artifact id: '1421896f6ccfaa26dd5dcd2d46094c5b') in 0.005476 seconds 
========================================================================
Received Import Request.
  Time since last request: 6.662309 seconds.
  path: Assets/Objects/Audio.prefab
  artifactKey: Guid(e5bf5b242f58c3c44a541cae1c5d4b13) Importer(815301076,1909f56bfc062723c751e8b465ee728b)
Start importing Assets/Objects/Audio.prefab using Guid(e5bf5b242f58c3c44a541cae1c5d4b13) Importer(815301076,1909f56bfc062723c751e8b465ee728b)  -> (artifact id: 'dd2d7cd0a7750e78be76756164a0a38d') in 0.004854 seconds 
========================================================================
Received Import Request.
  Time since last request: 15.294849 seconds.
  path: Assets/Objects/Audio.prefab
  artifactKey: Guid(e5bf5b242f58c3c44a541cae1c5d4b13) Importer(815301076,1909f56bfc062723c751e8b465ee728b)
Start importing Assets/Objects/Audio.prefab using Guid(e5bf5b242f58c3c44a541cae1c5d4b13) Importer(815301076,1909f56bfc062723c751e8b465ee728b)  -> (artifact id: 'fe7204a7b02e839456c8f851e6442fcf') in 0.005388 seconds 
========================================================================
Received Import Request.
  Time since last request: 16.219364 seconds.
  path: Assets/Objects/Audio.prefab
  artifactKey: Guid(e5bf5b242f58c3c44a541cae1c5d4b13) Importer(815301076,1909f56bfc062723c751e8b465ee728b)
Start importing Assets/Objects/Audio.prefab using Guid(e5bf5b242f58c3c44a541cae1c5d4b13) Importer(815301076,1909f56bfc062723c751e8b465ee728b)  -> (artifact id: '1693d9521f08c685d7c9e31ca6ca34b4') in 0.005109 seconds 
========================================================================
Received Import Request.
  Time since last request: 16.561283 seconds.
  path: Assets/Objects/Audio.prefab
  artifactKey: Guid(e5bf5b242f58c3c44a541cae1c5d4b13) Importer(815301076,1909f56bfc062723c751e8b465ee728b)
Start importing Assets/Objects/Audio.prefab using Guid(e5bf5b242f58c3c44a541cae1c5d4b13) Importer(815301076,1909f56bfc062723c751e8b465ee728b)  -> (artifact id: 'a261145f92db1bdf960407128a6e3caa') in 0.005595 seconds 
========================================================================
Received Import Request.
  Time since last request: 2.148907 seconds.
  path: Assets/Objects/Audio.prefab
  artifactKey: Guid(e5bf5b242f58c3c44a541cae1c5d4b13) Importer(815301076,1909f56bfc062723c751e8b465ee728b)
Start importing Assets/Objects/Audio.prefab using Guid(e5bf5b242f58c3c44a541cae1c5d4b13) Importer(815301076,1909f56bfc062723c751e8b465ee728b)  -> (artifact id: 'd484390cd5e0743f86d579cbf91f30b2') in 0.004865 seconds 
========================================================================
Received Import Request.
  Time since last request: 6.766581 seconds.
  path: Assets/Objects/Audio.prefab
  artifactKey: Guid(e5bf5b242f58c3c44a541cae1c5d4b13) Importer(815301076,1909f56bfc062723c751e8b465ee728b)
Start importing Assets/Objects/Audio.prefab using Guid(e5bf5b242f58c3c44a541cae1c5d4b13) Importer(815301076,1909f56bfc062723c751e8b465ee728b)  -> (artifact id: '9c43690bf1dca0c342186d9ac23af5c5') in 0.004752 seconds 
========================================================================
Received Import Request.
  Time since last request: 7.683493 seconds.
  path: Assets/Objects/Audio.prefab
  artifactKey: Guid(e5bf5b242f58c3c44a541cae1c5d4b13) Importer(815301076,1909f56bfc062723c751e8b465ee728b)
Start importing Assets/Objects/Audio.prefab using Guid(e5bf5b242f58c3c44a541cae1c5d4b13) Importer(815301076,1909f56bfc062723c751e8b465ee728b)  -> (artifact id: 'b5fd8606650f28718a2bbf9c31cbc950') in 0.004748 seconds 
========================================================================
Received Prepare
Registering precompiled user dll's ...
Registered in 0.003455 seconds.
Begin MonoManager ReloadAssembly
Symbol file LoadedFromMemory doesn't match image C:\Users\kylef\Documents\Unity Games\Chandler Kart\Library\PackageCache\com.unity.visualscripting@1.7.8\Editor\VisualScripting.Core\Dependencies\YamlDotNet\Unity.VisualScripting.YamlDotNet.dll
Symbol file LoadedFromMemory doesn't match image C:\Users\kylef\Documents\Unity Games\Chandler Kart\Library\PackageCache\com.unity.visualscripting@1.7.8\Editor\VisualScripting.Core\Dependencies\DotNetZip\Unity.VisualScripting.IonicZip.dll
Native extension for WindowsStandalone target not found
Refreshing native plugins compatible for Editor in 0.96 ms, found 3 plugins.
Preloading 0 native plugins for Editor in 0.00 ms.
Mono: successfully reloaded assembly
- Completed reload, in  0.864 seconds
Domain Reload Profiling:
	ReloadAssembly (864ms)
		BeginReloadAssembly (121ms)
			ExecutionOrderSort (0ms)
			DisableScriptedObjects (4ms)
			BackupInstance (0ms)
			ReleaseScriptingObjects (0ms)
			CreateAndSetChildDomain (40ms)
		EndReloadAssembly (666ms)
			LoadAssemblies (65ms)
			RebuildTransferFunctionScriptingTraits (0ms)
			SetupTypeCache (214ms)
			ReleaseScriptCaches (2ms)
			RebuildScriptCaches (33ms)
			SetupLoadedEditorAssemblies (310ms)
				LogAssemblyErrors (0ms)
				InitializePlatformSupportModulesInManaged (12ms)
				SetLoadedEditorAssemblies (1ms)
				RefreshPlugins (1ms)
				BeforeProcessingInitializeOnLoad (52ms)
				ProcessInitializeOnLoadAttributes (219ms)
				ProcessInitializeOnLoadMethodAttributes (20ms)
				AfterProcessingInitializeOnLoad (5ms)
				EditorAssembliesLoaded (0ms)
			ExecutionOrderSort2 (0ms)
			AwakeInstancesAfterBackupRestoration (5ms)
Platform modules already initialized, skipping
Refreshing native plugins compatible for Editor in 2.41 ms, found 3 plugins.
Preloading 0 native plugins for Editor in 0.00 ms.
Unloading 3490 Unused Serialized files (Serialized files now loaded: 0)
Unloading 16 unused Assets / (24.6 KB). Loaded Objects now: 3988.
Memory consumption went from 129.8 MB to 129.8 MB.
Total: 2.683300 ms (FindLiveObjects: 0.258600 ms CreateObjectMapping: 0.104400 ms MarkObjects: 2.291600 ms  DeleteObjects: 0.027700 ms)

AssetImportParameters requested are different than current active one (requested -> active):
  custom:video-decoder-ogg-theora: a1e56fd34408186e4bbccfd4996cb3dc -> 
  custom:container-muxer-webm: aa71ff27fc2769a1b78a27578f13a17b -> 
  custom:container-demuxer-webm: 4f35f7cbe854078d1ac9338744f61a02 -> 
  custom:video-encoder-webm-vp8: eb34c28f22e8b96e1ab97ce403110664 -> 
  custom:video-codec-MediaFoundation-h265: 746d11721c4dcdbdad8f713fa42b33f4 -> 
  custom:audio-encoder-webm-vorbis: bf7c407c2cedff20999df2af8eb42d56 -> 
  custom:framework-win-MediaFoundation: 216162199b28c13a410421893ffa2e32 -> 
  custom:container-demuxer-ogg: 62fdf1f143b41e24485cea50d1cbac27 -> 
  custom:video-decoder-webm-vp8: 9c59270c3fd7afecdb556c50c9e8de78 -> 
  custom:audio-decoder-ogg-vorbis: bf7c407c2cedff20999df2af8eb42d56 -> 
========================================================================
Received Import Request.
  Time since last request: 89.626189 seconds.
  path: Assets/Sounds/Belknap Blitz Day.mp3
  artifactKey: Guid(8a17210a007a30046b93c94ce02c6296) Importer(815301076,1909f56bfc062723c751e8b465ee728b)
Start importing Assets/Sounds/Belknap Blitz Day.mp3 using Guid(8a17210a007a30046b93c94ce02c6296) Importer(815301076,1909f56bfc062723c751e8b465ee728b)  -> (artifact id: '0d1ecc7a999ec0ec3e071c5b23ac5da7') in 0.083271 seconds 
========================================================================
Received Import Request.
  Time since last request: 0.000023 seconds.
  path: Assets/Sounds/Belknap Blitz Night.mp3
  artifactKey: Guid(8bcaf66804cfa5f4dbdeabfd3652cc0c) Importer(815301076,1909f56bfc062723c751e8b465ee728b)
Start importing Assets/Sounds/Belknap Blitz Night.mp3 using Guid(8bcaf66804cfa5f4dbdeabfd3652cc0c) Importer(815301076,1909f56bfc062723c751e8b465ee728b)  -> (artifact id: 'd131d9f2eddbf2456f260e9d1dfae721') in 0.014596 seconds 
========================================================================
Received Import Request.
  Time since last request: 7.876822 seconds.
  path: Assets/Objects/Audio.prefab
  artifactKey: Guid(e5bf5b242f58c3c44a541cae1c5d4b13) Importer(815301076,1909f56bfc062723c751e8b465ee728b)
Start importing Assets/Objects/Audio.prefab using Guid(e5bf5b242f58c3c44a541cae1c5d4b13) Importer(815301076,1909f56bfc062723c751e8b465ee728b)  -> (artifact id: 'b86b6170f37c8feedb6c9022b063033c') in 0.012805 seconds 
========================================================================
Received Import Request.
  Time since last request: 0.795202 seconds.
  path: Assets/Objects/Audio.prefab
  artifactKey: Guid(e5bf5b242f58c3c44a541cae1c5d4b13) Importer(815301076,1909f56bfc062723c751e8b465ee728b)
Start importing Assets/Objects/Audio.prefab using Guid(e5bf5b242f58c3c44a541cae1c5d4b13) Importer(815301076,1909f56bfc062723c751e8b465ee728b)  -> (artifact id: '9d167016aa51c1b4c6d82ae0ec45e7b0') in 0.005005 seconds 
========================================================================
Received Import Request.
  Time since last request: 15.361990 seconds.
  path: Assets/Objects/Audio.prefab
  artifactKey: Guid(e5bf5b242f58c3c44a541cae1c5d4b13) Importer(815301076,1909f56bfc062723c751e8b465ee728b)
Start importing Assets/Objects/Audio.prefab using Guid(e5bf5b242f58c3c44a541cae1c5d4b13) Importer(815301076,1909f56bfc062723c751e8b465ee728b)  -> (artifact id: 'c3209c405e06a1c287bd5efd1dd7f0f0') in 0.005850 seconds 
========================================================================
Received Import Request.
  Time since last request: 4.507689 seconds.
  path: Assets/Objects/Audio.prefab
  artifactKey: Guid(e5bf5b242f58c3c44a541cae1c5d4b13) Importer(815301076,1909f56bfc062723c751e8b465ee728b)
Start importing Assets/Objects/Audio.prefab using Guid(e5bf5b242f58c3c44a541cae1c5d4b13) Importer(815301076,1909f56bfc062723c751e8b465ee728b)  -> (artifact id: '430a399f648208cf2b9db2aec184059e') in 0.004692 seconds 
========================================================================
Received Import Request.
  Time since last request: 4.488945 seconds.
  path: Assets/Objects/Audio.prefab
  artifactKey: Guid(e5bf5b242f58c3c44a541cae1c5d4b13) Importer(815301076,1909f56bfc062723c751e8b465ee728b)
Start importing Assets/Objects/Audio.prefab using Guid(e5bf5b242f58c3c44a541cae1c5d4b13) Importer(815301076,1909f56bfc062723c751e8b465ee728b)  -> (artifact id: '4a5b6e5073c9f13c0631ed3d8d52a643') in 0.005054 seconds 
========================================================================
Received Prepare
Registering precompiled user dll's ...
Registered in 0.005267 seconds.
Begin MonoManager ReloadAssembly
Symbol file LoadedFromMemory doesn't match image C:\Users\kylef\Documents\Unity Games\Chandler Kart\Library\PackageCache\com.unity.visualscripting@1.7.8\Editor\VisualScripting.Core\Dependencies\YamlDotNet\Unity.VisualScripting.YamlDotNet.dll
Symbol file LoadedFromMemory doesn't match image C:\Users\kylef\Documents\Unity Games\Chandler Kart\Library\PackageCache\com.unity.visualscripting@1.7.8\Editor\VisualScripting.Core\Dependencies\DotNetZip\Unity.VisualScripting.IonicZip.dll
Native extension for WindowsStandalone target not found
Refreshing native plugins compatible for Editor in 0.68 ms, found 3 plugins.
Preloading 0 native plugins for Editor in 0.00 ms.
Mono: successfully reloaded assembly
- Completed reload, in  0.871 seconds
Domain Reload Profiling:
	ReloadAssembly (872ms)
		BeginReloadAssembly (122ms)
			ExecutionOrderSort (0ms)
			DisableScriptedObjects (6ms)
			BackupInstance (0ms)
			ReleaseScriptingObjects (0ms)
			CreateAndSetChildDomain (33ms)
		EndReloadAssembly (663ms)
			LoadAssemblies (75ms)
			RebuildTransferFunctionScriptingTraits (0ms)
			SetupTypeCache (214ms)
			ReleaseScriptCaches (2ms)
			RebuildScriptCaches (34ms)
			SetupLoadedEditorAssemblies (305ms)
				LogAssemblyErrors (0ms)
				InitializePlatformSupportModulesInManaged (10ms)
				SetLoadedEditorAssemblies (1ms)
				RefreshPlugins (1ms)
				BeforeProcessingInitializeOnLoad (52ms)
				ProcessInitializeOnLoadAttributes (216ms)
				ProcessInitializeOnLoadMethodAttributes (20ms)
				AfterProcessingInitializeOnLoad (5ms)
				EditorAssembliesLoaded (0ms)
			ExecutionOrderSort2 (0ms)
			AwakeInstancesAfterBackupRestoration (5ms)
Platform modules already initialized, skipping
Refreshing native plugins compatible for Editor in 1.79 ms, found 3 plugins.
Preloading 0 native plugins for Editor in 0.00 ms.
Unloading 3490 Unused Serialized files (Serialized files now loaded: 0)
Unloading 16 unused Assets / (24.7 KB). Loaded Objects now: 3991.
Memory consumption went from 129.8 MB to 129.8 MB.
Total: 2.509800 ms (FindLiveObjects: 0.254300 ms CreateObjectMapping: 0.115900 ms MarkObjects: 2.107300 ms  DeleteObjects: 0.031200 ms)

AssetImportParameters requested are different than current active one (requested -> active):
  custom:video-decoder-ogg-theora: a1e56fd34408186e4bbccfd4996cb3dc -> 
  custom:container-muxer-webm: aa71ff27fc2769a1b78a27578f13a17b -> 
  custom:container-demuxer-webm: 4f35f7cbe854078d1ac9338744f61a02 -> 
  custom:video-encoder-webm-vp8: eb34c28f22e8b96e1ab97ce403110664 -> 
  custom:video-codec-MediaFoundation-h265: 746d11721c4dcdbdad8f713fa42b33f4 -> 
  custom:audio-encoder-webm-vorbis: bf7c407c2cedff20999df2af8eb42d56 -> 
  custom:framework-win-MediaFoundation: 216162199b28c13a410421893ffa2e32 -> 
  custom:container-demuxer-ogg: 62fdf1f143b41e24485cea50d1cbac27 -> 
  custom:video-decoder-webm-vp8: 9c59270c3fd7afecdb556c50c9e8de78 -> 
  custom:audio-decoder-ogg-vorbis: bf7c407c2cedff20999df2af8eb42d56 -> 
========================================================================
Received Prepare
Registering precompiled user dll's ...
Registered in 0.006339 seconds.
Begin MonoManager ReloadAssembly
Symbol file LoadedFromMemory doesn't match image C:\Users\kylef\Documents\Unity Games\Chandler Kart\Library\PackageCache\com.unity.visualscripting@1.7.8\Editor\VisualScripting.Core\Dependencies\YamlDotNet\Unity.VisualScripting.YamlDotNet.dll
Symbol file LoadedFromMemory doesn't match image C:\Users\kylef\Documents\Unity Games\Chandler Kart\Library\PackageCache\com.unity.visualscripting@1.7.8\Editor\VisualScripting.Core\Dependencies\DotNetZip\Unity.VisualScripting.IonicZip.dll
Native extension for WindowsStandalone target not found
Refreshing native plugins compatible for Editor in 0.67 ms, found 3 plugins.
Preloading 0 native plugins for Editor in 0.00 ms.
Mono: successfully reloaded assembly
- Completed reload, in  0.936 seconds
Domain Reload Profiling:
	ReloadAssembly (936ms)
		BeginReloadAssembly (124ms)
			ExecutionOrderSort (0ms)
			DisableScriptedObjects (5ms)
			BackupInstance (0ms)
			ReleaseScriptingObjects (0ms)
			CreateAndSetChildDomain (42ms)
		EndReloadAssembly (736ms)
			LoadAssemblies (67ms)
			RebuildTransferFunctionScriptingTraits (0ms)
			SetupTypeCache (238ms)
			ReleaseScriptCaches (1ms)
			RebuildScriptCaches (48ms)
			SetupLoadedEditorAssemblies (318ms)
				LogAssemblyErrors (0ms)
				InitializePlatformSupportModulesInManaged (11ms)
				SetLoadedEditorAssemblies (0ms)
				RefreshPlugins (1ms)
				BeforeProcessingInitializeOnLoad (64ms)
				ProcessInitializeOnLoadAttributes (219ms)
				ProcessInitializeOnLoadMethodAttributes (17ms)
				AfterProcessingInitializeOnLoad (5ms)
				EditorAssembliesLoaded (0ms)
			ExecutionOrderSort2 (0ms)
			AwakeInstancesAfterBackupRestoration (5ms)
Platform modules already initialized, skipping
Refreshing native plugins compatible for Editor in 1.43 ms, found 3 plugins.
Preloading 0 native plugins for Editor in 0.00 ms.
Unloading 3490 Unused Serialized files (Serialized files now loaded: 0)
Unloading 16 unused Assets / (24.6 KB). Loaded Objects now: 3992.
Memory consumption went from 129.8 MB to 129.8 MB.
Total: 3.791300 ms (FindLiveObjects: 0.405200 ms CreateObjectMapping: 0.129900 ms MarkObjects: 3.228000 ms  DeleteObjects: 0.026600 ms)

AssetImportParameters requested are different than current active one (requested -> active):
  custom:video-decoder-ogg-theora: a1e56fd34408186e4bbccfd4996cb3dc -> 
  custom:container-muxer-webm: aa71ff27fc2769a1b78a27578f13a17b -> 
  custom:container-demuxer-webm: 4f35f7cbe854078d1ac9338744f61a02 -> 
  custom:video-encoder-webm-vp8: eb34c28f22e8b96e1ab97ce403110664 -> 
  custom:video-codec-MediaFoundation-h265: 746d11721c4dcdbdad8f713fa42b33f4 -> 
  custom:audio-encoder-webm-vorbis: bf7c407c2cedff20999df2af8eb42d56 -> 
  custom:framework-win-MediaFoundation: 216162199b28c13a410421893ffa2e32 -> 
  custom:container-demuxer-ogg: 62fdf1f143b41e24485cea50d1cbac27 -> 
  custom:video-decoder-webm-vp8: 9c59270c3fd7afecdb556c50c9e8de78 -> 
  custom:audio-decoder-ogg-vorbis: bf7c407c2cedff20999df2af8eb42d56 -> 
========================================================================
Received Prepare
Registering precompiled user dll's ...
Registered in 0.003389 seconds.
Begin MonoManager ReloadAssembly
Symbol file LoadedFromMemory doesn't match image C:\Users\kylef\Documents\Unity Games\Chandler Kart\Library\PackageCache\com.unity.visualscripting@1.7.8\Editor\VisualScripting.Core\Dependencies\YamlDotNet\Unity.VisualScripting.YamlDotNet.dll
Symbol file LoadedFromMemory doesn't match image C:\Users\kylef\Documents\Unity Games\Chandler Kart\Library\PackageCache\com.unity.visualscripting@1.7.8\Editor\VisualScripting.Core\Dependencies\DotNetZip\Unity.VisualScripting.IonicZip.dll
Native extension for WindowsStandalone target not found
Refreshing native plugins compatible for Editor in 0.67 ms, found 3 plugins.
Preloading 0 native plugins for Editor in 0.00 ms.
Mono: successfully reloaded assembly
- Completed reload, in  0.886 seconds
Domain Reload Profiling:
	ReloadAssembly (887ms)
		BeginReloadAssembly (115ms)
			ExecutionOrderSort (0ms)
			DisableScriptedObjects (4ms)
			BackupInstance (0ms)
			ReleaseScriptingObjects (0ms)
			CreateAndSetChildDomain (32ms)
		EndReloadAssembly (686ms)
			LoadAssemblies (64ms)
			RebuildTransferFunctionScriptingTraits (0ms)
			SetupTypeCache (225ms)
			ReleaseScriptCaches (1ms)
			RebuildScriptCaches (36ms)
			SetupLoadedEditorAssemblies (313ms)
				LogAssemblyErrors (0ms)
				InitializePlatformSupportModulesInManaged (11ms)
				SetLoadedEditorAssemblies (0ms)
				RefreshPlugins (1ms)
				BeforeProcessingInitializeOnLoad (59ms)
				ProcessInitializeOnLoadAttributes (220ms)
				ProcessInitializeOnLoadMethodAttributes (16ms)
				AfterProcessingInitializeOnLoad (5ms)
				EditorAssembliesLoaded (0ms)
			ExecutionOrderSort2 (0ms)
			AwakeInstancesAfterBackupRestoration (4ms)
Platform modules already initialized, skipping
Refreshing native plugins compatible for Editor in 1.50 ms, found 3 plugins.
Preloading 0 native plugins for Editor in 0.00 ms.
Unloading 3490 Unused Serialized files (Serialized files now loaded: 0)
Unloading 16 unused Assets / (24.6 KB). Loaded Objects now: 3993.
Memory consumption went from 129.8 MB to 129.8 MB.
Total: 2.799800 ms (FindLiveObjects: 0.266300 ms CreateObjectMapping: 0.085400 ms MarkObjects: 2.424300 ms  DeleteObjects: 0.022400 ms)

AssetImportParameters requested are different than current active one (requested -> active):
  custom:video-decoder-ogg-theora: a1e56fd34408186e4bbccfd4996cb3dc -> 
  custom:container-muxer-webm: aa71ff27fc2769a1b78a27578f13a17b -> 
  custom:container-demuxer-webm: 4f35f7cbe854078d1ac9338744f61a02 -> 
  custom:video-encoder-webm-vp8: eb34c28f22e8b96e1ab97ce403110664 -> 
  custom:video-codec-MediaFoundation-h265: 746d11721c4dcdbdad8f713fa42b33f4 -> 
  custom:audio-encoder-webm-vorbis: bf7c407c2cedff20999df2af8eb42d56 -> 
  custom:framework-win-MediaFoundation: 216162199b28c13a410421893ffa2e32 -> 
  custom:container-demuxer-ogg: 62fdf1f143b41e24485cea50d1cbac27 -> 
  custom:video-decoder-webm-vp8: 9c59270c3fd7afecdb556c50c9e8de78 -> 
  custom:audio-decoder-ogg-vorbis: bf7c407c2cedff20999df2af8eb42d56 -> 
========================================================================
Received Prepare
Registering precompiled user dll's ...
Registered in 0.003343 seconds.
Begin MonoManager ReloadAssembly
Symbol file LoadedFromMemory doesn't match image C:\Users\kylef\Documents\Unity Games\Chandler Kart\Library\PackageCache\com.unity.visualscripting@1.7.8\Editor\VisualScripting.Core\Dependencies\YamlDotNet\Unity.VisualScripting.YamlDotNet.dll
Symbol file LoadedFromMemory doesn't match image C:\Users\kylef\Documents\Unity Games\Chandler Kart\Library\PackageCache\com.unity.visualscripting@1.7.8\Editor\VisualScripting.Core\Dependencies\DotNetZip\Unity.VisualScripting.IonicZip.dll
Native extension for WindowsStandalone target not found
Refreshing native plugins compatible for Editor in 1.04 ms, found 3 plugins.
Preloading 0 native plugins for Editor in 0.00 ms.
Mono: successfully reloaded assembly
- Completed reload, in  0.915 seconds
Domain Reload Profiling:
	ReloadAssembly (916ms)
		BeginReloadAssembly (131ms)
			ExecutionOrderSort (0ms)
			DisableScriptedObjects (7ms)
			BackupInstance (0ms)
			ReleaseScriptingObjects (0ms)
			CreateAndSetChildDomain (31ms)
		EndReloadAssembly (704ms)
			LoadAssemblies (79ms)
			RebuildTransferFunctionScriptingTraits (0ms)
			SetupTypeCache (246ms)
			ReleaseScriptCaches (1ms)
			RebuildScriptCaches (44ms)
			SetupLoadedEditorAssemblies (306ms)
				LogAssemblyErrors (0ms)
				InitializePlatformSupportModulesInManaged (11ms)
				SetLoadedEditorAssemblies (1ms)
				RefreshPlugins (1ms)
				BeforeProcessingInitializeOnLoad (54ms)
				ProcessInitializeOnLoadAttributes (218ms)
				ProcessInitializeOnLoadMethodAttributes (16ms)
				AfterProcessingInitializeOnLoad (6ms)
				EditorAssembliesLoaded (0ms)
			ExecutionOrderSort2 (0ms)
			AwakeInstancesAfterBackupRestoration (4ms)
Platform modules already initialized, skipping
Refreshing native plugins compatible for Editor in 1.44 ms, found 3 plugins.
Preloading 0 native plugins for Editor in 0.00 ms.
Unloading 3490 Unused Serialized files (Serialized files now loaded: 0)
Unloading 16 unused Assets / (24.7 KB). Loaded Objects now: 3994.
Memory consumption went from 129.8 MB to 129.8 MB.
Total: 3.414800 ms (FindLiveObjects: 0.219300 ms CreateObjectMapping: 0.080300 ms MarkObjects: 3.077300 ms  DeleteObjects: 0.036500 ms)

AssetImportParameters requested are different than current active one (requested -> active):
  custom:video-decoder-ogg-theora: a1e56fd34408186e4bbccfd4996cb3dc -> 
  custom:container-muxer-webm: aa71ff27fc2769a1b78a27578f13a17b -> 
  custom:container-demuxer-webm: 4f35f7cbe854078d1ac9338744f61a02 -> 
  custom:video-encoder-webm-vp8: eb34c28f22e8b96e1ab97ce403110664 -> 
  custom:video-codec-MediaFoundation-h265: 746d11721c4dcdbdad8f713fa42b33f4 -> 
  custom:audio-encoder-webm-vorbis: bf7c407c2cedff20999df2af8eb42d56 -> 
  custom:framework-win-MediaFoundation: 216162199b28c13a410421893ffa2e32 -> 
  custom:container-demuxer-ogg: 62fdf1f143b41e24485cea50d1cbac27 -> 
  custom:video-decoder-webm-vp8: 9c59270c3fd7afecdb556c50c9e8de78 -> 
  custom:audio-decoder-ogg-vorbis: bf7c407c2cedff20999df2af8eb42d56 -> 
========================================================================
Received Prepare
Registering precompiled user dll's ...
Registered in 0.003251 seconds.
Begin MonoManager ReloadAssembly
Symbol file LoadedFromMemory doesn't match image C:\Users\kylef\Documents\Unity Games\Chandler Kart\Library\PackageCache\com.unity.visualscripting@1.7.8\Editor\VisualScripting.Core\Dependencies\YamlDotNet\Unity.VisualScripting.YamlDotNet.dll
Symbol file LoadedFromMemory doesn't match image C:\Users\kylef\Documents\Unity Games\Chandler Kart\Library\PackageCache\com.unity.visualscripting@1.7.8\Editor\VisualScripting.Core\Dependencies\DotNetZip\Unity.VisualScripting.IonicZip.dll
Native extension for WindowsStandalone target not found
Refreshing native plugins compatible for Editor in 0.64 ms, found 3 plugins.
Preloading 0 native plugins for Editor in 0.00 ms.
Mono: successfully reloaded assembly
- Completed reload, in  0.841 seconds
Domain Reload Profiling:
	ReloadAssembly (842ms)
		BeginReloadAssembly (112ms)
			ExecutionOrderSort (0ms)
			DisableScriptedObjects (4ms)
			BackupInstance (0ms)
			ReleaseScriptingObjects (0ms)
			CreateAndSetChildDomain (31ms)
		EndReloadAssembly (653ms)
			LoadAssemblies (68ms)
			RebuildTransferFunctionScriptingTraits (0ms)
			SetupTypeCache (211ms)
			ReleaseScriptCaches (1ms)
			RebuildScriptCaches (33ms)
			SetupLoadedEditorAssemblies (299ms)
				LogAssemblyErrors (0ms)
				InitializePlatformSupportModulesInManaged (10ms)
				SetLoadedEditorAssemblies (0ms)
				RefreshPlugins (1ms)
				BeforeProcessingInitializeOnLoad (51ms)
				ProcessInitializeOnLoadAttributes (211ms)
				ProcessInitializeOnLoadMethodAttributes (20ms)
				AfterProcessingInitializeOnLoad (5ms)
				EditorAssembliesLoaded (0ms)
			ExecutionOrderSort2 (0ms)
			AwakeInstancesAfterBackupRestoration (5ms)
Platform modules already initialized, skipping
Refreshing native plugins compatible for Editor in 1.67 ms, found 3 plugins.
Preloading 0 native plugins for Editor in 0.00 ms.
Unloading 3490 Unused Serialized files (Serialized files now loaded: 0)
Unloading 16 unused Assets / (24.6 KB). Loaded Objects now: 3995.
Memory consumption went from 129.9 MB to 129.8 MB.
Total: 3.003100 ms (FindLiveObjects: 0.248000 ms CreateObjectMapping: 0.088200 ms MarkObjects: 2.641200 ms  DeleteObjects: 0.024600 ms)

AssetImportParameters requested are different than current active one (requested -> active):
  custom:video-decoder-ogg-theora: a1e56fd34408186e4bbccfd4996cb3dc -> 
  custom:container-muxer-webm: aa71ff27fc2769a1b78a27578f13a17b -> 
  custom:container-demuxer-webm: 4f35f7cbe854078d1ac9338744f61a02 -> 
  custom:video-encoder-webm-vp8: eb34c28f22e8b96e1ab97ce403110664 -> 
  custom:video-codec-MediaFoundation-h265: 746d11721c4dcdbdad8f713fa42b33f4 -> 
  custom:audio-encoder-webm-vorbis: bf7c407c2cedff20999df2af8eb42d56 -> 
  custom:framework-win-MediaFoundation: 216162199b28c13a410421893ffa2e32 -> 
  custom:container-demuxer-ogg: 62fdf1f143b41e24485cea50d1cbac27 -> 
  custom:video-decoder-webm-vp8: 9c59270c3fd7afecdb556c50c9e8de78 -> 
  custom:audio-decoder-ogg-vorbis: bf7c407c2cedff20999df2af8eb42d56 -> 
========================================================================
Received Import Request.
  Time since last request: 563.212326 seconds.
  path: Assets/Objects/321 Go!.prefab
  artifactKey: Guid(5a1d782518b43d64e8b11dca3476eaf1) Importer(815301076,1909f56bfc062723c751e8b465ee728b)
Start importing Assets/Objects/321 Go!.prefab using Guid(5a1d782518b43d64e8b11dca3476eaf1) Importer(815301076,1909f56bfc062723c751e8b465ee728b)  -> (artifact id: '275d05578aeeaf12a8c5c1ce9924f314') in 0.113326 seconds 
========================================================================
Received Prepare
Registering precompiled user dll's ...
Registered in 0.003143 seconds.
Begin MonoManager ReloadAssembly
Symbol file LoadedFromMemory doesn't match image C:\Users\kylef\Documents\Unity Games\Chandler Kart\Library\PackageCache\com.unity.visualscripting@1.7.8\Editor\VisualScripting.Core\Dependencies\YamlDotNet\Unity.VisualScripting.YamlDotNet.dll
Symbol file LoadedFromMemory doesn't match image C:\Users\kylef\Documents\Unity Games\Chandler Kart\Library\PackageCache\com.unity.visualscripting@1.7.8\Editor\VisualScripting.Core\Dependencies\DotNetZip\Unity.VisualScripting.IonicZip.dll
Native extension for WindowsStandalone target not found
Refreshing native plugins compatible for Editor in 0.81 ms, found 3 plugins.
Preloading 0 native plugins for Editor in 0.00 ms.
Mono: successfully reloaded assembly
- Completed reload, in  0.835 seconds
Domain Reload Profiling:
	ReloadAssembly (836ms)
		BeginReloadAssembly (125ms)
			ExecutionOrderSort (0ms)
			DisableScriptedObjects (4ms)
			BackupInstance (0ms)
			ReleaseScriptingObjects (0ms)
			CreateAndSetChildDomain (37ms)
		EndReloadAssembly (628ms)
			LoadAssemblies (72ms)
			RebuildTransferFunctionScriptingTraits (0ms)
			SetupTypeCache (198ms)
			ReleaseScriptCaches (1ms)
			RebuildScriptCaches (34ms)
			SetupLoadedEditorAssemblies (297ms)
				LogAssemblyErrors (0ms)
				InitializePlatformSupportModulesInManaged (11ms)
				SetLoadedEditorAssemblies (0ms)
				RefreshPlugins (1ms)
				BeforeProcessingInitializeOnLoad (57ms)
				ProcessInitializeOnLoadAttributes (202ms)
				ProcessInitializeOnLoadMethodAttributes (20ms)
				AfterProcessingInitializeOnLoad (5ms)
				EditorAssembliesLoaded (0ms)
			ExecutionOrderSort2 (0ms)
			AwakeInstancesAfterBackupRestoration (5ms)
Platform modules already initialized, skipping
Refreshing native plugins compatible for Editor in 1.48 ms, found 3 plugins.
Preloading 0 native plugins for Editor in 0.00 ms.
Unloading 3490 Unused Serialized files (Serialized files now loaded: 0)
Unloading 16 unused Assets / (24.7 KB). Loaded Objects now: 3996.
Memory consumption went from 129.9 MB to 129.8 MB.
Total: 2.865600 ms (FindLiveObjects: 0.225400 ms CreateObjectMapping: 0.084600 ms MarkObjects: 2.521900 ms  DeleteObjects: 0.032700 ms)

AssetImportParameters requested are different than current active one (requested -> active):
  custom:video-decoder-ogg-theora: a1e56fd34408186e4bbccfd4996cb3dc -> 
  custom:container-muxer-webm: aa71ff27fc2769a1b78a27578f13a17b -> 
  custom:container-demuxer-webm: 4f35f7cbe854078d1ac9338744f61a02 -> 
  custom:video-encoder-webm-vp8: eb34c28f22e8b96e1ab97ce403110664 -> 
  custom:video-codec-MediaFoundation-h265: 746d11721c4dcdbdad8f713fa42b33f4 -> 
  custom:audio-encoder-webm-vorbis: bf7c407c2cedff20999df2af8eb42d56 -> 
  custom:framework-win-MediaFoundation: 216162199b28c13a410421893ffa2e32 -> 
  custom:container-demuxer-ogg: 62fdf1f143b41e24485cea50d1cbac27 -> 
  custom:video-decoder-webm-vp8: 9c59270c3fd7afecdb556c50c9e8de78 -> 
  custom:audio-decoder-ogg-vorbis: bf7c407c2cedff20999df2af8eb42d56 -> 
========================================================================
Received Import Request.
  Time since last request: 33.457872 seconds.
  path: Assets/Sounds/321 Go.mp3
  artifactKey: Guid(fbd9a79dfb21ea74fb8b58e8719c625e) Importer(815301076,1909f56bfc062723c751e8b465ee728b)
Start importing Assets/Sounds/321 Go.mp3 using Guid(fbd9a79dfb21ea74fb8b58e8719c625e) Importer(815301076,1909f56bfc062723c751e8b465ee728b)  -> (artifact id: 'c0381b105247ccdbc898b6e88cb62a4b') in 0.070989 seconds 
========================================================================
Received Import Request.
  Time since last request: 0.000036 seconds.
  path: Assets/Sounds/Chandler Kart Menu.mp3
  artifactKey: Guid(befdd86d4c9007c4cb35123a533ed41a) Importer(815301076,1909f56bfc062723c751e8b465ee728b)
Start importing Assets/Sounds/Chandler Kart Menu.mp3 using Guid(befdd86d4c9007c4cb35123a533ed41a) Importer(815301076,1909f56bfc062723c751e8b465ee728b)  -> (artifact id: '397a92203f16342533e1891f2c6b21b8') in 0.017292 seconds 
========================================================================
Received Import Request.
  Time since last request: 0.000030 seconds.
  path: Assets/Sounds/Jump.mp3
  artifactKey: Guid(edb45e82d152d694986247406bf9a6c2) Importer(815301076,1909f56bfc062723c751e8b465ee728b)
Start importing Assets/Sounds/Jump.mp3 using Guid(edb45e82d152d694986247406bf9a6c2) Importer(815301076,1909f56bfc062723c751e8b465ee728b)  -> (artifact id: '0ae69d94c5637c716578ce11e19488ca') in 0.019118 seconds 
========================================================================
Received Import Request.
  Time since last request: 0.000024 seconds.
  path: Assets/Sounds/Pass.mp3
  artifactKey: Guid(4fe4bc2f3cd4a6846be78475ee7554be) Importer(815301076,1909f56bfc062723c751e8b465ee728b)
Start importing Assets/Sounds/Pass.mp3 using Guid(4fe4bc2f3cd4a6846be78475ee7554be) Importer(815301076,1909f56bfc062723c751e8b465ee728b)  -> (artifact id: 'c8613f34787e6fe29676e7d8a43b4762') in 0.016615 seconds 
========================================================================
Received Import Request.
  Time since last request: 0.000023 seconds.
  path: Assets/Sounds/Beep.mp3
  artifactKey: Guid(08baf725ef141174fa73cd3effbf20e0) Importer(815301076,1909f56bfc062723c751e8b465ee728b)
Start importing Assets/Sounds/Beep.mp3 using Guid(08baf725ef141174fa73cd3effbf20e0) Importer(815301076,1909f56bfc062723c751e8b465ee728b)  -> (artifact id: 'f2d9277272f491c6dff5bd8a4042aec2') in 0.018951 seconds 
========================================================================
Received Import Request.
  Time since last request: 0.000030 seconds.
  path: Assets/Sounds/Item Box.mp3
  artifactKey: Guid(63a249cd7807bd142bed1bbe2501c490) Importer(815301076,1909f56bfc062723c751e8b465ee728b)
Start importing Assets/Sounds/Item Box.mp3 using Guid(63a249cd7807bd142bed1bbe2501c490) Importer(815301076,1909f56bfc062723c751e8b465ee728b)  -> (artifact id: 'e4b37a85db29bd2c27f5d64a98e0263a') in 0.017555 seconds 
========================================================================
Received Import Request.
  Time since last request: 0.000024 seconds.
  path: Assets/Sounds/Drift.mp3
  artifactKey: Guid(c0a792b4b37765a408c68af4f84afeca) Importer(815301076,1909f56bfc062723c751e8b465ee728b)
Start importing Assets/Sounds/Drift.mp3 using Guid(c0a792b4b37765a408c68af4f84afeca) Importer(815301076,1909f56bfc062723c751e8b465ee728b)  -> (artifact id: '540bc390c01732a16ab5511dda7eb34f') in 0.017070 seconds 
========================================================================
Received Import Request.
  Time since last request: 0.000042 seconds.
  path: Assets/Sounds/Booster.mp3
  artifactKey: Guid(89453dd9669662f4696902c2798bc63f) Importer(815301076,1909f56bfc062723c751e8b465ee728b)
Start importing Assets/Sounds/Booster.mp3 using Guid(89453dd9669662f4696902c2798bc63f) Importer(815301076,1909f56bfc062723c751e8b465ee728b)  -> (artifact id: 'abd9c0881e4d6d84d32c5526d8824560') in 0.017417 seconds 
========================================================================
Received Import Request.
  Time since last request: 0.000032 seconds.
  path: Assets/Sounds/Light Off.mp3
  artifactKey: Guid(aa36bf64efd1f9d4793b9a685c64b647) Importer(815301076,1909f56bfc062723c751e8b465ee728b)
Start importing Assets/Sounds/Light Off.mp3 using Guid(aa36bf64efd1f9d4793b9a685c64b647) Importer(815301076,1909f56bfc062723c751e8b465ee728b)  -> (artifact id: '65d6d6cbb861938aa71c221d446d81e8') in 0.016452 seconds 
========================================================================
Received Import Request.
  Time since last request: 0.000021 seconds.
  path: Assets/Sounds/Drive.mp3
  artifactKey: Guid(17d62fb0a5eaa7f499e711ab14ed3733) Importer(815301076,1909f56bfc062723c751e8b465ee728b)
Start importing Assets/Sounds/Drive.mp3 using Guid(17d62fb0a5eaa7f499e711ab14ed3733) Importer(815301076,1909f56bfc062723c751e8b465ee728b)  -> (artifact id: '404e5beb4265ad72116fcfe291b4b7e3') in 0.015200 seconds 
========================================================================
Received Import Request.
  Time since last request: 0.000031 seconds.
  path: Assets/Sounds/Passed.mp3
  artifactKey: Guid(25178563cd3672c4fb5cd69ae002b1ec) Importer(815301076,1909f56bfc062723c751e8b465ee728b)
Start importing Assets/Sounds/Passed.mp3 using Guid(25178563cd3672c4fb5cd69ae002b1ec) Importer(815301076,1909f56bfc062723c751e8b465ee728b)  -> (artifact id: '566494c45a28fdbd27af8292beb5a083') in 0.017388 seconds 
========================================================================
Received Import Request.
  Time since last request: 0.000025 seconds.
  path: Assets/Sounds/Ignition.mp3
  artifactKey: Guid(6ecb0113be80c254cac0d0dd3def682b) Importer(815301076,1909f56bfc062723c751e8b465ee728b)
Start importing Assets/Sounds/Ignition.mp3 using Guid(6ecb0113be80c254cac0d0dd3def682b) Importer(815301076,1909f56bfc062723c751e8b465ee728b)  -> (artifact id: '7615b1886c14fb7d060b426e7d65f235') in 0.020820 seconds 
========================================================================
Received Import Request.
  Time since last request: 0.000029 seconds.
  path: Assets/Sounds/Idle.mp3
  artifactKey: Guid(9cb247aef2683744086244a7f4d09a98) Importer(815301076,1909f56bfc062723c751e8b465ee728b)
Start importing Assets/Sounds/Idle.mp3 using Guid(9cb247aef2683744086244a7f4d09a98) Importer(815301076,1909f56bfc062723c751e8b465ee728b)  -> (artifact id: 'aea30e88804a0fdf707465781a1cf3cd') in 0.020246 seconds 
========================================================================
Received Import Request.
  Time since last request: 0.000030 seconds.
  path: Assets/Sounds/Door Open.mp3
  artifactKey: Guid(ee00474f236ba254cbeb1f3c8cad9a85) Importer(815301076,1909f56bfc062723c751e8b465ee728b)
Start importing Assets/Sounds/Door Open.mp3 using Guid(ee00474f236ba254cbeb1f3c8cad9a85) Importer(815301076,1909f56bfc062723c751e8b465ee728b)  -> (artifact id: 'd3c6f5357a9a1b73aea080fed8e75be6') in 0.018921 seconds 
========================================================================
Received Import Request.
  Time since last request: 0.000024 seconds.
  path: Assets/Sounds/Winner.mp3
  artifactKey: Guid(45cfd223653a2e240a27beab53e79678) Importer(815301076,1909f56bfc062723c751e8b465ee728b)
Start importing Assets/Sounds/Winner.mp3 using Guid(45cfd223653a2e240a27beab53e79678) Importer(815301076,1909f56bfc062723c751e8b465ee728b)  -> (artifact id: 'cbd3f51188c1b26fb0666f4dec7b30cf') in 0.019946 seconds 
========================================================================
Received Import Request.
  Time since last request: 0.000045 seconds.
  path: Assets/Sounds/Light On.mp3
  artifactKey: Guid(62364ddfbda02584a8830860a888e4f2) Importer(815301076,1909f56bfc062723c751e8b465ee728b)
Start importing Assets/Sounds/Light On.mp3 using Guid(62364ddfbda02584a8830860a888e4f2) Importer(815301076,1909f56bfc062723c751e8b465ee728b)  -> (artifact id: 'f71c49bcf157488f2f712005f6021f6f') in 0.018752 seconds 
========================================================================
Received Import Request.
  Time since last request: 0.000051 seconds.
  path: Assets/Sounds/Reverse.mp3
  artifactKey: Guid(1f2802952a1bfc44f89b56ec9a37e237) Importer(815301076,1909f56bfc062723c751e8b465ee728b)
Start importing Assets/Sounds/Reverse.mp3 using Guid(1f2802952a1bfc44f89b56ec9a37e237) Importer(815301076,1909f56bfc062723c751e8b465ee728b)  -> (artifact id: '542375631cd7dde3bcb362cf46a4089a') in 0.019224 seconds 
========================================================================
Received Import Request.
  Time since last request: 0.000043 seconds.
  path: Assets/Sounds/Shell Bump.mp3
  artifactKey: Guid(88f624d160b3a24459a456d5cfdbad12) Importer(815301076,1909f56bfc062723c751e8b465ee728b)
Start importing Assets/Sounds/Shell Bump.mp3 using Guid(88f624d160b3a24459a456d5cfdbad12) Importer(815301076,1909f56bfc062723c751e8b465ee728b)  -> (artifact id: '6ae51094f692635ce4e07c409c4a02b8') in 0.016457 seconds 
========================================================================
Received Import Request.
  Time since last request: 0.000026 seconds.
  path: Assets/Sounds/Decelerate.mp3
  artifactKey: Guid(86bcf54c6104c854d9dd8d009c08fcbd) Importer(815301076,1909f56bfc062723c751e8b465ee728b)
Start importing Assets/Sounds/Decelerate.mp3 using Guid(86bcf54c6104c854d9dd8d009c08fcbd) Importer(815301076,1909f56bfc062723c751e8b465ee728b)  -> (artifact id: '9e0d12ee02eebd9bc896aad0e373c4fa') in 0.016153 seconds 
========================================================================
Received Import Request.
  Time since last request: 0.000027 seconds.
  path: Assets/Sounds/Banana Drop.mp3
  artifactKey: Guid(c1666a9ddc300e3478fad7eea04a52b2) Importer(815301076,1909f56bfc062723c751e8b465ee728b)
Start importing Assets/Sounds/Banana Drop.mp3 using Guid(c1666a9ddc300e3478fad7eea04a52b2) Importer(815301076,1909f56bfc062723c751e8b465ee728b)  -> (artifact id: '77abe174a158eab8f6e21108203db221') in 0.017708 seconds 
========================================================================
Received Import Request.
  Time since last request: 0.000023 seconds.
  path: Assets/Sounds/Shell Drop.mp3
  artifactKey: Guid(689c489701e0fb248818f23de68f9259) Importer(815301076,1909f56bfc062723c751e8b465ee728b)
Start importing Assets/Sounds/Shell Drop.mp3 using Guid(689c489701e0fb248818f23de68f9259) Importer(815301076,1909f56bfc062723c751e8b465ee728b)  -> (artifact id: 'e2995c2c1e272befc72c5204d62abc1d') in 0.017809 seconds 
========================================================================
Received Import Request.
  Time since last request: 0.000030 seconds.
  path: Assets/Sounds/Belknap Blitz Night.mp3
  artifactKey: Guid(8bcaf66804cfa5f4dbdeabfd3652cc0c) Importer(815301076,1909f56bfc062723c751e8b465ee728b)
Start importing Assets/Sounds/Belknap Blitz Night.mp3 using Guid(8bcaf66804cfa5f4dbdeabfd3652cc0c) Importer(815301076,1909f56bfc062723c751e8b465ee728b)  -> (artifact id: '6441c81c551cd57c7479f701fd905fc4') in 0.016488 seconds 
Editor requested this worker to shutdown with reason: Scaling down because of idle timeout
AssetImportWorker is now disconnected from the server
Process exiting
Exiting without the bug reporter. Application will terminate with return code 0